================================================================================
Usuario  1: ADMIN
Data      : 26/05/20
Horas     : 14:45:10
SubSystem : BASE
SubCode   : 1004
Variavel  : RUN
Arquivo   : 
Area      : RECEMOV
Indice    : docnr
Descricao : VARIAVEL NAO EXISTE.
Explanacao: A VARIAVEL ESPECIFICADA NAO EXISTE OU NAO E VISIVEL.
Acao      : ENTRE EM CONTATO COM O SUPORTE TECNICO.
Acao      : 
--------------------------------------------------------------------------------
PILHA DE CARGA
                Linha : 000000    Proc : RUN
                Linha : 005930    Proc : SHELLRUN
                Linha : 000769    Proc : CLOSESPOOLER
                Linha : 001047    Proc : PRINTOFF
                Linha : 007731    Proc : RECIBOINDIVIDUAL
                Linha : 010391    Proc : __FUNCAO
                Linha : 000000    Proc : DO
                Linha : 001445    Proc : TRECEPOSI:ACHOICE
                Linha : 000399    Proc : TRECEPOSI:ACHOICE_
                Linha : 010036    Proc : POSIRECEBER
                Linha : 009166    Proc : NEWPOSIRECEBER
                Linha : 000112    Proc : RECELAN
                Linha : 000184    Proc : MAIN$
================================================================================
