Application Internal Error - C:\sci\letodb\utils\manager\managerdbf.exe
Terminated at: 2018-05-01 09:15:22
Unrecoverable error 6005: Exception error:

    Exception Code:C0000005 ACCESS_VIOLATION
    Exception Address:004140EE
    EAX:00000000  EBX:026458BC  ECX:00000000  EDX:FFFFFFFF
    ESI:00000012  EDI:00000005  EBP:0019EF8C
    CS:EIP:0023:004140EE  SS:ESP:002B:0019EF6C
    DS:002B  ES:002B  FS:0053  GS:002B
    Flags:00010293
    Exception Parameters: 00000001 00000000
    CS:EIP: 89 38 57 8B 55 0C 52 83 C0 04 50 E8 CA 1C 0C 00
    SS:ESP: 004E6951 026458BC 0019EFC4 FFFFFFFF 00000001 00000000 00000000 0019EFEC 0019EFAC 0041423A 026458BC 0019EFC4 00000005 004E6951 00000000 026458BC

    C stack:
    EIP:     EBP:       Frame: OldEBP, RetAddr, Params...
    004140EE 0019EF8C   0019EFAC 0041423A 026458BC 0019EFC4 00000005 004E6951 00000000 026458BC
    0041423A 0019EFAC   0019EFCC 00419A1D 026458BC 0019EFC4 00000005 02629714 30303B4D 0019003B
    00419A1D 0019EFCC   0019F000 00429527 026458BC 0019F000 004E6951 00000000 02629714 004354C0 00000032 00000000
    00429527 0019F000   0019F114 0042F220 00000000 004E5F1E 00000000 02629714 00000000 00000000 00000000 00000000
    0042F220 0019F114   0019F13C 004013B4 004E68F6 004E50C8 004354C0 0000002E 00000000 0262CA3C 00000000 00000101
    004013B4 0019F13C   0019F250 0042F220 00000000 FFFFFFFD 0262A30C 02629714 0019F3E0 6FE6B7B0 026C4978 00362000
    0042F220 0019F250   0019F28C 00435864 004E5F1B 004E50C8 005005F6 02629714 004FEE40 00435699 00000000 02629714
    00435864 0019F28C   0019F3A0 0042F2DE 00000002 00500F45 00000000 02629714 00000000 00000000 00000002 0019F2C0
    0042F2DE 0019F3A0   0019F3B0 004123C0 00500587 004FEE20
    004123C0 0019F3B0   0019F3CC 004354C0 00000022 00000000 0264233C 00000000 00000141
    004354C0 0019F3CC   0019F4E0 0042F220 00000002 FFFFFFFF 0262A12C 02629714 00000000 0019F3FC 777C4528 00000004
    0042F220 0019F4E0   0019F51C 00435864 00500F3E 004FEE20 00500137 02629714 004FEE40 00435699 00000000 02629714
    00435864 0019F51C   0019F630 0042F2DE 00000003 0050AADC 02629714 0050A2FC 0265DFC4 044D217C 044D216C 026201C8
    0042F2DE 0019F630   0019F640 00412318 00500107 004FEE20
    00412318 0019F640   0019F664 00435699 00000000 02629714 00000017 00000000 0262CA3C 004A000D 000000B1
    00435699 0019F664   0019F778 0042F2DE 00000003 00000111 02629714 00501C38 00000000 00000003 00000003 00000043
    0042F2DE 0019F778   0019F788 00412C3D 0050A9A7 00509F6C
    00412C3D 0019F788   0019F7AC 00435699 006605AE 0265EE3C 00000011 00000000 0262CA3C 004A000E 00000068
    00435699 0019F7AC   0019F7C4 00405422 00000003 004053AC 006605AE 00000000
    00405422 0019F7C4   0019F7F0 74D9E0BB 006605AE 00000111 000084D5 00420628 006605AE DCBAABCD 00000000 004053AC


Modules:
00400000 00140000 C:\sci\letodb\utils\manager\managerdbf.exe
77D80000 0018D000 C:\windows\SYSTEM32\ntdll.dll
778C0000 000D0000 C:\windows\System32\KERNEL32.DLL
748F0000 001D7000 C:\windows\System32\KERNELBASE.dll
74D80000 00175000 C:\windows\System32\USER32.DLL
751E0000 00016000 C:\windows\System32\win32u.dll
75110000 00022000 C:\windows\System32\GDI32.dll
77710000 0015E000 C:\windows\System32\gdi32full.dll
74F00000 0007C000 C:\windows\System32\msvcp_win.dll
74AD0000 00117000 C:\windows\System32\ucrtbase.dll
74CF0000 00078000 C:\windows\System32\ADVAPI32.DLL
75800000 000BD000 C:\windows\System32\msvcrt.dll
77870000 00043000 C:\windows\System32\sechost.dll
74C30000 000BE000 C:\windows\System32\RPCRT4.dll
747A0000 00020000 C:\windows\System32\SspiCli.dll
74790000 0000A000 C:\windows\System32\CRYPTBASE.dll
75950000 00057000 C:\windows\System32\bcryptPrimitives.dll
747D0000 00066000 C:\windows\System32\WS2_32.DLL
75ED0000 000D4000 C:\windows\System32\COMDLG32.DLL
779D0000 00246000 C:\windows\System32\combase.dll
774C0000 00088000 C:\windows\System32\shcore.dll
759B0000 00045000 C:\windows\System32\SHLWAPI.dll
76160000 01333000 C:\windows\System32\SHELL32.dll
72480000 00030000 C:\windows\SYSTEM32\IPHLPAPI.DLL
74BF0000 00038000 C:\windows\System32\cfgmgr32.dll
75200000 005C6000 C:\windows\System32\windows.storage.dll
6ECD0000 0006C000 C:\windows\SYSTEM32\WINSPOOL.DRV
757F0000 0000E000 C:\windows\System32\kernel.appcore.dll
77550000 00045000 C:\windows\System32\powrprof.dll
757D0000 00014000 C:\windows\System32\profapi.dll
744A0000 0008E000 C:\windows\WinSxS\x86_microsoft.windows.common-controls_6595b64144ccf1df_5.82.16299.309_none_d02304ff5f3aa9de\COMCTL32.DLL
77C20000 000F7000 C:\windows\System32\OLE32.DLL
75140000 00093000 C:\windows\System32\OLEAUT32.DLL
723E0000 00019000 C:\windows\SYSTEM32\bcrypt.dll
72500000 00024000 C:\windows\SYSTEM32\WINMM.DLL
72450000 00023000 C:\windows\SYSTEM32\winmmbase.dll
779A0000 00025000 C:\windows\System32\IMM32.DLL
70620000 00079000 C:\windows\system32\uxtheme.dll
76010000 00144000 C:\windows\System32\MSCTF.dll
705F0000 00023000 C:\windows\system32\dwmapi.dll
70110000 00077000 C:\windows\System32\TextInputFramework.dll
6FE40000 00234000 C:\windows\System32\CoreUIComponents.dll
70080000 0008C000 C:\windows\System32\CoreMessaging.dll
706B0000 00028000 C:\windows\SYSTEM32\ntmarta.dll
6FC10000 000CB000 C:\windows\SYSTEM32\wintypes.dll
6F630000 00211000 C:\windows\WinSxS\x86_microsoft.windows.common-controls_6595b64144ccf1df_6.0.16299.309_none_5d7d0b9ba7da9417\comctl32.DLL
75E40000 00082000 C:\windows\System32\clbcatq.dll
72580000 00055000 C:\windows\system32\mswsock.dll

Called from LETO_MGGETINFO(0)
Called from BASICINFO(257) in managerdbf.prg
Called from (b)MAIN(96) in managerdbf.prg
Called from ONCOMMAND(321) in source\winapi\hcwindow.prg
Called from (b)(_INITSTATICS00004)(0) in source\winapi\hcwindow.prg
Called from HCONTROL:ONEVENT(177) in source\winapi\hcwindow.prg
Called from HPANEL:ONEVENT(104) in source\winapi\hpanel.prg
Called from HWG_ACTIVATEMAINWINDOW(0)
Called from HMAINWINDOW:ACTIVATE(336) in source\winapi\hwindow.prg
Called from MAIN(117) in managerdbf.prg
------------------------------------------------------------------------
Application Internal Error - C:\sci\letodb\utils\manager\managerdbf.exe
Terminated at: 2018-05-01 09:15:37
Unrecoverable error 6005: Exception error:

    Exception Code:C0000005 ACCESS_VIOLATION
    Exception Address:004140EE
    EAX:00000000  EBX:001F5B0C  ECX:00000000  EDX:FFFFFFFF
    ESI:00000012  EDI:00000005  EBP:0019EF8C
    CS:EIP:0023:004140EE  SS:ESP:002B:0019EF6C
    DS:002B  ES:002B  FS:0053  GS:002B
    Flags:00010293
    Exception Parameters: 00000001 00000000
    CS:EIP: 89 38 57 8B 55 0C 52 83 C0 04 50 E8 CA 1C 0C 00
    SS:ESP: 004E6951 001F5B0C 0019EFC4 FFFFFFFF 00000001 00000000 00000000 0019EFEC 0019EFAC 0041423A 001F5B0C 0019EFC4 00000005 004E6951 00000000 001F5B0C

    C stack:
    EIP:     EBP:       Frame: OldEBP, RetAddr, Params...
    004140EE 0019EF8C   0019EFAC 0041423A 001F5B0C 0019EFC4 00000005 004E6951 00000000 001F5B0C
    0041423A 0019EFAC   0019EFCC 00419A1D 001F5B0C 0019EFC4 00000005 001C9714 30303B4D 0019003B
    00419A1D 0019EFCC   0019F000 00429527 001F5B0C 0019F000 004E6951 00000000 001C9714 004354C0 00000032 00000000
    00429527 0019F000   0019F114 0042F220 00000000 004E5F1E 00000000 001C9714 00000000 00000000 00000000 00000000
    0042F220 0019F114   0019F13C 004013B4 004E68F6 004E50C8 004354C0 0000002E 00000000 001CCA3C 00000000 00000101
    004013B4 0019F13C   0019F250 0042F220 00000000 FFFFFFFD 001CA30C 001C9714 0019F3E0 6FE6B7B0 02637928 003E3000
    0042F220 0019F250   0019F28C 00435864 004E5F1B 004E50C8 005005F6 001C9714 004FEE40 00435699 00000000 001C9714
    00435864 0019F28C   0019F3A0 0042F2DE 00000002 00500F45 00000000 001C9714 00000000 00000000 00000002 0019F2C0
    0042F2DE 0019F3A0   0019F3B0 004123C0 00500587 004FEE20
    004123C0 0019F3B0   0019F3CC 004354C0 00000022 00000000 001CE7CC 00000000 00000141
    004354C0 0019F3CC   0019F4E0 0042F220 00000002 FFFFFFFF 001CA12C 001C9714 00000000 0019F3FC 777C4528 00000004
    0042F220 0019F4E0   0019F51C 00435864 00500F3E 004FEE20 00500137 001C9714 004FEE40 00435699 00000000 001C9714
    00435864 0019F51C   0019F630 0042F2DE 00000003 0050AADC 001C9714 0050A2FC 025E1F6C 043D47A4 043D4794 001C01C8
    0042F2DE 0019F630   0019F640 00412318 00500107 004FEE20
    00412318 0019F640   0019F664 00435699 00000000 001C9714 00000017 00000000 001CCA3C 004A000D 000000B1
    00435699 0019F664   0019F778 0042F2DE 00000003 00000111 001C9714 00501C38 00000000 00000003 00000003 00000043
    0042F2DE 0019F778   0019F788 00412C3D 0050A9A7 00509F6C
    00412C3D 0019F788   0019F7AC 00435699 001C06F8 025E5DD4 00000011 00000000 001CCA3C 004A000E 00000068
    00435699 0019F7AC   0019F7C4 00405422 00000003 004053AC 001C06F8 00000000
    00405422 0019F7C4   0019F7F0 74D9E0BB 001C06F8 00000111 000084D5 002707C0 001C06F8 DCBAABCD 00000000 004053AC


Modules:
00400000 00140000 C:\sci\letodb\utils\manager\managerdbf.exe
77D80000 0018D000 C:\windows\SYSTEM32\ntdll.dll
778C0000 000D0000 C:\windows\System32\KERNEL32.DLL
748F0000 001D7000 C:\windows\System32\KERNELBASE.dll
74D80000 00175000 C:\windows\System32\USER32.DLL
751E0000 00016000 C:\windows\System32\win32u.dll
75110000 00022000 C:\windows\System32\GDI32.dll
77710000 0015E000 C:\windows\System32\gdi32full.dll
74F00000 0007C000 C:\windows\System32\msvcp_win.dll
74AD0000 00117000 C:\windows\System32\ucrtbase.dll
74CF0000 00078000 C:\windows\System32\ADVAPI32.DLL
75800000 000BD000 C:\windows\System32\msvcrt.dll
77870000 00043000 C:\windows\System32\sechost.dll
74C30000 000BE000 C:\windows\System32\RPCRT4.dll
747A0000 00020000 C:\windows\System32\SspiCli.dll
74790000 0000A000 C:\windows\System32\CRYPTBASE.dll
75950000 00057000 C:\windows\System32\bcryptPrimitives.dll
747D0000 00066000 C:\windows\System32\WS2_32.DLL
75ED0000 000D4000 C:\windows\System32\COMDLG32.DLL
779D0000 00246000 C:\windows\System32\combase.dll
72480000 00030000 C:\windows\SYSTEM32\IPHLPAPI.DLL
6ECD0000 0006C000 C:\windows\SYSTEM32\WINSPOOL.DRV
774C0000 00088000 C:\windows\System32\shcore.dll
744A0000 0008E000 C:\windows\WinSxS\x86_microsoft.windows.common-controls_6595b64144ccf1df_5.82.16299.309_none_d02304ff5f3aa9de\COMCTL32.DLL
759B0000 00045000 C:\windows\System32\SHLWAPI.dll
76160000 01333000 C:\windows\System32\SHELL32.dll
723E0000 00019000 C:\windows\SYSTEM32\bcrypt.dll
74BF0000 00038000 C:\windows\System32\cfgmgr32.dll
75200000 005C6000 C:\windows\System32\windows.storage.dll
757F0000 0000E000 C:\windows\System32\kernel.appcore.dll
77550000 00045000 C:\windows\System32\powrprof.dll
757D0000 00014000 C:\windows\System32\profapi.dll
77C20000 000F7000 C:\windows\System32\OLE32.DLL
75140000 00093000 C:\windows\System32\OLEAUT32.DLL
72500000 00024000 C:\windows\SYSTEM32\WINMM.DLL
72450000 00023000 C:\windows\SYSTEM32\WINMMBASE.dll
779A0000 00025000 C:\windows\System32\IMM32.DLL
70620000 00079000 C:\windows\system32\uxtheme.dll
76010000 00144000 C:\windows\System32\MSCTF.dll
705F0000 00023000 C:\windows\system32\dwmapi.dll
70110000 00077000 C:\windows\System32\TextInputFramework.dll
6FE40000 00234000 C:\windows\System32\CoreUIComponents.dll
70080000 0008C000 C:\windows\System32\CoreMessaging.dll
706B0000 00028000 C:\windows\SYSTEM32\ntmarta.dll
6FC10000 000CB000 C:\windows\SYSTEM32\wintypes.dll
6F630000 00211000 C:\windows\WinSxS\x86_microsoft.windows.common-controls_6595b64144ccf1df_6.0.16299.309_none_5d7d0b9ba7da9417\comctl32.DLL
75E40000 00082000 C:\windows\System32\clbcatq.dll
72580000 00055000 C:\windows\system32\mswsock.dll

Called from LETO_MGGETINFO(0)
Called from BASICINFO(257) in managerdbf.prg
Called from (b)MAIN(96) in managerdbf.prg
Called from ONCOMMAND(321) in source\winapi\hcwindow.prg
Called from (b)(_INITSTATICS00004)(0) in source\winapi\hcwindow.prg
Called from HCONTROL:ONEVENT(177) in source\winapi\hcwindow.prg
Called from HPANEL:ONEVENT(104) in source\winapi\hpanel.prg
Called from HWG_ACTIVATEMAINWINDOW(0)
Called from HMAINWINDOW:ACTIVATE(336) in source\winapi\hwindow.prg
Called from MAIN(117) in managerdbf.prg
------------------------------------------------------------------------
Application Internal Error - C:\sci\letodb\utils\manager\managerdbf.exe
Terminated at: 2018-05-01 16:08:31
Unrecoverable error 6005: Exception error:

    Exception Code:C0000005 ACCESS_VIOLATION
    Exception Address:004140EE
    EAX:00000000  EBX:043D5B0C  ECX:00000000  EDX:FFFFFFFF
    ESI:00000012  EDI:00000005  EBP:0019EF8C
    CS:EIP:0023:004140EE  SS:ESP:002B:0019EF6C
    DS:002B  ES:002B  FS:0053  GS:002B
    Flags:00010293
    Exception Parameters: 00000001 00000000
    CS:EIP: 89 38 57 8B 55 0C 52 83 C0 04 50 E8 CA 1C 0C 00
    SS:ESP: 004E6951 043D5B0C 0019EFC4 FFFFFFFF 00000001 00000000 00000000 0019EFEC 0019EFAC 0041423A 043D5B0C 0019EFC4 00000005 004E6951 00000000 043D5B0C

    C stack:
    EIP:     EBP:       Frame: OldEBP, RetAddr, Params...
    004140EE 0019EF8C   0019EFAC 0041423A 043D5B0C 0019EFC4 00000005 004E6951 00000000 043D5B0C
    0041423A 0019EFAC   0019EFCC 00419A1D 043D5B0C 0019EFC4 00000005 02639714 30303B4D 0019003B
    00419A1D 0019EFCC   0019F000 00429527 043D5B0C 0019F000 004E6951 00000000 02639714 004354C0 00000032 00000000
    00429527 0019F000   0019F114 0042F220 00000000 004E5F1E 00000000 02639714 00000000 00000000 00000000 00000000
    0042F220 0019F114   0019F13C 004013B4 004E68F6 004E50C8 004354C0 0000002E 00000000 0263CA3C 00000000 00000101
    004013B4 0019F13C   0019F250 0042F220 00000000 FFFFFFFD 0263A30C 02639714 0019F3E0 6FE6B7B0 027225F8 00296000
    0042F220 0019F250   0019F28C 00435864 004E5F1B 004E50C8 005005F6 02639714 004FEE40 00435699 00000000 02639714
    00435864 0019F28C   0019F3A0 0042F2DE 00000002 00500F45 00000000 02639714 00000000 00000000 00000002 0019F2C0
    0042F2DE 0019F3A0   0019F3B0 004123C0 00500587 004FEE20
    004123C0 0019F3B0   0019F3CC 004354C0 00000022 00000000 0263E7CC 00000000 00000141
    004354C0 0019F3CC   0019F4E0 0042F220 00000002 FFFFFFFF 0263A12C 02639714 00000000 0019F3FC 777C4528 00000004
    0042F220 0019F4E0   0019F51C 00435864 00500F3E 004FEE20 00500137 02639714 004FEE40 00435699 00000000 02639714
    00435864 0019F51C   0019F630 0042F2DE 00000003 0050AADC 02639714 0050A2FC 043E0AAC 04592244 04592234 026301C8
    0042F2DE 0019F630   0019F640 00412318 00500107 004FEE20
    00412318 0019F640   0019F664 00435699 00000000 02639714 00000017 00000000 0263CA3C 004A000D 000000B1
    00435699 0019F664   0019F778 0042F2DE 00000003 00000111 02639714 00501C38 00000000 00000003 00000003 00000043
    0042F2DE 0019F778   0019F788 00412C3D 0050A9A7 00509F6C
    00412C3D 0019F788   0019F7AC 00435699 0016084A 0264F02C 00000011 00000000 0263CA3C 004A000E 00000068
    00435699 0019F7AC   0019F7C4 00405422 00000003 004053AC 0016084A 00000000
    00405422 0019F7C4   0019F7F0 74D9E0BB 0016084A 00000111 000084D5 004A0906 0016084A DCBAABCD 00000000 004053AC


Modules:
00400000 00140000 C:\sci\letodb\utils\manager\managerdbf.exe
77D80000 0018D000 C:\windows\SYSTEM32\ntdll.dll
778C0000 000D0000 C:\windows\System32\KERNEL32.DLL
748F0000 001D7000 C:\windows\System32\KERNELBASE.dll
74D80000 00175000 C:\windows\System32\USER32.DLL
751E0000 00016000 C:\windows\System32\win32u.dll
75110000 00022000 C:\windows\System32\GDI32.dll
77710000 0015E000 C:\windows\System32\gdi32full.dll
74F00000 0007C000 C:\windows\System32\msvcp_win.dll
74AD0000 00117000 C:\windows\System32\ucrtbase.dll
74CF0000 00078000 C:\windows\System32\ADVAPI32.DLL
75800000 000BD000 C:\windows\System32\msvcrt.dll
77870000 00043000 C:\windows\System32\sechost.dll
74C30000 000BE000 C:\windows\System32\RPCRT4.dll
747A0000 00020000 C:\windows\System32\SspiCli.dll
74790000 0000A000 C:\windows\System32\CRYPTBASE.dll
75950000 00057000 C:\windows\System32\bcryptPrimitives.dll
747D0000 00066000 C:\windows\System32\WS2_32.DLL
75ED0000 000D4000 C:\windows\System32\COMDLG32.DLL
779D0000 00246000 C:\windows\System32\combase.dll
72480000 00030000 C:\windows\SYSTEM32\IPHLPAPI.DLL
774C0000 00088000 C:\windows\System32\shcore.dll
6ECD0000 0006C000 C:\windows\SYSTEM32\WINSPOOL.DRV
759B0000 00045000 C:\windows\System32\SHLWAPI.dll
744A0000 0008E000 C:\windows\WinSxS\x86_microsoft.windows.common-controls_6595b64144ccf1df_5.82.16299.309_none_d02304ff5f3aa9de\COMCTL32.DLL
76160000 01333000 C:\windows\System32\SHELL32.dll
74BF0000 00038000 C:\windows\System32\cfgmgr32.dll
723E0000 00019000 C:\windows\SYSTEM32\bcrypt.dll
75200000 005C6000 C:\windows\System32\windows.storage.dll
757F0000 0000E000 C:\windows\System32\kernel.appcore.dll
77550000 00045000 C:\windows\System32\powrprof.dll
757D0000 00014000 C:\windows\System32\profapi.dll
77C20000 000F7000 C:\windows\System32\OLE32.DLL
75140000 00093000 C:\windows\System32\OLEAUT32.DLL
72500000 00024000 C:\windows\SYSTEM32\WINMM.DLL
72450000 00023000 C:\windows\SYSTEM32\winmmbase.dll
779A0000 00025000 C:\windows\System32\IMM32.DLL
70620000 00079000 C:\windows\system32\uxtheme.dll
76010000 00144000 C:\windows\System32\MSCTF.dll
705F0000 00023000 C:\windows\system32\dwmapi.dll
70110000 00077000 C:\windows\System32\TextInputFramework.dll
6FE40000 00234000 C:\windows\System32\CoreUIComponents.dll
70080000 0008C000 C:\windows\System32\CoreMessaging.dll
706B0000 00028000 C:\windows\SYSTEM32\ntmarta.dll
6FC10000 000CB000 C:\windows\SYSTEM32\wintypes.dll
6F630000 00211000 C:\windows\WinSxS\x86_microsoft.windows.common-controls_6595b64144ccf1df_6.0.16299.309_none_5d7d0b9ba7da9417\comctl32.DLL
75E40000 00082000 C:\windows\System32\clbcatq.dll
72580000 00055000 C:\windows\system32\mswsock.dll

Called from LETO_MGGETINFO(0)
Called from BASICINFO(257) in managerdbf.prg
Called from (b)MAIN(96) in managerdbf.prg
Called from ONCOMMAND(321) in source\winapi\hcwindow.prg
Called from (b)(_INITSTATICS00004)(0) in source\winapi\hcwindow.prg
Called from HCONTROL:ONEVENT(177) in source\winapi\hcwindow.prg
Called from HPANEL:ONEVENT(104) in source\winapi\hpanel.prg
Called from HWG_ACTIVATEMAINWINDOW(0)
Called from HMAINWINDOW:ACTIVATE(336) in source\winapi\hwindow.prg
Called from MAIN(117) in managerdbf.prg
------------------------------------------------------------------------
