Application Internal Error - C:\sci\src\sci.exe
Terminated at: 2018-03-25 19:41:13
Erro irrecuper vel 6005: Exception error:

    Exception Code:C0000091
    Exception Address:00435634
    EAX:0000FFFC  EBX:001E77FC  ECX:004283F3  EDX:00000000
    ESI:0000FFFC  EDI:001E77FC  EBP:0019E7F4
    CS:EIP:0023:00435634  SS:ESP:002B:0019E7EC
    DS:002B  ES:002B  FS:0053  GS:002B
    Flags:00010246
    Exception Parameters: 00000000
    CS:EIP: DD 45 0C DD 05 A0 56 43 00 D9 C9 DA E9 DF E0 F6
    SS:ESP: 0000FFFC 001E77FC 0019E868 004283F3 001E77FC 004283CA 001E78EC 0000FFFC 006D1FF8 00000000 029CEE0C 029CEFC0 00000000 0019E854 00414FF1 0019E83C

    C stack:
    EIP:     EBP:       Frame: OldEBP, RetAddr, Params...
    00435634 0019E7F4   0019E868 004283F3 001E77FC 004283CA 001E78EC 0000FFFC 006D1FF8 00000000 029CEE0C 029CEFC0
    004283F3 0019E868   0019E984 00425C61 001E77FC 001E77FC 001E78EC 00575624 00000000 029CEE0C 01D4A186 00000683
    00425C61 0019E984   0019E9B8 00415059 006D1EBC 006CD950 0019EAF8 0051473F 006E9320 0019E994 00000000 029CEE0C
    00415059 0019E9B8   0019E9D4 0042C734 000000FF 0000001C 029D4F14 00000000 000102A6
    0042C734 0019E9D4   0019EAE8 00426494 00000004 00565B37 00000000 029CEE0C 0045624E 00000683 0019EAC4 0019EA54
    00426494 0019EAE8   0019EB1C 00405EC1 00575494 0055A9DC 0019EC5C 0051473F 00596D40 0019EAF8 00000000 029CEE0C
    00405EC1 0019EB1C   0019EB38 0042C734 000000ED 0000001C 029D4F14 00000000 00011152
    0042C734 0019EB38   0019EC4C 00426494 00000000 0068CB02 00000000 029CEE0C 0045624E 029B01C8 00456257 04570003
    00426494 0019EC4C   0019EC80 00404F1D 00565737 0055A9DC 0019EDC0 0051473F 00596608 0019EC5C 00000000 029CEE0C
    00404F1D 0019EC80   0019EC9C 0042C734 000000E1 0000001C 029D4F14 00000000 0001047A
    0042C734 0019EC9C   0019EDB0 00426411 00000001 005913DF 00000000 029CEE0C 045B5430 00000030 0019ECD8 00450D19
    00426411 0019EDB0   0019EDE4 00412681 0068C8A4 00682A68 0019EF24 0051473F 006BC1D8 0019EDC0 00000000 029CEE0C
    00412681 0019EDE4   0019EE00 0042C734 000000CB 0000001C 029D4F14 00000000 000104FC
    0042C734 0019EE00   0019EF14 00426494 00000002 00000000 00010003 029D0005 02A1EDA4 0019EE28 0044C14C 02A1A424
    00426494 0019EF14   0019EF48 00406DFD 00590491 0055A9DC 0019F0B8 0051473F 00597448 0019EF24 00000000 029D0005
    00406DFD 0019EF48   0019EF64 0042C734 000000C5 0000001C 029D4F14 00000000 00012817
    0042C734 0019EF64   0019EF94 00465576 00010003 00718B4E 00000000 029CEE0C 0042C734 000000A0 0000001C 029D4F14
    00465576 0019EF94   0019F0A8 00426494 00000004 00714EC0 029CEE0C 00711A54 02878A94 00000054 02867DD0 02867DC8
    00426494 0019F0A8   0019F0DC 0041979D 007172F3 00711004 0019F224 0051473F 00718DFC 0019F0B8 00000000 029CEE0C
    0041979D 0019F0DC   0019F100 0042C90D 00000000 029CEE0C 00000099 0000001C 029D4F14 00F00012 00010568


Modules:
00400000 0037E000 C:\sci\src\sci.exe
77A30000 0018D000 C:\windows\SYSTEM32\ntdll.dll
77460000 000D0000 C:\windows\System32\KERNEL32.DLL
766D0000 001D7000 C:\windows\System32\KERNELBASE.dll
760E0000 000F7000 C:\windows\System32\OLE32.DLL
76920000 00246000 C:\windows\System32\combase.dll
76BB0000 00117000 C:\windows\System32\ucrtbase.dll
744F0000 000BE000 C:\windows\System32\RPCRT4.dll
74450000 00020000 C:\windows\System32\SspiCli.dll
74440000 0000A000 C:\windows\System32\CRYPTBASE.dll
779D0000 00057000 C:\windows\System32\bcryptPrimitives.dll
76EF0000 00043000 C:\windows\System32\sechost.dll
770D0000 00022000 C:\windows\System32\GDI32.dll
77300000 0015E000 C:\windows\System32\gdi32full.dll
77690000 0007C000 C:\windows\System32\msvcp_win.dll
77100000 00175000 C:\windows\System32\USER32.dll
768B0000 00016000 C:\windows\System32\win32u.dll
76040000 00093000 C:\windows\System32\OLEAUT32.DLL
76B70000 00025000 C:\windows\System32\IMM32.DLL

Called from AANTCOMPOSTO(678) in suporte.prg
Called from CALCJUROS(4434) in apoio.prg
Called from DOCERRADO(1146) in apoio.prg
Called from ALTERARECEBER(1276) in recelan.prg
Called from __FUNCAO(10263) in apoio.prg
Called from DO(0)
Called from TRECEPOSI:ACHOICE(1384) in treceposi.prg
Called from TRECEPOSI:ACHOICE_(396) in treceposi.prg
Called from POSIRECEBER(9990) in apoio.prg
Called from NEWPOSIRECEBER(9123) in apoio.prg
Called from __FUNCAODEVEDORES(10978) in recelan.prg
Called from DO(0)
Called from TRECEPOSI:ACHOICE(1384) in treceposi.prg
Called from TRECEPOSI:ACHOICE_(396) in treceposi.prg
Called from GRAFICORECEBERDEVEDORES(10822) in recelan.prg
Called from NEWGRAFICORECEBERDEVEDORES(10710) in recelan.prg
Called from RECELAN(153) in recelan.prg
Called from MAIN(207) in sci.prg
------------------------------------------------------------------------
Application Internal Error - C:\sci\src\sci.exe
Terminated at: 2018-03-25 19:49:34
Erro irrecuper vel 6005: Exception error:

    Exception Code:C0000091
    Exception Address:00435634
    EAX:0000FFFC  EBX:027F114C  ECX:004283F3  EDX:00000000
    ESI:0000FFFC  EDI:027F114C  EBP:0019EF28
    CS:EIP:0023:00435634  SS:ESP:002B:0019EF20
    DS:002B  ES:002B  FS:0053  GS:002B
    Flags:00010246
    Exception Parameters: 00000000
    CS:EIP: DD 45 0C DD 05 A0 56 43 00 D9 C9 DA E9 DF E0 F6
    SS:ESP: 0000FFFC 027F114C 0019EF9C 004283F3 027F114C 004283CA 027F123C 0000FFFC 006D1FF8 00000000 027EEE0C 027EEFC0 00000000 0019EF88 00414FF1 0019EF70

    C stack:
    EIP:     EBP:       Frame: OldEBP, RetAddr, Params...
    00435634 0019EF28   0019EF9C 004283F3 027F114C 004283CA 027F123C 0000FFFC 006D1FF8 00000000 027EEE0C 027EEFC0
    004283F3 0019EF9C   0019F0B8 00425C61 027F114C 027F114C 027F123C 00575624 00000000 027EEE0C 00000001 00000683
    00425C61 0019F0B8   0019F0EC 00415059 006D1EBC 006CD950 0019F22C 0051473F 006E9320 0019F0C8 00000000 027EEE0C
    00415059 0019F0EC   0019F108 0042C734 000000A6 00000010 027FEC3C 00000000 000102A6
    0042C734 0019F108   0019F21C 00426494 00000004 00565B37 00000000 027EEE0C 0045624E 00000683 0019F1F8 0019F188
    00426494 0019F21C   0019F250 00405EC1 00575494 0055A9DC 0019F390 0051473F 00596D40 0019F22C 00000000 027EEE0C
    00405EC1 0019F250   0019F26C 0042C734 00000094 00000010 027FEC3C 00000000 00011152
    0042C734 0019F26C   0019F380 00426494 00000000 0068CB02 00000000 027EEE0C 0045624E 027D01C8 00456257 02950003
    00426494 0019F380   0019F3B4 00404F1D 00565737 0055A9DC 0019F4F4 0051473F 00596608 0019F390 00000000 027EEE0C
    00404F1D 0019F3B4   0019F3D0 0042C734 00000088 00000010 027FEC3C 00000000 0001047A
    0042C734 0019F3D0   0019F4E4 00426411 00000001 005913DF 00000000 027EEE0C 045C1010 00000030 0019F40C 00450D19
    00426411 0019F4E4   0019F518 00412681 0068C8A4 00682A68 0019F658 0051473F 006BC1D8 0019F4F4 00000000 027EEE0C
    00412681 0019F518   0019F534 0042C734 00000072 00000010 027FEC3C 00000000 000104FC
    0042C734 0019F534   0019F648 00426494 00000002 00000000 00010003 027F0005 02912964 0019F55C 0044C14C 0291A494
    00426494 0019F648   0019F67C 00406DFD 00590491 0055A9DC 0019F7EC 0051473F 00597448 0019F658 00000000 027F0005
    00406DFD 0019F67C   0019F698 0042C734 0000006C 00000010 027FEC3C 00000000 00012817
    0042C734 0019F698   0019F6C8 00465576 00010003 00718B4E 00000000 027EEE0C 0042C734 00000047 00000010 027FEC3C
    00465576 0019F6C8   0019F7DC 00426494 00000004 00714EC0 027EEE0C 00711A54 045BBE3C 00000054 027F0184 00000010
    00426494 0019F7DC   0019F810 0041979D 007172F3 00711004 0019F958 0051473F 00718DFC 0019F7EC 00000000 027EEE0C
    0041979D 0019F810   0019F834 0042C90D 00000000 027EEE0C 00000040 00000010 027FEC3C 00F00012 00010568


Modules:
00400000 0037E000 C:\sci\src\sci.exe
77A30000 0018D000 C:\windows\SYSTEM32\ntdll.dll
77460000 000D0000 C:\windows\System32\KERNEL32.DLL
766D0000 001D7000 C:\windows\System32\KERNELBASE.dll
760E0000 000F7000 C:\windows\System32\OLE32.DLL
76920000 00246000 C:\windows\System32\combase.dll
76BB0000 00117000 C:\windows\System32\ucrtbase.dll
744F0000 000BE000 C:\windows\System32\RPCRT4.dll
74450000 00020000 C:\windows\System32\SspiCli.dll
74440000 0000A000 C:\windows\System32\CRYPTBASE.dll
779D0000 00057000 C:\windows\System32\bcryptPrimitives.dll
76EF0000 00043000 C:\windows\System32\sechost.dll
770D0000 00022000 C:\windows\System32\GDI32.dll
77300000 0015E000 C:\windows\System32\gdi32full.dll
77690000 0007C000 C:\windows\System32\msvcp_win.dll
77100000 00175000 C:\windows\System32\USER32.dll
768B0000 00016000 C:\windows\System32\win32u.dll
76040000 00093000 C:\windows\System32\OLEAUT32.DLL
76B70000 00025000 C:\windows\System32\IMM32.DLL

Called from AANTCOMPOSTO(678) in suporte.prg
Called from CALCJUROS(4434) in apoio.prg
Called from DOCERRADO(1146) in apoio.prg
Called from ALTERARECEBER(1276) in recelan.prg
Called from __FUNCAO(10263) in apoio.prg
Called from DO(0)
Called from TRECEPOSI:ACHOICE(1384) in treceposi.prg
Called from TRECEPOSI:ACHOICE_(396) in treceposi.prg
Called from POSIRECEBER(9990) in apoio.prg
Called from NEWPOSIRECEBER(9123) in apoio.prg
Called from RECELAN(126) in recelan.prg
Called from MAIN(207) in sci.prg
------------------------------------------------------------------------
Application Internal Error - C:\sci\src\sci.exe
Terminated at: 2018-03-25 19:51:26
Erro irrecuper vel 6005: Exception error:

    Exception Code:C0000091
    Exception Address:00435634
    EAX:0000FFFC  EBX:0290114C  ECX:004283F3  EDX:00000000
    ESI:0000FFFC  EDI:0290114C  EBP:0019EF28
    CS:EIP:0023:00435634  SS:ESP:002B:0019EF20
    DS:002B  ES:002B  FS:0053  GS:002B
    Flags:00010246
    Exception Parameters: 00000000
    CS:EIP: DD 45 0C DD 05 A0 56 43 00 D9 C9 DA E9 DF E0 F6
    SS:ESP: 0000FFFC 0290114C 0019EF9C 004283F3 0290114C 004283CA 0290123C 0000FFFC 006D1FF8 00000000 028FEE0C 028FEFC0 00000000 0019EF88 00414FF1 0019EF70

    C stack:
    EIP:     EBP:       Frame: OldEBP, RetAddr, Params...
    00435634 0019EF28   0019EF9C 004283F3 0290114C 004283CA 0290123C 0000FFFC 006D1FF8 00000000 028FEE0C 028FEFC0
    004283F3 0019EF9C   0019F0B8 00425C61 0290114C 0290114C 0290123C 00575624 00000000 028FEE0C 00000001 00000683
    00425C61 0019F0B8   0019F0EC 00415059 006D1EBC 006CD950 0019F22C 0051473F 006E9320 0019F0C8 00000000 028FEE0C
    00415059 0019F0EC   0019F108 0042C734 000000A6 00000010 02904F14 00000000 000102A6
    0042C734 0019F108   0019F21C 00426494 00000004 00565B37 00000000 028FEE0C 0045624E 00000683 0019F1F8 0019F188
    00426494 0019F21C   0019F250 00405EC1 00575494 0055A9DC 0019F390 0051473F 00596D40 0019F22C 00000000 028FEE0C
    00405EC1 0019F250   0019F26C 0042C734 00000094 00000010 02904F14 00000000 00011152
    0042C734 0019F26C   0019F380 00426494 00000000 0068CB02 00000000 028FEE0C 0045624E 028E01C8 00456257 04690003
    00426494 0019F380   0019F3B4 00404F1D 00565737 0055A9DC 0019F4F4 0051473F 00596608 0019F390 00000000 028FEE0C
    00404F1D 0019F3B4   0019F3D0 0042C734 00000088 00000010 02904F14 00000000 0001047A
    0042C734 0019F3D0   0019F4E4 00426411 00000001 005913DF 00000000 028FEE0C 0477BBF8 00000030 0019F40C 00450D19
    00426411 0019F4E4   0019F518 00412681 0068C8A4 00682A68 0019F658 0051473F 006BC1D8 0019F4F4 00000000 028FEE0C
    00412681 0019F518   0019F534 0042C734 00000072 00000010 02904F14 00000000 000104FC
    0042C734 0019F534   0019F648 00426494 00000002 00000000 00010003 02900005 02A5291C 0019F55C 0044C14C 02A5A44C
    00426494 0019F648   0019F67C 00406DFD 00590491 0055A9DC 0019F7EC 0051473F 00597448 0019F658 00000000 02900005
    00406DFD 0019F67C   0019F698 0042C734 0000006C 00000010 02904F14 00000000 00012817
    0042C734 0019F698   0019F6C8 00465576 00010003 00718B4E 00000000 028FEE0C 0042C734 00000047 00000010 02904F14
    00465576 0019F6C8   0019F7DC 00426494 00000004 00714EC0 028FEE0C 00711A54 047126CC 00000054 04765F58 04765F50
    00426494 0019F7DC   0019F810 0041979D 007172F3 00711004 0019F958 0051473F 00718DFC 0019F7EC 00000000 028FEE0C
    0041979D 0019F810   0019F834 0042C90D 00000000 028FEE0C 00000040 00000010 02904F14 00F00012 00010568


Modules:
00400000 0037E000 C:\sci\src\sci.exe
77A30000 0018D000 C:\windows\SYSTEM32\ntdll.dll
77460000 000D0000 C:\windows\System32\KERNEL32.DLL
766D0000 001D7000 C:\windows\System32\KERNELBASE.dll
760E0000 000F7000 C:\windows\System32\OLE32.DLL
76920000 00246000 C:\windows\System32\combase.dll
76BB0000 00117000 C:\windows\System32\ucrtbase.dll
744F0000 000BE000 C:\windows\System32\RPCRT4.dll
74450000 00020000 C:\windows\System32\SspiCli.dll
74440000 0000A000 C:\windows\System32\CRYPTBASE.dll
779D0000 00057000 C:\windows\System32\bcryptPrimitives.dll
76EF0000 00043000 C:\windows\System32\sechost.dll
770D0000 00022000 C:\windows\System32\GDI32.dll
77300000 0015E000 C:\windows\System32\gdi32full.dll
77690000 0007C000 C:\windows\System32\msvcp_win.dll
77100000 00175000 C:\windows\System32\USER32.dll
768B0000 00016000 C:\windows\System32\win32u.dll
76040000 00093000 C:\windows\System32\OLEAUT32.DLL
76B70000 00025000 C:\windows\System32\IMM32.DLL

Called from AANTCOMPOSTO(678) in suporte.prg
Called from CALCJUROS(4434) in apoio.prg
Called from DOCERRADO(1146) in apoio.prg
Called from ALTERARECEBER(1276) in recelan.prg
Called from __FUNCAO(10263) in apoio.prg
Called from DO(0)
Called from TRECEPOSI:ACHOICE(1384) in treceposi.prg
Called from TRECEPOSI:ACHOICE_(396) in treceposi.prg
Called from POSIRECEBER(9990) in apoio.prg
Called from NEWPOSIRECEBER(9123) in apoio.prg
Called from RECELAN(126) in recelan.prg
Called from MAIN(207) in sci.prg
------------------------------------------------------------------------
Application Internal Error - C:\sci\src\sci.exe
Terminated at: 2018-03-25 19:54:23
Erro irrecuper vel 6005: Exception error:

    Exception Code:C0000091
    Exception Address:00435634
    EAX:0000FFFC  EBX:0293745C  ECX:004283F3  EDX:00000000
    ESI:0000FFFC  EDI:0293745C  EBP:0019EF28
    CS:EIP:0023:00435634  SS:ESP:002B:0019EF20
    DS:002B  ES:002B  FS:0053  GS:002B
    Flags:00010246
    Exception Parameters: 00000000
    CS:EIP: DD 45 0C DD 05 A0 56 43 00 D9 C9 DA E9 DF E0 F6
    SS:ESP: 0000FFFC 0293745C 0019EF9C 004283F3 0293745C 004283CA 0293754C 0000FFFC 006D1FF8 00000000 02930494 02930648 00000000 0019EF88 00414FF1 0019EF70

    C stack:
    EIP:     EBP:       Frame: OldEBP, RetAddr, Params...
    00435634 0019EF28   0019EF9C 004283F3 0293745C 004283CA 0293754C 0000FFFC 006D1FF8 00000000 02930494 02930648
    004283F3 0019EF9C   0019F0B8 00425C61 0293745C 0293745C 0293754C 00575624 00000000 02930494 00000001 00000683
    00425C61 0019F0B8   0019F0EC 00415059 006D1EBC 006CD950 0019F22C 0051473F 006E9320 0019F0C8 00000000 02930494
    00415059 0019F0EC   0019F108 0042C734 000000A6 00000010 029334EC 00000000 000102A6
    0042C734 0019F108   0019F21C 00426494 00000004 00565B37 00000000 02930494 0045624E 00000683 0019F1F8 0019F188
    00426494 0019F21C   0019F250 00405EC1 00575494 0055A9DC 0019F390 0051473F 00596D40 0019F22C 00000000 02930494
    00405EC1 0019F250   0019F26C 0042C734 00000094 00000010 029334EC 00000000 00011152
    0042C734 0019F26C   0019F380 00426494 00000000 0068CB02 00000000 02930494 0045624E 027D01C8 00456257 046A0003
    00426494 0019F380   0019F3B4 00404F1D 00565737 0055A9DC 0019F4F4 0051473F 00596608 0019F390 00000000 02930494
    00404F1D 0019F3B4   0019F3D0 0042C734 00000088 00000010 029334EC 00000000 0001047A
    0042C734 0019F3D0   0019F4E4 00426411 00000001 005913DF 00000000 02930494 047740B0 00000030 0019F40C 00450D19
    00426411 0019F4E4   0019F518 00412681 0068C8A4 00682A68 0019F658 0051473F 006BC1D8 0019F4F4 00000000 02930494
    00412681 0019F518   0019F534 0042C734 00000072 00000010 029334EC 00000000 000104FC
    0042C734 0019F534   0019F648 00426494 00000002 00000000 00010003 02930005 0463297C 0019F55C 0044C14C 0463A47C
    00426494 0019F648   0019F67C 00406DFD 00590491 0055A9DC 0019F7EC 0051473F 00597448 0019F658 00000000 02930005
    00406DFD 0019F67C   0019F698 0042C734 0000006C 00000010 029334EC 00000000 00012817
    0042C734 0019F698   0019F6C8 00465576 00010003 00718B4E 00000000 02930494 0042C734 00000047 00000010 029334EC
    00465576 0019F6C8   0019F7DC 00426494 00000004 00714EC0 02930494 00711A54 0476D7E4 00000054 0293180C 00000010
    00426494 0019F7DC   0019F810 0041979D 007172F3 00711004 0019F958 0051473F 00718DFC 0019F7EC 00000000 02930494
    0041979D 0019F810   0019F834 0042C90D 00000000 02930494 00000040 00000010 029334EC 00F00012 00010568


Modules:
00400000 0037E000 C:\sci\src\sci.exe
77A30000 0018D000 C:\windows\SYSTEM32\ntdll.dll
77460000 000D0000 C:\windows\System32\KERNEL32.DLL
766D0000 001D7000 C:\windows\System32\KERNELBASE.dll
760E0000 000F7000 C:\windows\System32\OLE32.DLL
76920000 00246000 C:\windows\System32\combase.dll
76BB0000 00117000 C:\windows\System32\ucrtbase.dll
744F0000 000BE000 C:\windows\System32\RPCRT4.dll
74450000 00020000 C:\windows\System32\SspiCli.dll
74440000 0000A000 C:\windows\System32\CRYPTBASE.dll
779D0000 00057000 C:\windows\System32\bcryptPrimitives.dll
76EF0000 00043000 C:\windows\System32\sechost.dll
770D0000 00022000 C:\windows\System32\GDI32.dll
77300000 0015E000 C:\windows\System32\gdi32full.dll
77690000 0007C000 C:\windows\System32\msvcp_win.dll
77100000 00175000 C:\windows\System32\USER32.dll
768B0000 00016000 C:\windows\System32\win32u.dll
76040000 00093000 C:\windows\System32\OLEAUT32.DLL
76B70000 00025000 C:\windows\System32\IMM32.DLL

Called from AANTCOMPOSTO(678) in suporte.prg
Called from CALCJUROS(4434) in apoio.prg
Called from DOCERRADO(1146) in apoio.prg
Called from ALTERARECEBER(1276) in recelan.prg
Called from __FUNCAO(10263) in apoio.prg
Called from DO(0)
Called from TRECEPOSI:ACHOICE(1384) in treceposi.prg
Called from TRECEPOSI:ACHOICE_(396) in treceposi.prg
Called from POSIRECEBER(9990) in apoio.prg
Called from NEWPOSIRECEBER(9123) in apoio.prg
Called from RECELAN(126) in recelan.prg
Called from MAIN(207) in sci.prg
------------------------------------------------------------------------
Application Internal Error - C:\sci\src\sci.exe
Terminated at: 2018-03-25 19:58:56
Erro irrecuper vel 6005: Exception error:

    Exception Code:C0000091
    Exception Address:00435634
    EAX:0000FFFC  EBX:027F114C  ECX:004283F3  EDX:00000000
    ESI:0000FFFC  EDI:027F114C  EBP:0019EF28
    CS:EIP:0023:00435634  SS:ESP:002B:0019EF20
    DS:002B  ES:002B  FS:0053  GS:002B
    Flags:00010246
    Exception Parameters: 00000000
    CS:EIP: DD 45 0C DD 05 A0 56 43 00 D9 C9 DA E9 DF E0 F6
    SS:ESP: 0000FFFC 027F114C 0019EF9C 004283F3 027F114C 004283CA 027F123C 0000FFFC 006D1FF8 00000000 027EEE0C 027EEFC0 00000000 0019EF88 00414FF1 0019EF70

    C stack:
    EIP:     EBP:       Frame: OldEBP, RetAddr, Params...
    00435634 0019EF28   0019EF9C 004283F3 027F114C 004283CA 027F123C 0000FFFC 006D1FF8 00000000 027EEE0C 027EEFC0
    004283F3 0019EF9C   0019F0B8 00425C61 027F114C 027F114C 027F123C 00575624 00000000 027EEE0C 00000001 00000683
    00425C61 0019F0B8   0019F0EC 00415059 006D1EBC 006CD950 0019F22C 0051473F 006E9320 0019F0C8 00000000 027EEE0C
    00415059 0019F0EC   0019F108 0042C734 000000A6 00000010 027F4F14 00000000 000102A6
    0042C734 0019F108   0019F21C 00426494 00000004 00565B37 00000000 027EEE0C 0045624E 00000683 0019F1F8 0019F188
    00426494 0019F21C   0019F250 00405EC1 00575494 0055A9DC 0019F390 0051473F 00596D40 0019F22C 00000000 027EEE0C
    00405EC1 0019F250   0019F26C 0042C734 00000094 00000010 027F4F14 00000000 00011152
    0042C734 0019F26C   0019F380 00426494 00000000 0068CB02 00000000 027EEE0C 0045624E 027D01C8 00456257 045D0003
    00426494 0019F380   0019F3B4 00404F1D 00565737 0055A9DC 0019F4F4 0051473F 00596608 0019F390 00000000 027EEE0C
    00404F1D 0019F3B4   0019F3D0 0042C734 00000088 00000010 027F4F14 00000000 0001047A
    0042C734 0019F3D0   0019F4E4 00426411 00000001 005913DF 00000000 027EEE0C 04634688 00000030 0019F40C 00450D19
    00426411 0019F4E4   0019F518 00412681 0068C8A4 00682A68 0019F658 0051473F 006BC1D8 0019F4F4 00000000 027EEE0C
    00412681 0019F518   0019F534 0042C734 00000072 00000010 027F4F14 00000000 000104FC
    0042C734 0019F534   0019F648 00426494 00000002 00000000 00010003 027F0005 0045624E 027D01C8 00456257 0073BEEC
    00426494 0019F648   0019F67C 00406DFD 00590491 0055A9DC 0019F7EC 0051473F 00597448 0019F658 00000000 027F0005
    00406DFD 0019F67C   0019F698 0042C734 0000006C 00000010 027F4F14 00000000 00012817
    0042C734 0019F698   0019F6C8 00465576 00010003 00718B4E 00000000 027EEE0C 0042C734 00000047 00000010 027F4F14
    00465576 0019F6C8   0019F7DC 00426494 00000004 00714EC0 027EEE0C 00711A54 001C50C4 00000054 027F0184 00000010
    00426494 0019F7DC   0019F810 0041979D 007172F3 00711004 0019F958 0051473F 00718DFC 0019F7EC 00000000 027EEE0C
    0041979D 0019F810   0019F834 0042C90D 00000000 027EEE0C 00000040 00000010 027F4F14 00F00012 00010568


Modules:
00400000 0037E000 C:\sci\src\sci.exe
77A30000 0018D000 C:\windows\SYSTEM32\ntdll.dll
77460000 000D0000 C:\windows\System32\KERNEL32.DLL
766D0000 001D7000 C:\windows\System32\KERNELBASE.dll
760E0000 000F7000 C:\windows\System32\OLE32.DLL
76920000 00246000 C:\windows\System32\combase.dll
76BB0000 00117000 C:\windows\System32\ucrtbase.dll
744F0000 000BE000 C:\windows\System32\RPCRT4.dll
74450000 00020000 C:\windows\System32\SspiCli.dll
74440000 0000A000 C:\windows\System32\CRYPTBASE.dll
779D0000 00057000 C:\windows\System32\bcryptPrimitives.dll
76EF0000 00043000 C:\windows\System32\sechost.dll
770D0000 00022000 C:\windows\System32\GDI32.dll
77300000 0015E000 C:\windows\System32\gdi32full.dll
77690000 0007C000 C:\windows\System32\msvcp_win.dll
77100000 00175000 C:\windows\System32\USER32.dll
768B0000 00016000 C:\windows\System32\win32u.dll
76040000 00093000 C:\windows\System32\OLEAUT32.DLL
76B70000 00025000 C:\windows\System32\IMM32.DLL

Called from AANTCOMPOSTO(678) in suporte.prg
Called from CALCJUROS(4434) in apoio.prg
Called from DOCERRADO(1146) in apoio.prg
Called from ALTERARECEBER(1276) in recelan.prg
Called from __FUNCAO(10263) in apoio.prg
Called from DO(0)
Called from TRECEPOSI:ACHOICE(1384) in treceposi.prg
Called from TRECEPOSI:ACHOICE_(396) in treceposi.prg
Called from POSIRECEBER(9990) in apoio.prg
Called from NEWPOSIRECEBER(9123) in apoio.prg
Called from RECELAN(126) in recelan.prg
Called from MAIN(207) in sci.prg
------------------------------------------------------------------------
Application Internal Error - C:\sci\src\sci.exe
Terminated at: 2018-04-12 11:30:01
Erro irrecuper vel 6005: Exception error:

    Exception Code:C0000091
    Exception Address:004359D4
    EAX:0000FFFC  EBX:001D0E8C  ECX:00428793  EDX:00000000
    ESI:0000FFFC  EDI:001D0E8C  EBP:0019E7F4
    CS:EIP:0023:004359D4  SS:ESP:002B:0019E7EC
    DS:002B  ES:002B  FS:0053  GS:002B
    Flags:00010246
    Exception Parameters: 00000000
    CS:EIP: DD 45 0C DD 05 40 5A 43 00 D9 C9 DA E9 DF E0 F6
    SS:ESP: 0000FFFC 001D0E8C 0019E868 00428793 001D0E8C 0042876A 0471DB7C 0000FFFC 006D2BA0 00000000 045EEDAC 045EEF60 00000000 0019E854 004150CD 0019E83C

    C stack:
    EIP:     EBP:       Frame: OldEBP, RetAddr, Params...
    004359D4 0019E7F4   0019E868 00428793 001D0E8C 0042876A 0471DB7C 0000FFFC 006D2BA0 00000000 045EEDAC 045EEF60
    00428793 0019E868   0019E984 00426001 001D0E8C 001D0E8C 0471DB7C 00573FE6 00000000 045EEDAC 01D4A186 00000683
    00426001 0019E984   0019E9B8 00415135 006D2A64 006CE4E8 0019EAF8 00514ADF 006E9ED0 0019E994 00000000 045EEDAC
    00415135 0019E9B8   0019E9D4 0042CAD4 00000122 00000011 045F249C 00000000 000102A6
    0042CAD4 0019E9D4   0019EAE8 00426834 00000004 0056598B 00000000 045EEDAC 004565EE 00000683 0019EAC4 0019EA54
    00426834 0019EAE8   0019EB1C 00405E95 00573E56 0055A8E0 0019EC5C 00514ADF 00595384 0019EAF8 00000000 045EEDAC
    00405E95 0019EB1C   0019EB38 0042CAD4 00000110 00000011 045F249C 00000000 0001101D
    0042CAD4 0019EB38   0019EC4C 00426834 00000000 0068CC62 00000000 045EEDAC 004565EE 045D01C8 004565F7 04690003
    00426834 0019EC4C   0019EC80 00404F25 0056558B 0055A8E0 0019EDC0 00514ADF 00594C64 0019EC5C 00000000 045EEDAC
    00404F25 0019EC80   0019EC9C 0042CAD4 00000104 00000011 045F249C 00000000 0001045A
    0042CAD4 0019EC9C   0019EDB0 004267B1 00000001 0058F9DA 00000000 045EEDAC 001D09F8 00000030 0019ECD8 004510B9
    004267B1 0019EDB0   0019EDE4 00412729 0068CA04 00682C64 0019EF24 00514ADF 006BCD44 0019EDC0 00000000 045EEDAC
    00412729 0019EDE4   0019EE00 0042CAD4 000000EE 00000011 045F249C 00000000 000104F2
    0042CAD4 0019EE00   0019EF14 00426834 00000002 00000000 00010003 046D0005 004217B5 046095BC 045EEDAC 045EEDAC
    00426834 0019EF14   0019EF48 00406E05 0058EF15 0055A8E0 0019F0B8 00514ADF 00595AA4 0019EF24 00000000 046D0005
    00406E05 0019EF48   0019EF64 0042CAD4 000000E8 00000011 045F249C 00000000 000126DB
    0042CAD4 0019EF64   0019EF94 00465916 00010003 007199E6 00000000 045EEDAC 0042CAD4 000000C3 00000011 045F249C
    00465916 0019EF94   0019F0A8 00426834 00000004 007159F0 045EEDAC 0071261C 001C0BF4 00000054 001D0A00 001D09F8
    00426834 0019F0A8   0019F0DC 00419879 0071818B 00711BCC 0019F224 00514ADF 00719C94 0019F0B8 00000000 045EEDAC
    00419879 0019F0DC   0019F100 0042CCAD 00000000 045EEDAC 000000BC 00000011 045F249C 00F40012 000105A4


Modules:
00400000 0037C000 C:\sci\src\sci.exe
77180000 0018D000 C:\windows\SYSTEM32\ntdll.dll
75A40000 000D0000 C:\windows\System32\KERNEL32.DLL
748A0000 001D7000 C:\windows\System32\KERNELBASE.dll
74CC0000 00175000 C:\windows\System32\USER32.DLL
75CA0000 00016000 C:\windows\System32\win32u.dll
74210000 00022000 C:\windows\System32\GDI32.dll
73F60000 0015E000 C:\windows\System32\gdi32full.dll
754E0000 0007C000 C:\windows\System32\msvcp_win.dll
73CD0000 00117000 C:\windows\System32\ucrtbase.dll
74A80000 000F7000 C:\windows\System32\OLE32.DLL
74240000 00246000 C:\windows\System32\combase.dll
745A0000 000BE000 C:\windows\System32\RPCRT4.dll
73BA0000 00020000 C:\windows\System32\SspiCli.dll
73B90000 0000A000 C:\windows\System32\CRYPTBASE.dll
73C70000 00057000 C:\windows\System32\bcryptPrimitives.dll
74660000 00043000 C:\windows\System32\sechost.dll
73BC0000 00093000 C:\windows\System32\OLEAUT32.DLL
744A0000 00025000 C:\windows\System32\IMM32.DLL

Called from AANTCOMPOSTO(678) in suporte.prg
Called from CALCJUROS(4125) in apoio.prg
Called from DOCERRADO(1114) in apoio.prg
Called from ALTERARECEBER(1266) in recelan.prg
Called from __FUNCAO(9947) in apoio.prg
Called from DO(0)
Called from TRECEPOSI:ACHOICE(1444) in treceposi.prg
Called from TRECEPOSI:ACHOICE_(390) in treceposi.prg
Called from POSIRECEBER(9695) in apoio.prg
Called from NEWPOSIRECEBER(8818) in apoio.prg
Called from __FUNCAO(10422) in apoio.prg
Called from DO(0)
Called from TRECEPOSI:ACHOICE(1444) in treceposi.prg
Called from TRECEPOSI:ACHOICE_(390) in treceposi.prg
Called from POSIRECEBER(9695) in apoio.prg
Called from NEWPOSIRECEBER(8818) in apoio.prg
Called from RECELAN(119) in recelan.prg
Called from MAIN(191) in sci.prg
------------------------------------------------------------------------
Application Internal Error - C:\sci\src\sci.exe
Terminated at: 2018-05-05 18:42:31
Erro irrecuper vel 9009: hb_xrealloc nao pode realocar mem¢ria
Called from TINI:READSTRING(233) in tini.prg
Called from SETAINI(695) in sci.prg
Called from SENHAERRADA(1266) in sci.prg
Called from (b)USUARIO(1188) in sci.prg
Called from GETPOSTVALIDATE(875) in getsys.prg
Called from GETREADER(159) in getsys.prg
Called from READMODAL(116) in getsys.prg
Called from USUARIO(1189) in sci.prg
Called from MAIN(118) in sci.prg
------------------------------------------------------------------------
Application Internal Error - Z:\SYS\SCI\SCI.EXE
Terminated at: 2018-07-27 14:08:21
Erro irrecuper vel 6005: Exception error:

    Exception Code:C0000006 IN_PAGE_ERROR
    Exception Address:004470CB
    EAX:006990A8  EBX:003F2F14  ECX:003F30C8  EDX:00000000
    ESI:00000000  EDI:006AA4D5  EBP:0013F4E4
    CS:EIP:001B:004470CB  SS:ESP:0023:0013F3DC
    DS:0023  ES:0023  FS:003B  GS:0000
    Flags:00010246
    Exception Parameters: 00000000 006AA4D5 C0000034
    CS:EIP: 8A 17 81 FA B4 00 00 00 0F 87 2D 22 00 00 FF 24
    SS:ESP: 005FBE6E 00000000 003F2F14 00000001 0000000C 0013F480 00000004 0013F488 01A4FEC0 00000024 000000C8 00000053 0013F428 0044337C 01A4FEC4 00000020

    C stack:
    EIP:     EBP:       Frame: OldEBP, RetAddr, Params...
    004470CB 0013F4E4   0013F518 0041021D 006AA4D5 006990A8 0013F658 0057DC23 006D54F8 0013F4F4 00000000 003F2F14
    0041021D 0013F518   0013F534 0044DF44 00000073 00000010 003F72A4 00000000 00000000
    0044DF44 0013F534   0013F648 00447CA4 00000004 00000000 00010003 003F0005 00442C25 003F68B4 003F2F14 003F2F14
    00447CA4 0013F648   0013F67C 00407531 005F9F2F 005CBA44 0013F7EC 0057DC23 00600AA0 0013F658 00000000 003F0005
    00407531 0013F67C   0013F698 0044DF44 0000006D 00000010 003F72A4 00000000 00012580
    0044DF44 0013F698   0013F6C8 00486FC6 00010003 0078E38E 00000000 003F2F14 0044DF44 00000048 00000010 003F72A4
    00486FC6 0013F6C8   0013F7DC 00447CA4 00000004 0078A388 003F2F14 00786EB8 01A64F04 00000054 01A5B100 01A5B0F8
    00447CA4 0013F7DC   0013F810 0041A269 0078CB33 00786458 0013F958 0057DC23 0078E63C 0013F7EC 00000000 003F2F14
    0041A269 0013F810   0013F834 0044E11D 00000000 003F2F14 00000041 00000010 003F72A4 00F4000F 000105A5
    0044E11D 0013F834   0013F948 00447D62 0000000D 005F9ECC 003F2F14 005CEBD4 00000006 003F2F14 003D0008 003D0148
    00447D62 0013F948   0013F97C 00419D21 0078A2D0 00786458 0013FAC4 0057DC23 0078A394 0013F958 00000000 003F2F14
    00419D21 0013F97C   0013F9A0 0044E11D 00000000 003F2F14 0000001A 00000001 003F72A4 00F3000F 0001018F
    0044E11D 0013F9A0   0013FAB4 00447D62 00000004 005F653F 00000000 003F2F14 01A43710 01A43708 003F8D54 0000000D
    00447D62 0013FAB4   0013FAE8 004074FD 005F6554 005CBA44 0013FC28 0057DC23 00600A88 0013FAC4 00000000 003F2F14
    004074FD 0013FAE8   0013FB04 0044DF44 0000000F 00000000 003F6834 00000000 000122FE
    0044DF44 0013FB04   0013FC18 00447C21 00000009 006F2984 00000001 003F2F14 0013FB38 00477A5E 003D01C8 00477A67
    00447C21 0013FC18   0013FC4C 004074C9 005F647C 005CBA44 0013FD8C 0057DC23 00600A70 0013FC28 00000000 003F2F14
    004074C9 0013FC4C   0013FC68 0044DF44 00000009 00000000 003F6834 00000000 00011F98
    0044DF44 0013FC68   0013FD7C 00447C21 00000003 005854CC 00000001 003F2F14 0013FC9C 00477A5E 003D01C8 00477A67
    00447C21 0013FD7C   0013FDB0 00412B15 006F2178 006EEE14 0013FEF0 0057DC23 0072D628 0013FD8C 00000000 003F2F14


Modules:
00400000 00415000 Z:\SYS\SCI\SCI.EXE
77060000 0016A000 C:\Windows\SYSTEM32\ntdll.dll
75830000 00100000 C:\Windows\system32\KERNEL32.DLL
748F0000 000D9000 C:\Windows\system32\KERNELBASE.dll
75950000 00155000 C:\Windows\system32\USER32.DLL
75060000 00112000 C:\Windows\system32\GDI32.DLL
74C70000 0007C000 C:\Windows\system32\ADVAPI32.DLL
75B00000 0004F000 C:\Windows\system32\WS2_32.DLL
70990000 00020000 C:\Windows\SYSTEM32\IPHLPAPI.DLL
6F060000 00065000 C:\Windows\SYSTEM32\WINSPOOL.DRV
74EE0000 00129000 C:\Windows\system32\OLE32.DLL
75530000 00097000 C:\Windows\system32\OLEAUT32.DLL
720A0000 00023000 C:\Windows\SYSTEM32\WINMM.DLL
75B50000 000C3000 C:\Windows\system32\msvcrt.dll
75010000 00041000 C:\Windows\SYSTEM32\sechost.dll
75460000 000D0000 C:\Windows\system32\RPCRT4.dll
75930000 00007000 C:\Windows\system32\NSI.dll
71F60000 00008000 C:\Windows\SYSTEM32\WINNSI.DLL
756B0000 0017D000 C:\Windows\SYSTEM32\combase.dll
72070000 00023000 C:\Windows\SYSTEM32\WINMMBASE.dll
748C0000 00023000 C:\Windows\system32\SspiCli.dll
749D0000 0003C000 C:\Windows\SYSTEM32\cfgmgr32.dll
739E0000 00021000 C:\Windows\SYSTEM32\DEVOBJ.dll
755F0000 00026000 C:\Windows\system32\IMM32.DLL
75340000 00112000 C:\Windows\system32\MSCTF.dll
6D280000 00011000 C:\Windows\system32\napinsp.dll
6D3D0000 00016000 C:\Windows\system32\pnrpnsp.dll
73340000 00014000 C:\Windows\system32\NLAapi.dll
74200000 0004B000 C:\Windows\System32\mswsock.dll
74070000 0007E000 C:\Windows\SYSTEM32\DNSAPI.dll
6D500000 0000A000 C:\Windows\System32\winrnr.dll
70420000 00046000 C:\Windows\System32\fwpuclnt.dll
6EF80000 00008000 C:\Windows\System32\rasadhlp.dll

Called from MANUFATURA(0) in orcalan.prg
Called from __FUNCAO(9600) in apoio.prg
Called from DO(0)
Called from TRECEPOSI:ACHOICE(1445) in treceposi.prg
Called from TRECEPOSI:ACHOICE_(399) in treceposi.prg
Called from POSIRECEBER(8958) in apoio.prg
Called from NEWPOSIRECEBER(8088) in apoio.prg
Called from RECELAN(111) in recelan.prg
Called from MAIN(184) in sci.prg
------------------------------------------------------------------------
Application Internal Error - C:\SCI\SCI.EXE
Terminated at: 2018-07-27 14:37:51
Erro irrecuper vel 9201: hb_cdxPageSeekKey: wrong parent key.
Called from DBSEEK(0)
Called from ACHAULTVCTO(7490) in apoio.prg
Called from (b)POSIRECEBER(8185) in apoio.prg
Called from GETPOSTVALIDATE(875) in getsys.prg
Called from GETREADER(159) in getsys.prg
Called from READMODAL(116) in getsys.prg
Called from POSIRECEBER(8188) in apoio.prg
Called from NEWPOSIRECEBER(8088) in apoio.prg
Called from RECELAN(111) in recelan.prg
Called from MAIN(184) in sci.prg
------------------------------------------------------------------------
Application Internal Error - C:\SCI\SCI.EXE
Terminated at: 2018-07-27 14:38:02
Erro irrecuper vel 9201: hb_cdxPageSeekKey: wrong parent key.
Called from DBSEEK(0)
Called from ACHAULTVCTO(7490) in apoio.prg
Called from (b)POSIRECEBER(8185) in apoio.prg
Called from GETPOSTVALIDATE(875) in getsys.prg
Called from GETREADER(159) in getsys.prg
Called from READMODAL(116) in getsys.prg
Called from POSIRECEBER(8188) in apoio.prg
Called from NEWPOSIRECEBER(8088) in apoio.prg
Called from RECELAN(111) in recelan.prg
Called from MAIN(184) in sci.prg
------------------------------------------------------------------------
Application Internal Error - C:\SCI\SCI.EXE
Terminated at: 2018-07-27 14:38:14
Erro irrecuper vel 9201: hb_cdxPageSeekKey: wrong parent key.
Called from DBSEEK(0)
Called from ACHAULTVCTO(7490) in apoio.prg
Called from (b)POSIRECEBER(8185) in apoio.prg
Called from GETPOSTVALIDATE(875) in getsys.prg
Called from GETREADER(159) in getsys.prg
Called from READMODAL(116) in getsys.prg
Called from POSIRECEBER(8188) in apoio.prg
Called from NEWPOSIRECEBER(8088) in apoio.prg
Called from RECELAN(111) in recelan.prg
Called from MAIN(184) in sci.prg
------------------------------------------------------------------------
Application Internal Error - C:\SYS\SCI\sci.exe
Terminated at: 2018-08-11 08:48:45
Erro irrecuper vel 6005: Exception error:

    Exception Code:C0000091
    Exception Address:00456E44
    EAX:0000FFFC  EBX:009E3C04  ECX:00449C03  EDX:00000000
    ESI:0000FFFC  EDI:009E3C04  EBP:0019F7C0
    CS:EIP:0023:00456E44  SS:ESP:002B:0019F7B8
    DS:002B  ES:002B  FS:0053  GS:002B
    Flags:00010246
    Exception Parameters: 00000000
    CS:EIP: DD 45 0C DD 05 B0 6E 45 00 D9 C9 DA E9 DF E0 F6
    SS:ESP: 0000FFFC 009E3C04 0019F834 00449C03 009E3C04 00449BDA 009E3CF4 0000FFFC 007436AC 00000000 009E2F44 009E30F8 00000000 0019F820 0041575D 0019F808

    C stack:
    EIP:     EBP:       Frame: OldEBP, RetAddr, Params...
    00456E44 0019F7C0   0019F834 00449C03 009E3C04 00449BDA 009E3CF4 0000FFFC 007436AC 00000000 009E2F44 009E30F8
    00449C03 0019F834   0019F950 00447471 009E3C04 009E3C04 009E3CF4 00724C70 00000000 009E2F44 02E69E12 0000000D
    00447471 0019F950   0019F984 004157C5 00743570 0073EF6C 0019FAC4 0057DC23 0075AB58 0019F960 00000000 009E2F44
    004157C5 0019F984   0019F9A0 0044DF44 00000018 00000000 009E873C 00000000 0001029C
    0044DF44 0019F9A0   0019FAB4 00447CA4 00000004 00723E24 00000000 009E2F44 02E4F398 02E4F390 00000080 0019F9E0
    00447CA4 0019FAB4   0019FAE8 00413EC9 0072485B 006EEDEC 0019FC28 0057DC23 0072DF18 0019FAC4 00000000 009E2F44
    00413EC9 0019FAE8   0019FB04 0044DF44 0000000F 00000000 009E873C 00000000 0001278D
    0044DF44 0019FB04   0019FC18 00447C21 00000002 006F24F6 00000001 009E2F44 0019FB38 00477A5E 009301C8 00477A67
    00447C21 0019FC18   0019FC4C 00413E2D 00723BDE 006EEDEC 0019FD8C 0057DC23 0072DED0 0019FC28 00000000 009E2F44
    00413E2D 0019FC4C   0019FC68 0044DF44 00000009 00000000 009E873C 00000000 000126C9
    0044DF44 0019FC68   0019FD7C 00447C21 00000001 005854CC 00000001 009E2F44 0019FC9C 00477A5E 009301C8 00477A67
    00447C21 0019FD7C   0019FDB0 00412B15 006F2150 006EEDEC 0019FEF0 0057DC23 0072D600 0019FD8C 00000000 009E2F44
    00412B15 0019FDB0   0019FDCC 0044DF44 00000001 00000000 009E873C 00000000 00010048
    0044DF44 0019FDCC   0019FEE0 00447C21 00000000 0040139C 00000001 007BBBD0 00000000 00000000 00000000 0019FF04
    00447C21 0019FEE0   0019FF14 004015AD 00584E6C 005810C8 0019FF70 0057DC23 005BBF1C 0019FEF0 00000000 007BBBD0
    004015AD 0019FF14   0019FF30 0044DF44 00000000 00000000 00000000 00000000 000100B8
    0044DF44 0019FF30   0019FF44 00446F46 00000000 00581048 002E0000
    00446F46 0019FF44   0019FF50 0047CECE 00000001
    0047CECE 0019FF50   0019FF78 0057D508 00000001 02A6A680 02A5B1F0 FFFFFFFF 0040139C 002E0000 0019FFCC 0057E66C
    0057D508 0019FF78   0019FF94 00000000 00581048 77828484 002E0000 77828460 D2365294


Modules:
00400000 00415000 C:\SYS\SCI\sci.exe
779E0000 00190000 C:\WINDOWS\SYSTEM32\ntdll.dll
77810000 000E0000 C:\WINDOWS\System32\KERNEL32.DLL
74780000 001E4000 C:\WINDOWS\System32\KERNELBASE.dll
707C0000 0009D000 C:\WINDOWS\SYSTEM32\apphelp.dll
69000000 00281000 C:\WINDOWS\SYSTEM32\AcLayers.DLL
74380000 000BF000 C:\WINDOWS\System32\msvcrt.dll
76CD0000 0018D000 C:\WINDOWS\System32\USER32.dll
77370000 00017000 C:\WINDOWS\System32\win32u.dll
75540000 00022000 C:\WINDOWS\System32\GDI32.dll
76B50000 00164000 C:\WINDOWS\System32\gdi32full.dll
771E0000 0007D000 C:\WINDOWS\System32\msvcp_win.dll
74DF0000 0011E000 C:\WINDOWS\System32\ucrtbase.dll
75600000 0134A000 C:\WINDOWS\System32\SHELL32.dll
74970000 00039000 C:\WINDOWS\System32\cfgmgr32.dll
742E0000 00088000 C:\WINDOWS\System32\shcore.dll
772B0000 000C0000 C:\WINDOWS\System32\RPCRT4.dll
742A0000 00020000 C:\WINDOWS\System32\SspiCli.dll
74290000 0000A000 C:\WINDOWS\System32\CRYPTBASE.dll
77610000 00058000 C:\WINDOWS\System32\bcryptPrimitives.dll
77260000 00044000 C:\WINDOWS\System32\sechost.dll
76F20000 0025C000 C:\WINDOWS\System32\combase.dll
74F10000 005BA000 C:\WINDOWS\System32\windows.storage.dll
75570000 00078000 C:\WINDOWS\System32\advapi32.dll
746D0000 00045000 C:\WINDOWS\System32\shlwapi.dll
75530000 0000F000 C:\WINDOWS\System32\kernel.appcore.dll
742C0000 00018000 C:\WINDOWS\System32\profapi.dll
76950000 00045000 C:\WINDOWS\System32\powrprof.dll
755F0000 00008000 C:\WINDOWS\System32\FLTLIB.DLL
77470000 00096000 C:\WINDOWS\System32\OLEAUT32.dll
749B0000 0042B000 C:\WINDOWS\System32\SETUPAPI.dll
6E9F0000 00018000 C:\WINDOWS\SYSTEM32\MPR.dll
66680000 00003000 C:\WINDOWS\SYSTEM32\sfc.dll
6DED0000 0006C000 C:\WINDOWS\SYSTEM32\WINSPOOL.DRV
6DCF0000 00180000 C:\WINDOWS\SYSTEM32\PROPSYS.dll
741C0000 00030000 C:\WINDOWS\SYSTEM32\IPHLPAPI.DLL
717B0000 00019000 C:\WINDOWS\SYSTEM32\bcrypt.dll
6C2F0000 00010000 C:\WINDOWS\SYSTEM32\sfc_os.DLL
6C2D0000 00012000 C:\WINDOWS\SYSTEM32\SortWindows6Compat.dll
76E60000 00026000 C:\WINDOWS\System32\IMM32.DLL
74440000 00067000 C:\WINDOWS\System32\WS2_32.DLL
77510000 000FC000 C:\WINDOWS\System32\OLE32.DLL
74190000 00024000 C:\WINDOWS\SYSTEM32\WINMM.DLL
74160000 00023000 C:\WINDOWS\SYSTEM32\winmmbase.dll
70B80000 00011000 C:\WINDOWS\system32\napinsp.dll
70B60000 00016000 C:\WINDOWS\system32\pnrpnsp.dll
70B40000 00013000 C:\WINDOWS\system32\NLAapi.dll
740A0000 00056000 C:\WINDOWS\System32\mswsock.dll
70AB0000 0008E000 C:\WINDOWS\SYSTEM32\DNSAPI.dll
74770000 00007000 C:\WINDOWS\System32\NSI.dll
70AA0000 0000C000 C:\WINDOWS\System32\winrnr.dll
73EE0000 0004F000 C:\WINDOWS\System32\fwpuclnt.dll
73F30000 00008000 C:\Windows\System32\rasadhlp.dll

Called from AANTCOMPOSTO(668) in suporte.prg
Called from ALTJRGERAL(10125) in recelan.prg
Called from MENUTXJUROS(9929) in recelan.prg
Called from RECELAN(72) in recelan.prg
Called from MAIN(184) in sci.prg
------------------------------------------------------------------------
