Application Internal Error - C:\sci\src\sci.exe
Terminated at: 2018-03-25 19:41:13
Erro irrecuper vel 6005: Exception error:

    Exception Code:C0000091
    Exception Address:00435634
    EAX:0000FFFC  EBX:001E77FC  ECX:004283F3  EDX:00000000
    ESI:0000FFFC  EDI:001E77FC  EBP:0019E7F4
    CS:EIP:0023:00435634  SS:ESP:002B:0019E7EC
    DS:002B  ES:002B  FS:0053  GS:002B
    Flags:00010246
    Exception Parameters: 00000000
    CS:EIP: DD 45 0C DD 05 A0 56 43 00 D9 C9 DA E9 DF E0 F6
    SS:ESP: 0000FFFC 001E77FC 0019E868 004283F3 001E77FC 004283CA 001E78EC 0000FFFC 006D1FF8 00000000 029CEE0C 029CEFC0 00000000 0019E854 00414FF1 0019E83C

    C stack:
    EIP:     EBP:       Frame: OldEBP, RetAddr, Params...
    00435634 0019E7F4   0019E868 004283F3 001E77FC 004283CA 001E78EC 0000FFFC 006D1FF8 00000000 029CEE0C 029CEFC0
    004283F3 0019E868   0019E984 00425C61 001E77FC 001E77FC 001E78EC 00575624 00000000 029CEE0C 01D4A186 00000683
    00425C61 0019E984   0019E9B8 00415059 006D1EBC 006CD950 0019EAF8 0051473F 006E9320 0019E994 00000000 029CEE0C
    00415059 0019E9B8   0019E9D4 0042C734 000000FF 0000001C 029D4F14 00000000 000102A6
    0042C734 0019E9D4   0019EAE8 00426494 00000004 00565B37 00000000 029CEE0C 0045624E 00000683 0019EAC4 0019EA54
    00426494 0019EAE8   0019EB1C 00405EC1 00575494 0055A9DC 0019EC5C 0051473F 00596D40 0019EAF8 00000000 029CEE0C
    00405EC1 0019EB1C   0019EB38 0042C734 000000ED 0000001C 029D4F14 00000000 00011152
    0042C734 0019EB38   0019EC4C 00426494 00000000 0068CB02 00000000 029CEE0C 0045624E 029B01C8 00456257 04570003
    00426494 0019EC4C   0019EC80 00404F1D 00565737 0055A9DC 0019EDC0 0051473F 00596608 0019EC5C 00000000 029CEE0C
    00404F1D 0019EC80   0019EC9C 0042C734 000000E1 0000001C 029D4F14 00000000 0001047A
    0042C734 0019EC9C   0019EDB0 00426411 00000001 005913DF 00000000 029CEE0C 045B5430 00000030 0019ECD8 00450D19
    00426411 0019EDB0   0019EDE4 00412681 0068C8A4 00682A68 0019EF24 0051473F 006BC1D8 0019EDC0 00000000 029CEE0C
    00412681 0019EDE4   0019EE00 0042C734 000000CB 0000001C 029D4F14 00000000 000104FC
    0042C734 0019EE00   0019EF14 00426494 00000002 00000000 00010003 029D0005 02A1EDA4 0019EE28 0044C14C 02A1A424
    00426494 0019EF14   0019EF48 00406DFD 00590491 0055A9DC 0019F0B8 0051473F 00597448 0019EF24 00000000 029D0005
    00406DFD 0019EF48   0019EF64 0042C734 000000C5 0000001C 029D4F14 00000000 00012817
    0042C734 0019EF64   0019EF94 00465576 00010003 00718B4E 00000000 029CEE0C 0042C734 000000A0 0000001C 029D4F14
    00465576 0019EF94   0019F0A8 00426494 00000004 00714EC0 029CEE0C 00711A54 02878A94 00000054 02867DD0 02867DC8
    00426494 0019F0A8   0019F0DC 0041979D 007172F3 00711004 0019F224 0051473F 00718DFC 0019F0B8 00000000 029CEE0C
    0041979D 0019F0DC   0019F100 0042C90D 00000000 029CEE0C 00000099 0000001C 029D4F14 00F00012 00010568


Modules:
00400000 0037E000 C:\sci\src\sci.exe
77A30000 0018D000 C:\windows\SYSTEM32\ntdll.dll
77460000 000D0000 C:\windows\System32\KERNEL32.DLL
766D0000 001D7000 C:\windows\System32\KERNELBASE.dll
760E0000 000F7000 C:\windows\System32\OLE32.DLL
76920000 00246000 C:\windows\System32\combase.dll
76BB0000 00117000 C:\windows\System32\ucrtbase.dll
744F0000 000BE000 C:\windows\System32\RPCRT4.dll
74450000 00020000 C:\windows\System32\SspiCli.dll
74440000 0000A000 C:\windows\System32\CRYPTBASE.dll
779D0000 00057000 C:\windows\System32\bcryptPrimitives.dll
76EF0000 00043000 C:\windows\System32\sechost.dll
770D0000 00022000 C:\windows\System32\GDI32.dll
77300000 0015E000 C:\windows\System32\gdi32full.dll
77690000 0007C000 C:\windows\System32\msvcp_win.dll
77100000 00175000 C:\windows\System32\USER32.dll
768B0000 00016000 C:\windows\System32\win32u.dll
76040000 00093000 C:\windows\System32\OLEAUT32.DLL
76B70000 00025000 C:\windows\System32\IMM32.DLL

Called from AANTCOMPOSTO(678) in suporte.prg
Called from CALCJUROS(4434) in apoio.prg
Called from DOCERRADO(1146) in apoio.prg
Called from ALTERARECEBER(1276) in recelan.prg
Called from __FUNCAO(10263) in apoio.prg
Called from DO(0)
Called from TRECEPOSI:ACHOICE(1384) in treceposi.prg
Called from TRECEPOSI:ACHOICE_(396) in treceposi.prg
Called from POSIRECEBER(9990) in apoio.prg
Called from NEWPOSIRECEBER(9123) in apoio.prg
Called from __FUNCAODEVEDORES(10978) in recelan.prg
Called from DO(0)
Called from TRECEPOSI:ACHOICE(1384) in treceposi.prg
Called from TRECEPOSI:ACHOICE_(396) in treceposi.prg
Called from GRAFICORECEBERDEVEDORES(10822) in recelan.prg
Called from NEWGRAFICORECEBERDEVEDORES(10710) in recelan.prg
Called from RECELAN(153) in recelan.prg
Called from MAIN(207) in sci.prg
------------------------------------------------------------------------
Application Internal Error - C:\sci\src\sci.exe
Terminated at: 2018-03-25 19:49:34
Erro irrecuper vel 6005: Exception error:

    Exception Code:C0000091
    Exception Address:00435634
    EAX:0000FFFC  EBX:027F114C  ECX:004283F3  EDX:00000000
    ESI:0000FFFC  EDI:027F114C  EBP:0019EF28
    CS:EIP:0023:00435634  SS:ESP:002B:0019EF20
    DS:002B  ES:002B  FS:0053  GS:002B
    Flags:00010246
    Exception Parameters: 00000000
    CS:EIP: DD 45 0C DD 05 A0 56 43 00 D9 C9 DA E9 DF E0 F6
    SS:ESP: 0000FFFC 027F114C 0019EF9C 004283F3 027F114C 004283CA 027F123C 0000FFFC 006D1FF8 00000000 027EEE0C 027EEFC0 00000000 0019EF88 00414FF1 0019EF70

    C stack:
    EIP:     EBP:       Frame: OldEBP, RetAddr, Params...
    00435634 0019EF28   0019EF9C 004283F3 027F114C 004283CA 027F123C 0000FFFC 006D1FF8 00000000 027EEE0C 027EEFC0
    004283F3 0019EF9C   0019F0B8 00425C61 027F114C 027F114C 027F123C 00575624 00000000 027EEE0C 00000001 00000683
    00425C61 0019F0B8   0019F0EC 00415059 006D1EBC 006CD950 0019F22C 0051473F 006E9320 0019F0C8 00000000 027EEE0C
    00415059 0019F0EC   0019F108 0042C734 000000A6 00000010 027FEC3C 00000000 000102A6
    0042C734 0019F108   0019F21C 00426494 00000004 00565B37 00000000 027EEE0C 0045624E 00000683 0019F1F8 0019F188
    00426494 0019F21C   0019F250 00405EC1 00575494 0055A9DC 0019F390 0051473F 00596D40 0019F22C 00000000 027EEE0C
    00405EC1 0019F250   0019F26C 0042C734 00000094 00000010 027FEC3C 00000000 00011152
    0042C734 0019F26C   0019F380 00426494 00000000 0068CB02 00000000 027EEE0C 0045624E 027D01C8 00456257 02950003
    00426494 0019F380   0019F3B4 00404F1D 00565737 0055A9DC 0019F4F4 0051473F 00596608 0019F390 00000000 027EEE0C
    00404F1D 0019F3B4   0019F3D0 0042C734 00000088 00000010 027FEC3C 00000000 0001047A
    0042C734 0019F3D0   0019F4E4 00426411 00000001 005913DF 00000000 027EEE0C 045C1010 00000030 0019F40C 00450D19
    00426411 0019F4E4   0019F518 00412681 0068C8A4 00682A68 0019F658 0051473F 006BC1D8 0019F4F4 00000000 027EEE0C
    00412681 0019F518   0019F534 0042C734 00000072 00000010 027FEC3C 00000000 000104FC
    0042C734 0019F534   0019F648 00426494 00000002 00000000 00010003 027F0005 02912964 0019F55C 0044C14C 0291A494
    00426494 0019F648   0019F67C 00406DFD 00590491 0055A9DC 0019F7EC 0051473F 00597448 0019F658 00000000 027F0005
    00406DFD 0019F67C   0019F698 0042C734 0000006C 00000010 027FEC3C 00000000 00012817
    0042C734 0019F698   0019F6C8 00465576 00010003 00718B4E 00000000 027EEE0C 0042C734 00000047 00000010 027FEC3C
    00465576 0019F6C8   0019F7DC 00426494 00000004 00714EC0 027EEE0C 00711A54 045BBE3C 00000054 027F0184 00000010
    00426494 0019F7DC   0019F810 0041979D 007172F3 00711004 0019F958 0051473F 00718DFC 0019F7EC 00000000 027EEE0C
    0041979D 0019F810   0019F834 0042C90D 00000000 027EEE0C 00000040 00000010 027FEC3C 00F00012 00010568


Modules:
00400000 0037E000 C:\sci\src\sci.exe
77A30000 0018D000 C:\windows\SYSTEM32\ntdll.dll
77460000 000D0000 C:\windows\System32\KERNEL32.DLL
766D0000 001D7000 C:\windows\System32\KERNELBASE.dll
760E0000 000F7000 C:\windows\System32\OLE32.DLL
76920000 00246000 C:\windows\System32\combase.dll
76BB0000 00117000 C:\windows\System32\ucrtbase.dll
744F0000 000BE000 C:\windows\System32\RPCRT4.dll
74450000 00020000 C:\windows\System32\SspiCli.dll
74440000 0000A000 C:\windows\System32\CRYPTBASE.dll
779D0000 00057000 C:\windows\System32\bcryptPrimitives.dll
76EF0000 00043000 C:\windows\System32\sechost.dll
770D0000 00022000 C:\windows\System32\GDI32.dll
77300000 0015E000 C:\windows\System32\gdi32full.dll
77690000 0007C000 C:\windows\System32\msvcp_win.dll
77100000 00175000 C:\windows\System32\USER32.dll
768B0000 00016000 C:\windows\System32\win32u.dll
76040000 00093000 C:\windows\System32\OLEAUT32.DLL
76B70000 00025000 C:\windows\System32\IMM32.DLL

Called from AANTCOMPOSTO(678) in suporte.prg
Called from CALCJUROS(4434) in apoio.prg
Called from DOCERRADO(1146) in apoio.prg
Called from ALTERARECEBER(1276) in recelan.prg
Called from __FUNCAO(10263) in apoio.prg
Called from DO(0)
Called from TRECEPOSI:ACHOICE(1384) in treceposi.prg
Called from TRECEPOSI:ACHOICE_(396) in treceposi.prg
Called from POSIRECEBER(9990) in apoio.prg
Called from NEWPOSIRECEBER(9123) in apoio.prg
Called from RECELAN(126) in recelan.prg
Called from MAIN(207) in sci.prg
------------------------------------------------------------------------
Application Internal Error - C:\sci\src\sci.exe
Terminated at: 2018-03-25 19:51:26
Erro irrecuper vel 6005: Exception error:

    Exception Code:C0000091
    Exception Address:00435634
    EAX:0000FFFC  EBX:0290114C  ECX:004283F3  EDX:00000000
    ESI:0000FFFC  EDI:0290114C  EBP:0019EF28
    CS:EIP:0023:00435634  SS:ESP:002B:0019EF20
    DS:002B  ES:002B  FS:0053  GS:002B
    Flags:00010246
    Exception Parameters: 00000000
    CS:EIP: DD 45 0C DD 05 A0 56 43 00 D9 C9 DA E9 DF E0 F6
    SS:ESP: 0000FFFC 0290114C 0019EF9C 004283F3 0290114C 004283CA 0290123C 0000FFFC 006D1FF8 00000000 028FEE0C 028FEFC0 00000000 0019EF88 00414FF1 0019EF70

    C stack:
    EIP:     EBP:       Frame: OldEBP, RetAddr, Params...
    00435634 0019EF28   0019EF9C 004283F3 0290114C 004283CA 0290123C 0000FFFC 006D1FF8 00000000 028FEE0C 028FEFC0
    004283F3 0019EF9C   0019F0B8 00425C61 0290114C 0290114C 0290123C 00575624 00000000 028FEE0C 00000001 00000683
    00425C61 0019F0B8   0019F0EC 00415059 006D1EBC 006CD950 0019F22C 0051473F 006E9320 0019F0C8 00000000 028FEE0C
    00415059 0019F0EC   0019F108 0042C734 000000A6 00000010 02904F14 00000000 000102A6
    0042C734 0019F108   0019F21C 00426494 00000004 00565B37 00000000 028FEE0C 0045624E 00000683 0019F1F8 0019F188
    00426494 0019F21C   0019F250 00405EC1 00575494 0055A9DC 0019F390 0051473F 00596D40 0019F22C 00000000 028FEE0C
    00405EC1 0019F250   0019F26C 0042C734 00000094 00000010 02904F14 00000000 00011152
    0042C734 0019F26C   0019F380 00426494 00000000 0068CB02 00000000 028FEE0C 0045624E 028E01C8 00456257 04690003
    00426494 0019F380   0019F3B4 00404F1D 00565737 0055A9DC 0019F4F4 0051473F 00596608 0019F390 00000000 028FEE0C
    00404F1D 0019F3B4   0019F3D0 0042C734 00000088 00000010 02904F14 00000000 0001047A
    0042C734 0019F3D0   0019F4E4 00426411 00000001 005913DF 00000000 028FEE0C 0477BBF8 00000030 0019F40C 00450D19
    00426411 0019F4E4   0019F518 00412681 0068C8A4 00682A68 0019F658 0051473F 006BC1D8 0019F4F4 00000000 028FEE0C
    00412681 0019F518   0019F534 0042C734 00000072 00000010 02904F14 00000000 000104FC
    0042C734 0019F534   0019F648 00426494 00000002 00000000 00010003 02900005 02A5291C 0019F55C 0044C14C 02A5A44C
    00426494 0019F648   0019F67C 00406DFD 00590491 0055A9DC 0019F7EC 0051473F 00597448 0019F658 00000000 02900005
    00406DFD 0019F67C   0019F698 0042C734 0000006C 00000010 02904F14 00000000 00012817
    0042C734 0019F698   0019F6C8 00465576 00010003 00718B4E 00000000 028FEE0C 0042C734 00000047 00000010 02904F14
    00465576 0019F6C8   0019F7DC 00426494 00000004 00714EC0 028FEE0C 00711A54 047126CC 00000054 04765F58 04765F50
    00426494 0019F7DC   0019F810 0041979D 007172F3 00711004 0019F958 0051473F 00718DFC 0019F7EC 00000000 028FEE0C
    0041979D 0019F810   0019F834 0042C90D 00000000 028FEE0C 00000040 00000010 02904F14 00F00012 00010568


Modules:
00400000 0037E000 C:\sci\src\sci.exe
77A30000 0018D000 C:\windows\SYSTEM32\ntdll.dll
77460000 000D0000 C:\windows\System32\KERNEL32.DLL
766D0000 001D7000 C:\windows\System32\KERNELBASE.dll
760E0000 000F7000 C:\windows\System32\OLE32.DLL
76920000 00246000 C:\windows\System32\combase.dll
76BB0000 00117000 C:\windows\System32\ucrtbase.dll
744F0000 000BE000 C:\windows\System32\RPCRT4.dll
74450000 00020000 C:\windows\System32\SspiCli.dll
74440000 0000A000 C:\windows\System32\CRYPTBASE.dll
779D0000 00057000 C:\windows\System32\bcryptPrimitives.dll
76EF0000 00043000 C:\windows\System32\sechost.dll
770D0000 00022000 C:\windows\System32\GDI32.dll
77300000 0015E000 C:\windows\System32\gdi32full.dll
77690000 0007C000 C:\windows\System32\msvcp_win.dll
77100000 00175000 C:\windows\System32\USER32.dll
768B0000 00016000 C:\windows\System32\win32u.dll
76040000 00093000 C:\windows\System32\OLEAUT32.DLL
76B70000 00025000 C:\windows\System32\IMM32.DLL

Called from AANTCOMPOSTO(678) in suporte.prg
Called from CALCJUROS(4434) in apoio.prg
Called from DOCERRADO(1146) in apoio.prg
Called from ALTERARECEBER(1276) in recelan.prg
Called from __FUNCAO(10263) in apoio.prg
Called from DO(0)
Called from TRECEPOSI:ACHOICE(1384) in treceposi.prg
Called from TRECEPOSI:ACHOICE_(396) in treceposi.prg
Called from POSIRECEBER(9990) in apoio.prg
Called from NEWPOSIRECEBER(9123) in apoio.prg
Called from RECELAN(126) in recelan.prg
Called from MAIN(207) in sci.prg
------------------------------------------------------------------------
Application Internal Error - C:\sci\src\sci.exe
Terminated at: 2018-03-25 19:54:23
Erro irrecuper vel 6005: Exception error:

    Exception Code:C0000091
    Exception Address:00435634
    EAX:0000FFFC  EBX:0293745C  ECX:004283F3  EDX:00000000
    ESI:0000FFFC  EDI:0293745C  EBP:0019EF28
    CS:EIP:0023:00435634  SS:ESP:002B:0019EF20
    DS:002B  ES:002B  FS:0053  GS:002B
    Flags:00010246
    Exception Parameters: 00000000
    CS:EIP: DD 45 0C DD 05 A0 56 43 00 D9 C9 DA E9 DF E0 F6
    SS:ESP: 0000FFFC 0293745C 0019EF9C 004283F3 0293745C 004283CA 0293754C 0000FFFC 006D1FF8 00000000 02930494 02930648 00000000 0019EF88 00414FF1 0019EF70

    C stack:
    EIP:     EBP:       Frame: OldEBP, RetAddr, Params...
    00435634 0019EF28   0019EF9C 004283F3 0293745C 004283CA 0293754C 0000FFFC 006D1FF8 00000000 02930494 02930648
    004283F3 0019EF9C   0019F0B8 00425C61 0293745C 0293745C 0293754C 00575624 00000000 02930494 00000001 00000683
    00425C61 0019F0B8   0019F0EC 00415059 006D1EBC 006CD950 0019F22C 0051473F 006E9320 0019F0C8 00000000 02930494
    00415059 0019F0EC   0019F108 0042C734 000000A6 00000010 029334EC 00000000 000102A6
    0042C734 0019F108   0019F21C 00426494 00000004 00565B37 00000000 02930494 0045624E 00000683 0019F1F8 0019F188
    00426494 0019F21C   0019F250 00405EC1 00575494 0055A9DC 0019F390 0051473F 00596D40 0019F22C 00000000 02930494
    00405EC1 0019F250   0019F26C 0042C734 00000094 00000010 029334EC 00000000 00011152
    0042C734 0019F26C   0019F380 00426494 00000000 0068CB02 00000000 02930494 0045624E 027D01C8 00456257 046A0003
    00426494 0019F380   0019F3B4 00404F1D 00565737 0055A9DC 0019F4F4 0051473F 00596608 0019F390 00000000 02930494
    00404F1D 0019F3B4   0019F3D0 0042C734 00000088 00000010 029334EC 00000000 0001047A
    0042C734 0019F3D0   0019F4E4 00426411 00000001 005913DF 00000000 02930494 047740B0 00000030 0019F40C 00450D19
    00426411 0019F4E4   0019F518 00412681 0068C8A4 00682A68 0019F658 0051473F 006BC1D8 0019F4F4 00000000 02930494
    00412681 0019F518   0019F534 0042C734 00000072 00000010 029334EC 00000000 000104FC
    0042C734 0019F534   0019F648 00426494 00000002 00000000 00010003 02930005 0463297C 0019F55C 0044C14C 0463A47C
    00426494 0019F648   0019F67C 00406DFD 00590491 0055A9DC 0019F7EC 0051473F 00597448 0019F658 00000000 02930005
    00406DFD 0019F67C   0019F698 0042C734 0000006C 00000010 029334EC 00000000 00012817
    0042C734 0019F698   0019F6C8 00465576 00010003 00718B4E 00000000 02930494 0042C734 00000047 00000010 029334EC
    00465576 0019F6C8   0019F7DC 00426494 00000004 00714EC0 02930494 00711A54 0476D7E4 00000054 0293180C 00000010
    00426494 0019F7DC   0019F810 0041979D 007172F3 00711004 0019F958 0051473F 00718DFC 0019F7EC 00000000 02930494
    0041979D 0019F810   0019F834 0042C90D 00000000 02930494 00000040 00000010 029334EC 00F00012 00010568


Modules:
00400000 0037E000 C:\sci\src\sci.exe
77A30000 0018D000 C:\windows\SYSTEM32\ntdll.dll
77460000 000D0000 C:\windows\System32\KERNEL32.DLL
766D0000 001D7000 C:\windows\System32\KERNELBASE.dll
760E0000 000F7000 C:\windows\System32\OLE32.DLL
76920000 00246000 C:\windows\System32\combase.dll
76BB0000 00117000 C:\windows\System32\ucrtbase.dll
744F0000 000BE000 C:\windows\System32\RPCRT4.dll
74450000 00020000 C:\windows\System32\SspiCli.dll
74440000 0000A000 C:\windows\System32\CRYPTBASE.dll
779D0000 00057000 C:\windows\System32\bcryptPrimitives.dll
76EF0000 00043000 C:\windows\System32\sechost.dll
770D0000 00022000 C:\windows\System32\GDI32.dll
77300000 0015E000 C:\windows\System32\gdi32full.dll
77690000 0007C000 C:\windows\System32\msvcp_win.dll
77100000 00175000 C:\windows\System32\USER32.dll
768B0000 00016000 C:\windows\System32\win32u.dll
76040000 00093000 C:\windows\System32\OLEAUT32.DLL
76B70000 00025000 C:\windows\System32\IMM32.DLL

Called from AANTCOMPOSTO(678) in suporte.prg
Called from CALCJUROS(4434) in apoio.prg
Called from DOCERRADO(1146) in apoio.prg
Called from ALTERARECEBER(1276) in recelan.prg
Called from __FUNCAO(10263) in apoio.prg
Called from DO(0)
Called from TRECEPOSI:ACHOICE(1384) in treceposi.prg
Called from TRECEPOSI:ACHOICE_(396) in treceposi.prg
Called from POSIRECEBER(9990) in apoio.prg
Called from NEWPOSIRECEBER(9123) in apoio.prg
Called from RECELAN(126) in recelan.prg
Called from MAIN(207) in sci.prg
------------------------------------------------------------------------
Application Internal Error - C:\sci\src\sci.exe
Terminated at: 2018-03-25 19:58:56
Erro irrecuper vel 6005: Exception error:

    Exception Code:C0000091
    Exception Address:00435634
    EAX:0000FFFC  EBX:027F114C  ECX:004283F3  EDX:00000000
    ESI:0000FFFC  EDI:027F114C  EBP:0019EF28
    CS:EIP:0023:00435634  SS:ESP:002B:0019EF20
    DS:002B  ES:002B  FS:0053  GS:002B
    Flags:00010246
    Exception Parameters: 00000000
    CS:EIP: DD 45 0C DD 05 A0 56 43 00 D9 C9 DA E9 DF E0 F6
    SS:ESP: 0000FFFC 027F114C 0019EF9C 004283F3 027F114C 004283CA 027F123C 0000FFFC 006D1FF8 00000000 027EEE0C 027EEFC0 00000000 0019EF88 00414FF1 0019EF70

    C stack:
    EIP:     EBP:       Frame: OldEBP, RetAddr, Params...
    00435634 0019EF28   0019EF9C 004283F3 027F114C 004283CA 027F123C 0000FFFC 006D1FF8 00000000 027EEE0C 027EEFC0
    004283F3 0019EF9C   0019F0B8 00425C61 027F114C 027F114C 027F123C 00575624 00000000 027EEE0C 00000001 00000683
    00425C61 0019F0B8   0019F0EC 00415059 006D1EBC 006CD950 0019F22C 0051473F 006E9320 0019F0C8 00000000 027EEE0C
    00415059 0019F0EC   0019F108 0042C734 000000A6 00000010 027F4F14 00000000 000102A6
    0042C734 0019F108   0019F21C 00426494 00000004 00565B37 00000000 027EEE0C 0045624E 00000683 0019F1F8 0019F188
    00426494 0019F21C   0019F250 00405EC1 00575494 0055A9DC 0019F390 0051473F 00596D40 0019F22C 00000000 027EEE0C
    00405EC1 0019F250   0019F26C 0042C734 00000094 00000010 027F4F14 00000000 00011152
    0042C734 0019F26C   0019F380 00426494 00000000 0068CB02 00000000 027EEE0C 0045624E 027D01C8 00456257 045D0003
    00426494 0019F380   0019F3B4 00404F1D 00565737 0055A9DC 0019F4F4 0051473F 00596608 0019F390 00000000 027EEE0C
    00404F1D 0019F3B4   0019F3D0 0042C734 00000088 00000010 027F4F14 00000000 0001047A
    0042C734 0019F3D0   0019F4E4 00426411 00000001 005913DF 00000000 027EEE0C 04634688 00000030 0019F40C 00450D19
    00426411 0019F4E4   0019F518 00412681 0068C8A4 00682A68 0019F658 0051473F 006BC1D8 0019F4F4 00000000 027EEE0C
    00412681 0019F518   0019F534 0042C734 00000072 00000010 027F4F14 00000000 000104FC
    0042C734 0019F534   0019F648 00426494 00000002 00000000 00010003 027F0005 0045624E 027D01C8 00456257 0073BEEC
    00426494 0019F648   0019F67C 00406DFD 00590491 0055A9DC 0019F7EC 0051473F 00597448 0019F658 00000000 027F0005
    00406DFD 0019F67C   0019F698 0042C734 0000006C 00000010 027F4F14 00000000 00012817
    0042C734 0019F698   0019F6C8 00465576 00010003 00718B4E 00000000 027EEE0C 0042C734 00000047 00000010 027F4F14
    00465576 0019F6C8   0019F7DC 00426494 00000004 00714EC0 027EEE0C 00711A54 001C50C4 00000054 027F0184 00000010
    00426494 0019F7DC   0019F810 0041979D 007172F3 00711004 0019F958 0051473F 00718DFC 0019F7EC 00000000 027EEE0C
    0041979D 0019F810   0019F834 0042C90D 00000000 027EEE0C 00000040 00000010 027F4F14 00F00012 00010568


Modules:
00400000 0037E000 C:\sci\src\sci.exe
77A30000 0018D000 C:\windows\SYSTEM32\ntdll.dll
77460000 000D0000 C:\windows\System32\KERNEL32.DLL
766D0000 001D7000 C:\windows\System32\KERNELBASE.dll
760E0000 000F7000 C:\windows\System32\OLE32.DLL
76920000 00246000 C:\windows\System32\combase.dll
76BB0000 00117000 C:\windows\System32\ucrtbase.dll
744F0000 000BE000 C:\windows\System32\RPCRT4.dll
74450000 00020000 C:\windows\System32\SspiCli.dll
74440000 0000A000 C:\windows\System32\CRYPTBASE.dll
779D0000 00057000 C:\windows\System32\bcryptPrimitives.dll
76EF0000 00043000 C:\windows\System32\sechost.dll
770D0000 00022000 C:\windows\System32\GDI32.dll
77300000 0015E000 C:\windows\System32\gdi32full.dll
77690000 0007C000 C:\windows\System32\msvcp_win.dll
77100000 00175000 C:\windows\System32\USER32.dll
768B0000 00016000 C:\windows\System32\win32u.dll
76040000 00093000 C:\windows\System32\OLEAUT32.DLL
76B70000 00025000 C:\windows\System32\IMM32.DLL

Called from AANTCOMPOSTO(678) in suporte.prg
Called from CALCJUROS(4434) in apoio.prg
Called from DOCERRADO(1146) in apoio.prg
Called from ALTERARECEBER(1276) in recelan.prg
Called from __FUNCAO(10263) in apoio.prg
Called from DO(0)
Called from TRECEPOSI:ACHOICE(1384) in treceposi.prg
Called from TRECEPOSI:ACHOICE_(396) in treceposi.prg
Called from POSIRECEBER(9990) in apoio.prg
Called from NEWPOSIRECEBER(9123) in apoio.prg
Called from RECELAN(126) in recelan.prg
Called from MAIN(207) in sci.prg
------------------------------------------------------------------------
