Application Internal Error - C:\sci\linux\prg.utils\api.exe
Terminated at: 2020-06-02 17:46:21
Unrecoverable error 6005: Exception error:

    Exception Code:C0000005 ACCESS_VIOLATION
    Exception Address:77CAFAB0
    EAX:018C87DF  EBX:00008300  ECX:01888000  EDX:01886FD8
    ESI:01880000  EDI:01880000  EBP:010BF92C
    CS:EIP:0023:77CAFAB0  SS:ESP:002B:010BF8E8
    DS:002B  ES:002B  FS:0053  GS:002B
    Flags:00010202
    Exception Parameters: 00000000 018C87DF
    CS:EIP: 80 38 03 0F 84 BA 01 00 00 83 64 24 20 00 66 8B
    SS:ESP: 01880000 01886FD8 01887148 00000001 0110371C 01886FD8 77D0E26E 77C92D00 C0000018 01880000 00000000 00040000 01880000 00040000 018C87DF 010BFA84

    C stack:
    EIP:     EBP:       Frame: OldEBP, RetAddr, Params...
    77CAFAB0 010BF92C   010BFA84 77CAC2BA 00008300 00000001 A9FC17D0 01880000 00000190 010BFB20 008DF62C 008C5FCC
    77CAC2BA 010BFA84   010BFB18 77CAB0CF 00000190 00000198 01880370 010BFAF4 008C5E6C 01880000 008C0000 00000000
    77CAB0CF 010BFB18   010BFB38 77CAAE8E 00000190 77CAAE8E 00000000 00000000 00000190 008C5A64
    77CAAE8E 010BFB38   010BFB58 754A7610 01880000 00000000 00000190 008C5E6C 00000064 00000000


Modules:
00CB0000 00202000 C:\sci\linux\prg.utils\api.exe
77C70000 0019A000 C:\Windows\SYSTEM32\ntdll.dll
75A80000 000E0000 C:\Windows\System32\KERNEL32.DLL
77780000 001FE000 C:\Windows\System32\KERNELBASE.dll
74DC0000 0009F000 C:\Windows\SYSTEM32\apphelp.dll
76660000 00079000 C:\Windows\System32\ADVAPI32.DLL
75460000 000BF000 C:\Windows\System32\msvcrt.dll
77980000 00076000 C:\Windows\System32\sechost.dll
77BA0000 000BB000 C:\Windows\System32\RPCRT4.dll
75440000 00020000 C:\Windows\System32\SspiCli.dll
75430000 0000A000 C:\Windows\System32\CRYPTBASE.dll
75DE0000 0005F000 C:\Windows\System32\bcryptPrimitives.dll
76620000 00021000 C:\Windows\System32\GDI32.dll
757C0000 00017000 C:\Windows\System32\win32u.dll
77A00000 0015A000 C:\Windows\System32\gdi32full.dll
76400000 0007C000 C:\Windows\System32\msvcp_win.dll
77460000 0011F000 C:\Windows\System32\ucrtbase.dll
775E0000 00197000 C:\Windows\System32\USER32.dll
76EC0000 000F7000 C:\Windows\System32\OLE32.dll
75800000 00275000 C:\Windows\System32\combase.dll
75BC0000 00092000 C:\Windows\System32\OLEAUT32.DLL
74F40000 00024000 C:\Windows\SYSTEM32\WINMM.DLL
74F10000 00023000 C:\Windows\SYSTEM32\WINMMBASE.dll
763C0000 0003B000 C:\Windows\System32\cfgmgr32.dll
74D50000 0006B000 C:\Windows\SYSTEM32\WINSPOOL.DRV
6EB40000 00100000 C:\mingw\bin\libgcc_s_dw2-1.dll
756B0000 0000F000 C:\Windows\System32\kernel.appcore.dll
756C0000 00019000 C:\Windows\System32\bcrypt.dll
752E0000 00032000 C:\Windows\SYSTEM32\IPHLPAPI.DLL
74C80000 000C6000 C:\Windows\SYSTEM32\PROPSYS.dll
756E0000 00084000 C:\Windows\System32\shcore.dll
6FE40000 001F7000 C:\mingw\bin\libstdc++-6.dll
77B70000 00025000 C:\Windows\System32\IMM32.DLL

Called from MS_FOR(0)
Called from TESTE(30)
------------------------------------------------------------------------
Application Internal Error - C:\sci\linux\prg.utils\api.exe
Terminated at: 2020-06-02 17:46:49
Unrecoverable error 6005: Exception error:

    Exception Code:C0000005 ACCESS_VIOLATION
    Exception Address:77CAFAB0
    EAX:01FFBFDF  EBX:0000CA00  ECX:01F98000  EDX:01F96FD8
    ESI:01F90000  EDI:01F90000  EBP:0143F8FC
    CS:EIP:0023:77CAFAB0  SS:ESP:002B:0143F8B8
    DS:002B  ES:002B  FS:0053  GS:002B
    Flags:00010202
    Exception Parameters: 00000000 01FFBFDF
    CS:EIP: 80 38 03 0F 84 BA 01 00 00 83 64 24 20 00 66 8B
    SS:ESP: 01F90000 01F96FD8 01F97148 00000001 016F371C 01F96FD8 77D0E26E 77C92D00 C0000018 01F90000 00000000 00063000 01F90000 00063000 01FFBFDF 0143FA54

    C stack:
    EIP:     EBP:       Frame: OldEBP, RetAddr, Params...
    77CAFAB0 0143F8FC   0143FA54 77CAC2BA 0000CA00 00000001 87580A85 01F90000 00000190 0143FAF0 0159A5FC 01595FCC
    77CAC2BA 0143FA54   0143FAE8 77CAB0CF 00000190 00000198 01F90370 0143FAC4 01595E6C 01F90000 01590000 00000000
    77CAB0CF 0143FAE8   0143FB08 77CAAE8E 00000190 77CAAE8E 00000000 00000000 00000190 01595A64
    77CAAE8E 0143FB08   0143FB28 754A7610 01F90000 00000000 00000190 01595E6C 00000064 00000000
    754A7610 0143FB28   01595A64 00862EBF 00000190 0000001A 0143FBBC 0088EDE8 01595EAC 00000000 00A03FFA 00000001
    00862EBF 01595A64   01595E6C 01595E8C 01595EAC 01595ECC 01595EEC 01595F0C 01595F2C 01595F4C 01595F6C 01595F8C


Modules:
00860000 00202000 C:\sci\linux\prg.utils\api.exe
77C70000 0019A000 C:\Windows\SYSTEM32\ntdll.dll
75A80000 000E0000 C:\Windows\System32\KERNEL32.DLL
77780000 001FE000 C:\Windows\System32\KERNELBASE.dll
76660000 00079000 C:\Windows\System32\ADVAPI32.DLL
75460000 000BF000 C:\Windows\System32\msvcrt.dll
77980000 00076000 C:\Windows\System32\sechost.dll
77BA0000 000BB000 C:\Windows\System32\RPCRT4.dll
75440000 00020000 C:\Windows\System32\SspiCli.dll
75430000 0000A000 C:\Windows\System32\CRYPTBASE.dll
75DE0000 0005F000 C:\Windows\System32\bcryptPrimitives.dll
76620000 00021000 C:\Windows\System32\GDI32.dll
757C0000 00017000 C:\Windows\System32\win32u.dll
77A00000 0015A000 C:\Windows\System32\gdi32full.dll
76400000 0007C000 C:\Windows\System32\msvcp_win.dll
77460000 0011F000 C:\Windows\System32\ucrtbase.dll
775E0000 00197000 C:\Windows\System32\USER32.dll
76EC0000 000F7000 C:\Windows\System32\OLE32.dll
75800000 00275000 C:\Windows\System32\combase.dll
75BC0000 00092000 C:\Windows\System32\OLEAUT32.DLL
74F40000 00024000 C:\Windows\SYSTEM32\WINMM.DLL
74DF0000 0006B000 C:\Windows\SYSTEM32\WINSPOOL.DRV
74F10000 00023000 C:\Windows\SYSTEM32\WINMMBASE.dll
763C0000 0003B000 C:\Windows\System32\cfgmgr32.dll
6EB40000 00100000 C:\mingw\bin\libgcc_s_dw2-1.dll
756B0000 0000F000 C:\Windows\System32\kernel.appcore.dll
6FE40000 001F7000 C:\mingw\bin\libstdc++-6.dll
752E0000 00032000 C:\Windows\SYSTEM32\IPHLPAPI.DLL
756C0000 00019000 C:\Windows\System32\bcrypt.dll
74D20000 000C6000 C:\Windows\SYSTEM32\PROPSYS.dll
756E0000 00084000 C:\Windows\System32\shcore.dll
77B70000 00025000 C:\Windows\System32\IMM32.DLL

Called from MS_FOR(0)
Called from TESTE(30)
------------------------------------------------------------------------
Application Internal Error - C:\sci\linux\prg.utils\api.exe
Terminated at: 2020-06-02 17:47:30
Unrecoverable error 6005: Exception error:

    Exception Code:C0000005 ACCESS_VIOLATION
    Exception Address:00412ED9
    EAX:00000000  EBX:00000064  ECX:48478DB5  EDX:00000000
    ESI:00000000  EDI:00D75E6C  EBP:00D75A64
    CS:EIP:0023:00412ED9  SS:ESP:002B:011FFC70
    DS:002B  ES:002B  FS:0053  GS:002B
    Flags:00010246
    Exception Parameters: 00000001 00000064
    CS:EIP: C6 04 1E 00 31 C0 90 83 C0 01 39 C3 73 F9 89 34
    SS:ESP: 00000190 0000001A 011FFCFC 0043EDE8 00D75EAC 00000000 005B3FFA 00000001 005B3FFB 00000002 005B3FFC 00000000 011FFD90 00D75D8C 00D75A48 00010001

    C stack:
    EIP:     EBP:       Frame: OldEBP, RetAddr, Params...
    00412ED9 00D75A64   00D75E6C 00D75E8C 00D75EAC 00D75ECC 00D75EEC 00D75F0C 00D75F2C 00D75F4C 00D75F6C 00D75F8C


Modules:
00410000 00202000 C:\sci\linux\prg.utils\api.exe
77C70000 0019A000 C:\Windows\SYSTEM32\ntdll.dll
75A80000 000E0000 C:\Windows\System32\KERNEL32.DLL
77780000 001FE000 C:\Windows\System32\KERNELBASE.dll
76660000 00079000 C:\Windows\System32\ADVAPI32.DLL
75460000 000BF000 C:\Windows\System32\msvcrt.dll
77980000 00076000 C:\Windows\System32\sechost.dll
77BA0000 000BB000 C:\Windows\System32\RPCRT4.dll
75440000 00020000 C:\Windows\System32\SspiCli.dll
75430000 0000A000 C:\Windows\System32\CRYPTBASE.dll
75DE0000 0005F000 C:\Windows\System32\bcryptPrimitives.dll
76620000 00021000 C:\Windows\System32\GDI32.dll
757C0000 00017000 C:\Windows\System32\win32u.dll
77A00000 0015A000 C:\Windows\System32\gdi32full.dll
76400000 0007C000 C:\Windows\System32\msvcp_win.dll
77460000 0011F000 C:\Windows\System32\ucrtbase.dll
775E0000 00197000 C:\Windows\System32\USER32.dll
76EC0000 000F7000 C:\Windows\System32\OLE32.dll
75800000 00275000 C:\Windows\System32\combase.dll
75BC0000 00092000 C:\Windows\System32\OLEAUT32.DLL
74DF0000 0006B000 C:\Windows\SYSTEM32\WINSPOOL.DRV
74F40000 00024000 C:\Windows\SYSTEM32\WINMM.DLL
756B0000 0000F000 C:\Windows\System32\kernel.appcore.dll
756C0000 00019000 C:\Windows\System32\bcrypt.dll
74F10000 00023000 C:\Windows\SYSTEM32\WINMMBASE.dll
763C0000 0003B000 C:\Windows\System32\cfgmgr32.dll
6EB40000 00100000 C:\mingw\bin\libgcc_s_dw2-1.dll
74D20000 000C6000 C:\Windows\SYSTEM32\PROPSYS.dll
752E0000 00032000 C:\Windows\SYSTEM32\IPHLPAPI.DLL
756E0000 00084000 C:\Windows\System32\shcore.dll
6FE40000 001F7000 C:\mingw\bin\libstdc++-6.dll
77B70000 00025000 C:\Windows\System32\IMM32.DLL

Called from MS_FOR(0)
Called from TESTE(30)
------------------------------------------------------------------------
Application Internal Error - C:\sci\linux\prg.utils\api.exe
Terminated at: 2020-06-02 17:48:11
Unrecoverable error 6005: Exception error:

    Exception Code:C0000005 ACCESS_VIOLATION
    Exception Address:77CAFAB0
    EAX:01E907DF  EBX:00009300  ECX:01E48000  EDX:01E46FD8
    ESI:01E40000  EDI:01E40000  EBP:0147F45C
    CS:EIP:0023:77CAFAB0  SS:ESP:002B:0147F418
    DS:002B  ES:002B  FS:0053  GS:002B
    Flags:00010202
    Exception Parameters: 00000000 01E907DF
    CS:EIP: 80 38 03 0F 84 BA 01 00 00 83 64 24 20 00 66 8B
    SS:ESP: 01E40000 01E46FD8 01E47148 00000001 0166371C 01E46FD8 77D0E26E 77C92D00 C0000018 01E40000 00000000 00048000 01E40000 00048000 01E907DF 0147F5B4

    C stack:
    EIP:     EBP:       Frame: OldEBP, RetAddr, Params...
    77CAFAB0 0147F45C   0147F5B4 77CAC2BA 00009300 00000001 E78BBFBD 01E40000 0000004C 0147F650 0158F62C 01575FCC
    77CAC2BA 0147F5B4   0147F648 77CAB0CF 0000004C 00000058 01E402D0 0147F624 01575E4C 01E40000 01570000 00000000
    77CAB0CF 0147F648   0147F668 77CAAE8E 0000004C 77CAAE8E 00000000 00000000 0000004C 0158F474
    77CAAE8E 0147F668   0147F688 754A7610 01E40000 00000000 0000004C 01575E4C 00010001 0158F474


Modules:
00CD0000 00202000 C:\sci\linux\prg.utils\api.exe
77C70000 0019A000 C:\Windows\SYSTEM32\ntdll.dll
75A80000 000E0000 C:\Windows\System32\KERNEL32.DLL
77780000 001FE000 C:\Windows\System32\KERNELBASE.dll
76660000 00079000 C:\Windows\System32\ADVAPI32.DLL
75460000 000BF000 C:\Windows\System32\msvcrt.dll
77980000 00076000 C:\Windows\System32\sechost.dll
77BA0000 000BB000 C:\Windows\System32\RPCRT4.dll
75440000 00020000 C:\Windows\System32\SspiCli.dll
75430000 0000A000 C:\Windows\System32\CRYPTBASE.dll
75DE0000 0005F000 C:\Windows\System32\bcryptPrimitives.dll
76620000 00021000 C:\Windows\System32\GDI32.dll
757C0000 00017000 C:\Windows\System32\win32u.dll
77A00000 0015A000 C:\Windows\System32\gdi32full.dll
76400000 0007C000 C:\Windows\System32\msvcp_win.dll
77460000 0011F000 C:\Windows\System32\ucrtbase.dll
775E0000 00197000 C:\Windows\System32\USER32.dll
76EC0000 000F7000 C:\Windows\System32\OLE32.dll
75800000 00275000 C:\Windows\System32\combase.dll
75BC0000 00092000 C:\Windows\System32\OLEAUT32.DLL
74F40000 00024000 C:\Windows\SYSTEM32\WINMM.DLL
74DF0000 0006B000 C:\Windows\SYSTEM32\WINSPOOL.DRV
756B0000 0000F000 C:\Windows\System32\kernel.appcore.dll
756C0000 00019000 C:\Windows\System32\bcrypt.dll
74F10000 00023000 C:\Windows\SYSTEM32\WINMMBASE.dll
763C0000 0003B000 C:\Windows\System32\cfgmgr32.dll
752E0000 00032000 C:\Windows\SYSTEM32\IPHLPAPI.DLL
74D20000 000C6000 C:\Windows\SYSTEM32\PROPSYS.dll
6EB40000 00100000 C:\mingw\bin\libgcc_s_dw2-1.dll
6FE40000 001F7000 C:\mingw\bin\libstdc++-6.dll
756E0000 00084000 C:\Windows\System32\shcore.dll
77B70000 00025000 C:\Windows\System32\IMM32.DLL

Called from CAPITALIZE(0)
Called from TESTE(31)
------------------------------------------------------------------------
Application Internal Error - C:\sci\linux\prg.utils\api.exe
Terminated at: 2020-06-02 18:21:40
Unrecoverable error 6005: Exception error:

    Exception Code:C0000005 ACCESS_VIOLATION
    Exception Address:77CAFAB0
    EAX:010547D7  EBX:0000FB00  ECX:00FD7000  EDX:00FD6FD0
    ESI:00FD0000  EDI:00FD0000  EBP:0143F87C
    CS:EIP:0023:77CAFAB0  SS:ESP:002B:0143F838
    DS:002B  ES:002B  FS:0053  GS:002B
    Flags:00010206
    Exception Parameters: 00000000 010547D7
    CS:EIP: 80 38 03 0F 84 BA 01 00 00 83 64 24 20 00 66 8B
    SS:ESP: 00FD0000 00FD6FD0 00FD7140 00000001 015A368C 00FD6FD0 77D0E26E 77C92D00 C0000018 00FD0000 00000000 0007D000 00FD0000 0007D000 010547D7 0143F9D4

    C stack:
    EIP:     EBP:       Frame: OldEBP, RetAddr, Params...
    77CAFAB0 0143F87C   0143F9D4 77CAC2BA 0000FB00 00000001 6F9B8F9C 00FD0000 00000190 0143FA70 0154ABB4 01545FFC
    77CAC2BA 0143F9D4   0143FA68 77CAB0CF 00000190 00000198 00FD0370 0143FA44 01545E9C 00FD0000 01540000 00000000
    77CAB0CF 0143FA68   0143FA88 77CAAE8E 00000190 77CAAE8E 00000000 00000000 00000190 01545A94
    77CAAE8E 0143FA88   0143FAA8 754A7610 00FD0000 00000000 00000190 01545E9C 00000064 00000000
    754A7610 0143FAA8   01545A94 003A2EDF 00000190 0000001A 0143FB3C 003CEE08 01545EDC 00000000 0054411A 00000001
    003A2EDF 01545A94   01545E9C 01545EBC 01545EDC 01545EFC 01545F1C 01545F3C 01545F5C 01545F7C 01545F9C 01545FBC


Modules:
003A0000 00202000 C:\sci\linux\prg.utils\api.exe
77C70000 0019A000 C:\Windows\SYSTEM32\ntdll.dll
75A80000 000E0000 C:\Windows\System32\KERNEL32.DLL
77780000 001FE000 C:\Windows\System32\KERNELBASE.dll
76660000 00079000 C:\Windows\System32\ADVAPI32.DLL
75460000 000BF000 C:\Windows\System32\msvcrt.dll
77980000 00076000 C:\Windows\System32\sechost.dll
77BA0000 000BB000 C:\Windows\System32\RPCRT4.dll
75440000 00020000 C:\Windows\System32\SspiCli.dll
75430000 0000A000 C:\Windows\System32\CRYPTBASE.dll
75DE0000 0005F000 C:\Windows\System32\bcryptPrimitives.dll
76620000 00021000 C:\Windows\System32\GDI32.dll
757C0000 00017000 C:\Windows\System32\win32u.dll
77A00000 0015A000 C:\Windows\System32\gdi32full.dll
76400000 0007C000 C:\Windows\System32\msvcp_win.dll
77460000 0011F000 C:\Windows\System32\ucrtbase.dll
775E0000 00197000 C:\Windows\System32\USER32.dll
76EC0000 000F7000 C:\Windows\System32\OLE32.dll
75800000 00275000 C:\Windows\System32\combase.dll
75BC0000 00092000 C:\Windows\System32\OLEAUT32.DLL
74F00000 0006B000 C:\Windows\SYSTEM32\WINSPOOL.DRV
756B0000 0000F000 C:\Windows\System32\kernel.appcore.dll
756C0000 00019000 C:\Windows\System32\bcrypt.dll
74E30000 00024000 C:\Windows\SYSTEM32\WINMM.DLL
6EB40000 00100000 C:\mingw\bin\libgcc_s_dw2-1.dll
752E0000 00032000 C:\Windows\SYSTEM32\IPHLPAPI.DLL
74D60000 000C6000 C:\Windows\SYSTEM32\PROPSYS.dll
74D30000 00023000 C:\Windows\SYSTEM32\WINMMBASE.dll
756E0000 00084000 C:\Windows\System32\shcore.dll
763C0000 0003B000 C:\Windows\System32\cfgmgr32.dll
6FE40000 001F7000 C:\mingw\bin\libstdc++-6.dll
77B70000 00025000 C:\Windows\System32\IMM32.DLL

Called from MS_FOR(0)
Called from TESTE(12)
------------------------------------------------------------------------
Application Internal Error - C:\sci\linux\prg.utils\api.exe
Terminated at: 2020-06-02 18:21:46
Unrecoverable error 6005: Exception error:

    Exception Code:C0000005 ACCESS_VIOLATION
    Exception Address:77CAC5D7
    EAX:00000000  EBX:01CF7030  ECX:01D28FD8  EDX:00100000
    ESI:01CF6FD8  EDI:01CF0000  EBP:0123F8B4
    CS:EIP:0023:77CAC5D7  SS:ESP:002B:0123F76C
    DS:002B  ES:002B  FS:0053  GS:002B
    Flags:00010246
    Exception Parameters: 00000000 01D28FDA
    CS:EIP: 32 41 02 A8 01 0F 84 00 02 00 00 8B 55 E4 0F B7
    SS:ESP: 94AF8D68 01CF0000 0000004C 0123F950 0124AC34 01245FFC 00000011 01CF6F88 11000002 FFFFFFEF A00001A1 00000009 01CF04C6 00000003 0124AA74 00000006

    C stack:
    EIP:     EBP:       Frame: OldEBP, RetAddr, Params...
    77CAC5D7 0123F8B4   0123F948 77CAB0CF 0000004C 00000058 01CF02D0 0123F924 01245E9C 01CF0000 01240000 00000000
    77CAB0CF 0123F948   0123F968 77CAAE8E 0000004C 77CAAE8E 00000000 00000000 0000004C 0124AE9C
    77CAAE8E 0123F968   0123F988 754A7610 01CF0000 00000000 0000004C 01245E9C 00010001 0124AE9C


Modules:
003A0000 00202000 C:\sci\linux\prg.utils\api.exe
77C70000 0019A000 C:\Windows\SYSTEM32\ntdll.dll
75A80000 000E0000 C:\Windows\System32\KERNEL32.DLL
77780000 001FE000 C:\Windows\System32\KERNELBASE.dll
76660000 00079000 C:\Windows\System32\ADVAPI32.DLL
75460000 000BF000 C:\Windows\System32\msvcrt.dll
77980000 00076000 C:\Windows\System32\sechost.dll
77BA0000 000BB000 C:\Windows\System32\RPCRT4.dll
75440000 00020000 C:\Windows\System32\SspiCli.dll
75430000 0000A000 C:\Windows\System32\CRYPTBASE.dll
75DE0000 0005F000 C:\Windows\System32\bcryptPrimitives.dll
76620000 00021000 C:\Windows\System32\GDI32.dll
757C0000 00017000 C:\Windows\System32\win32u.dll
77A00000 0015A000 C:\Windows\System32\gdi32full.dll
76400000 0007C000 C:\Windows\System32\msvcp_win.dll
77460000 0011F000 C:\Windows\System32\ucrtbase.dll
775E0000 00197000 C:\Windows\System32\USER32.dll
76EC0000 000F7000 C:\Windows\System32\OLE32.dll
75800000 00275000 C:\Windows\System32\combase.dll
75BC0000 00092000 C:\Windows\System32\OLEAUT32.DLL
74F40000 00024000 C:\Windows\SYSTEM32\WINMM.DLL
74DF0000 0006B000 C:\Windows\SYSTEM32\WINSPOOL.DRV
756B0000 0000F000 C:\Windows\System32\kernel.appcore.dll
756C0000 00019000 C:\Windows\System32\bcrypt.dll
6EB40000 00100000 C:\mingw\bin\libgcc_s_dw2-1.dll
74F10000 00023000 C:\Windows\SYSTEM32\WINMMBASE.dll
763C0000 0003B000 C:\Windows\System32\cfgmgr32.dll
752E0000 00032000 C:\Windows\SYSTEM32\IPHLPAPI.DLL
6FE40000 001F7000 C:\mingw\bin\libstdc++-6.dll
74D20000 000C6000 C:\Windows\SYSTEM32\PROPSYS.dll
756E0000 00084000 C:\Windows\System32\shcore.dll
77B70000 00025000 C:\Windows\System32\IMM32.DLL

Called from CAPITALIZE(0)
Called from TESTE(13)
------------------------------------------------------------------------
Application Internal Error - C:\sci\linux\prg.utils\api.exe
Terminated at: 2020-06-02 18:22:19
Unrecoverable error 6005: Exception error:

    Exception Code:C0000005 ACCESS_VIOLATION
    Exception Address:77CAFAB0
    EAX:016167D7  EBX:0000DF00  ECX:015A7000  EDX:015A6FD0
    ESI:015A0000  EDI:015A0000  EBP:00C7F54C
    CS:EIP:0023:77CAFAB0  SS:ESP:002B:00C7F508
    DS:002B  ES:002B  FS:0053  GS:002B
    Flags:00010206
    Exception Parameters: 00000000 016167D7
    CS:EIP: 80 38 03 0F 84 BA 01 00 00 83 64 24 20 00 66 8B
    SS:ESP: 015A0000 015A6FD0 015A7140 00000001 00DF368C 015A6FD0 77D0E26E 77C92D00 C0000018 015A0000 00000000 0006F000 015A0000 0006F000 016167D7 00C7F6A4

    C stack:
    EIP:     EBP:       Frame: OldEBP, RetAddr, Params...
    77CAFAB0 00C7F54C   00C7F6A4 77CAC2BA 0000DF00 00000001 745EFE6F 015A0000 00000190 00C7F740 00CAABB4 00CA5FFC
    77CAC2BA 00C7F6A4   00C7F738 77CAB0CF 00000190 00000198 015A0370 00C7F714 00CA5E9C 015A0000 00CA0000 00000000
    77CAB0CF 00C7F738   00C7F758 77CAAE8E 00000190 77CAAE8E 00000000 00000000 00000190 00CA5A94
    77CAAE8E 00C7F758   00C7F778 754A7610 015A0000 00000000 00000190 00CA5E9C 00000064 00000000
    754A7610 00C7F778   00CA5A94 005E2EDF 00000190 0000001A 00C7F80C 0060EE08 00CA5EDC 00000000 0078411A 00000001
    005E2EDF 00CA5A94   00CA5E9C 00CA5EBC 00CA5EDC 00CA5EFC 00CA5F1C 00CA5F3C 00CA5F5C 00CA5F7C 00CA5F9C 00CA5FBC


Modules:
005E0000 00202000 C:\sci\linux\prg.utils\api.exe
77C70000 0019A000 C:\Windows\SYSTEM32\ntdll.dll
75A80000 000E0000 C:\Windows\System32\KERNEL32.DLL
77780000 001FE000 C:\Windows\System32\KERNELBASE.dll
76660000 00079000 C:\Windows\System32\ADVAPI32.DLL
75460000 000BF000 C:\Windows\System32\msvcrt.dll
77980000 00076000 C:\Windows\System32\sechost.dll
77BA0000 000BB000 C:\Windows\System32\RPCRT4.dll
75440000 00020000 C:\Windows\System32\SspiCli.dll
75430000 0000A000 C:\Windows\System32\CRYPTBASE.dll
75DE0000 0005F000 C:\Windows\System32\bcryptPrimitives.dll
76620000 00021000 C:\Windows\System32\GDI32.dll
757C0000 00017000 C:\Windows\System32\win32u.dll
77A00000 0015A000 C:\Windows\System32\gdi32full.dll
76400000 0007C000 C:\Windows\System32\msvcp_win.dll
77460000 0011F000 C:\Windows\System32\ucrtbase.dll
775E0000 00197000 C:\Windows\System32\USER32.dll
76EC0000 000F7000 C:\Windows\System32\OLE32.dll
75800000 00275000 C:\Windows\System32\combase.dll
75BC0000 00092000 C:\Windows\System32\OLEAUT32.DLL
74F00000 0006B000 C:\Windows\SYSTEM32\WINSPOOL.DRV
756B0000 0000F000 C:\Windows\System32\kernel.appcore.dll
74E30000 00024000 C:\Windows\SYSTEM32\WINMM.DLL
756C0000 00019000 C:\Windows\System32\bcrypt.dll
74D60000 000C6000 C:\Windows\SYSTEM32\PROPSYS.dll
6FE40000 001F7000 C:\mingw\bin\libstdc++-6.dll
752E0000 00032000 C:\Windows\SYSTEM32\IPHLPAPI.DLL
756E0000 00084000 C:\Windows\System32\shcore.dll
74D30000 00023000 C:\Windows\SYSTEM32\WINMMBASE.dll
763C0000 0003B000 C:\Windows\System32\cfgmgr32.dll
6EB40000 00100000 C:\mingw\bin\libgcc_s_dw2-1.dll
77B70000 00025000 C:\Windows\System32\IMM32.DLL

Called from MS_FOR(0)
Called from TESTE(12)
------------------------------------------------------------------------
Application Internal Error - C:\sci\linux\prg.utils\api.exe
Terminated at: 2020-06-02 18:22:44
Unrecoverable error 6005: Exception error:

    Exception Code:C0000005 ACCESS_VIOLATION
    Exception Address:77CAFAB0
    EAX:01360FDF  EBX:0000D400  ECX:012F8000  EDX:012F6FD8
    ESI:012F0000  EDI:012F0000  EBP:0127F50C
    CS:EIP:0023:77CAFAB0  SS:ESP:002B:0127F4C8
    DS:002B  ES:002B  FS:0053  GS:002B
    Flags:00010202
    Exception Parameters: 00000000 01360FDF
    CS:EIP: 80 38 03 0F 84 BA 01 00 00 83 64 24 20 00 66 8B
    SS:ESP: 012F0000 012F6FD8 012F7148 00000001 015E371C 012F6FD8 77D0E26E 77C92D00 C0000018 012F0000 00000000 00068000 012F0000 00068000 01360FDF 0127F664

    C stack:
    EIP:     EBP:       Frame: OldEBP, RetAddr, Params...
    77CAFAB0 0127F50C   0127F664 77CAC2BA 0000D400 00000001 F38B4DEA 012F0000 00000190 0127F700 00BEABB4 00BE5FFC
    77CAC2BA 0127F664   0127F6F8 77CAB0CF 00000190 00000198 012F0370 0127F6D4 00BE5E9C 012F0000 00BE0000 00000000
    77CAB0CF 0127F6F8   0127F718 77CAAE8E 00000190 77CAAE8E 00000000 00000000 00000190 00BE5A94
    77CAAE8E 0127F718   0127F738 754A7610 012F0000 00000000 00000190 00BE5E9C 00000064 00000000


Modules:
00E70000 00202000 C:\sci\linux\prg.utils\api.exe
77C70000 0019A000 C:\Windows\SYSTEM32\ntdll.dll
75A80000 000E0000 C:\Windows\System32\KERNEL32.DLL
77780000 001FE000 C:\Windows\System32\KERNELBASE.dll
76660000 00079000 C:\Windows\System32\ADVAPI32.DLL
75460000 000BF000 C:\Windows\System32\msvcrt.dll
77980000 00076000 C:\Windows\System32\sechost.dll
77BA0000 000BB000 C:\Windows\System32\RPCRT4.dll
75440000 00020000 C:\Windows\System32\SspiCli.dll
75430000 0000A000 C:\Windows\System32\CRYPTBASE.dll
75DE0000 0005F000 C:\Windows\System32\bcryptPrimitives.dll
76620000 00021000 C:\Windows\System32\GDI32.dll
757C0000 00017000 C:\Windows\System32\win32u.dll
77A00000 0015A000 C:\Windows\System32\gdi32full.dll
76400000 0007C000 C:\Windows\System32\msvcp_win.dll
77460000 0011F000 C:\Windows\System32\ucrtbase.dll
775E0000 00197000 C:\Windows\System32\USER32.dll
76EC0000 000F7000 C:\Windows\System32\OLE32.dll
75800000 00275000 C:\Windows\System32\combase.dll
75BC0000 00092000 C:\Windows\System32\OLEAUT32.DLL
74F40000 00024000 C:\Windows\SYSTEM32\WINMM.DLL
74DF0000 0006B000 C:\Windows\SYSTEM32\WINSPOOL.DRV
756B0000 0000F000 C:\Windows\System32\kernel.appcore.dll
756C0000 00019000 C:\Windows\System32\bcrypt.dll
74F10000 00023000 C:\Windows\SYSTEM32\WINMMBASE.dll
763C0000 0003B000 C:\Windows\System32\cfgmgr32.dll
6EB40000 00100000 C:\mingw\bin\libgcc_s_dw2-1.dll
752E0000 00032000 C:\Windows\SYSTEM32\IPHLPAPI.DLL
6FE40000 001F7000 C:\mingw\bin\libstdc++-6.dll
74D20000 000C6000 C:\Windows\SYSTEM32\PROPSYS.dll
756E0000 00084000 C:\Windows\System32\shcore.dll
77B70000 00025000 C:\Windows\System32\IMM32.DLL

Called from MS_FOR(0)
Called from TESTE(12)
------------------------------------------------------------------------
Application Internal Error - C:\sci\linux\prg.utils\api.exe
Terminated at: 2020-06-02 18:23:02
Unrecoverable error 6005: Exception error:

    Exception Code:C0000005 ACCESS_VIOLATION
    Exception Address:77CAFAB0
    EAX:01CB37DF  EBX:00007900  ECX:01C78000  EDX:01C76FD8
    ESI:01C70000  EDI:01C70000  EBP:011FF80C
    CS:EIP:0023:77CAFAB0  SS:ESP:002B:011FF7C8
    DS:002B  ES:002B  FS:0053  GS:002B
    Flags:00010202
    Exception Parameters: 00000000 01CB37DF
    CS:EIP: 80 38 03 0F 84 BA 01 00 00 83 64 24 20 00 66 8B
    SS:ESP: 01C70000 01C76FD8 01C772E0 00000001 0138371C 01C76FD8 77D0E26E 77C92D00 C0000018 01C70000 00000000 0003B000 01C70000 0003B000 01CB37DF 011FF964

    C stack:
    EIP:     EBP:       Frame: OldEBP, RetAddr, Params...
    77CAFAB0 011FF80C   011FF964 77CAC2BA 00007900 00000001 255AFAB8 01C70000 0000004C 011FFA00 00DEABB4 00DE5FFC
    77CAC2BA 011FF964   011FF9F8 77CAB0CF 0000004C 00000058 01C702D0 011FF9D4 00DE5E9C 01C70000 00DE0000 00000000
    77CAB0CF 011FF9F8   011FFA18 77CAAE8E 0000004C 77CAAE8E 00000000 00000000 0000004C 00DEA9FC
    77CAAE8E 011FFA18   011FFA38 754A7610 01C70000 00000000 0000004C 00DE5E9C 00010001 00DEA9FC


Modules:
00A50000 00202000 C:\sci\linux\prg.utils\api.exe
77C70000 0019A000 C:\Windows\SYSTEM32\ntdll.dll
75A80000 000E0000 C:\Windows\System32\KERNEL32.DLL
77780000 001FE000 C:\Windows\System32\KERNELBASE.dll
76660000 00079000 C:\Windows\System32\ADVAPI32.DLL
75460000 000BF000 C:\Windows\System32\msvcrt.dll
77980000 00076000 C:\Windows\System32\sechost.dll
77BA0000 000BB000 C:\Windows\System32\RPCRT4.dll
75440000 00020000 C:\Windows\System32\SspiCli.dll
75430000 0000A000 C:\Windows\System32\CRYPTBASE.dll
75DE0000 0005F000 C:\Windows\System32\bcryptPrimitives.dll
76620000 00021000 C:\Windows\System32\GDI32.dll
757C0000 00017000 C:\Windows\System32\win32u.dll
77A00000 0015A000 C:\Windows\System32\gdi32full.dll
76400000 0007C000 C:\Windows\System32\msvcp_win.dll
77460000 0011F000 C:\Windows\System32\ucrtbase.dll
775E0000 00197000 C:\Windows\System32\USER32.dll
76EC0000 000F7000 C:\Windows\System32\OLE32.dll
75800000 00275000 C:\Windows\System32\combase.dll
75BC0000 00092000 C:\Windows\System32\OLEAUT32.DLL
74F40000 00024000 C:\Windows\SYSTEM32\WINMM.DLL
74DF0000 0006B000 C:\Windows\SYSTEM32\WINSPOOL.DRV
756B0000 0000F000 C:\Windows\System32\kernel.appcore.dll
756C0000 00019000 C:\Windows\System32\bcrypt.dll
74F10000 00023000 C:\Windows\SYSTEM32\WINMMBASE.dll
763C0000 0003B000 C:\Windows\System32\cfgmgr32.dll
6EB40000 00100000 C:\mingw\bin\libgcc_s_dw2-1.dll
752E0000 00032000 C:\Windows\SYSTEM32\IPHLPAPI.DLL
74D20000 000C6000 C:\Windows\SYSTEM32\PROPSYS.dll
756E0000 00084000 C:\Windows\System32\shcore.dll
6FE40000 001F7000 C:\mingw\bin\libstdc++-6.dll
77B70000 00025000 C:\Windows\System32\IMM32.DLL

Called from CAPITALIZE(0)
Called from TESTE(13)
------------------------------------------------------------------------
Application Internal Error - C:\sci\linux\prg.utils\api.exe
Terminated at: 2020-06-02 18:23:33
Unrecoverable error 6005: Exception error:

    Exception Code:C0000005 ACCESS_VIOLATION
    Exception Address:77CAFAB0
    EAX:01C7EFB7  EBX:00005000  ECX:01C57000  EDX:01C56FB0
    ESI:01C50000  EDI:01C50000  EBP:011FF8AC
    CS:EIP:0023:77CAFAB0  SS:ESP:002B:011FF868
    DS:002B  ES:002B  FS:0053  GS:002B
    Flags:00010206
    Exception Parameters: 00000000 01C7EFB7
    CS:EIP: 80 38 03 0F 84 BA 01 00 00 83 64 24 20 00 66 8B
    SS:ESP: 01C50000 01C56FB0 01C57120 00000001 012235E4 01C56FB0 77D0E26E 77C92D00 C0000018 01C50000 00000000 00027000 01C50000 00027000 01C7EFB7 011FFA04

    C stack:
    EIP:     EBP:       Frame: OldEBP, RetAddr, Params...
    77CAFAB0 011FF8AC   011FFA04 77CAC2BA 00005000 00000001 3E547F69 01C50000 00000190 011FFAA0 00DDA724 00DD5FFC
    77CAC2BA 011FFA04   011FFA98 77CAB0CF 00000190 00000198 01C50370 011FFA74 00DD5E9C 01C50000 00DD0000 00000000
    77CAB0CF 011FFA98   011FFAB8 77CAAE8E 00000190 77CAAE8E 00000000 00000000 00000190 00DD5A94
    77CAAE8E 011FFAB8   011FFAD8 754A7610 01C50000 00000000 00000190 00DD5E9C 00000064 00000000


Modules:
00A50000 00202000 C:\sci\linux\prg.utils\api.exe
77C70000 0019A000 C:\Windows\SYSTEM32\ntdll.dll
75A80000 000E0000 C:\Windows\System32\KERNEL32.DLL
77780000 001FE000 C:\Windows\System32\KERNELBASE.dll
76660000 00079000 C:\Windows\System32\ADVAPI32.DLL
75460000 000BF000 C:\Windows\System32\msvcrt.dll
77980000 00076000 C:\Windows\System32\sechost.dll
77BA0000 000BB000 C:\Windows\System32\RPCRT4.dll
75440000 00020000 C:\Windows\System32\SspiCli.dll
75430000 0000A000 C:\Windows\System32\CRYPTBASE.dll
75DE0000 0005F000 C:\Windows\System32\bcryptPrimitives.dll
76620000 00021000 C:\Windows\System32\GDI32.dll
757C0000 00017000 C:\Windows\System32\win32u.dll
77A00000 0015A000 C:\Windows\System32\gdi32full.dll
76400000 0007C000 C:\Windows\System32\msvcp_win.dll
77460000 0011F000 C:\Windows\System32\ucrtbase.dll
775E0000 00197000 C:\Windows\System32\USER32.dll
76EC0000 000F7000 C:\Windows\System32\OLE32.dll
75800000 00275000 C:\Windows\System32\combase.dll
75BC0000 00092000 C:\Windows\System32\OLEAUT32.DLL
74F40000 00024000 C:\Windows\SYSTEM32\WINMM.DLL
74DF0000 0006B000 C:\Windows\SYSTEM32\WINSPOOL.DRV
6FE40000 001F7000 C:\mingw\bin\libstdc++-6.dll
74F10000 00023000 C:\Windows\SYSTEM32\WINMMBASE.dll
763C0000 0003B000 C:\Windows\System32\cfgmgr32.dll
6EB40000 00100000 C:\mingw\bin\libgcc_s_dw2-1.dll
756B0000 0000F000 C:\Windows\System32\kernel.appcore.dll
756C0000 00019000 C:\Windows\System32\bcrypt.dll
74D20000 000C6000 C:\Windows\SYSTEM32\PROPSYS.dll
756E0000 00084000 C:\Windows\System32\shcore.dll
752E0000 00032000 C:\Windows\SYSTEM32\IPHLPAPI.DLL
77B70000 00025000 C:\Windows\System32\IMM32.DLL

Called from MS_FOR(0)
Called from TESTE(12)
------------------------------------------------------------------------
Application Internal Error - C:\sci\linux\prg.utils\api.exe
Terminated at: 2020-06-02 18:24:02
Unrecoverable error 6005: Exception error:

    Exception Code:C0000005 ACCESS_VIOLATION
    Exception Address:00A52EF9
    EAX:00000000  EBX:00000064  ECX:16B1AC64  EDX:00000000
    ESI:00000000  EDI:00DE5E9C  EBP:00DE5A94
    CS:EIP:0023:00A52EF9  SS:ESP:002B:011FF800
    DS:002B  ES:002B  FS:0053  GS:002B
    Flags:00010246
    Exception Parameters: 00000001 00000064
    CS:EIP: C6 04 1E 00 31 C0 90 83 C0 01 39 C3 73 F9 89 34
    SS:ESP: 00000190 0000001A 011FF88C 00A7EE08 00DE5EDC 00000000 00BF411A 00000001 00BF411B 00000002 00BF411C 00000000 011FF920 00DE5DBC 00DE5A78 00010001

    C stack:
    EIP:     EBP:       Frame: OldEBP, RetAddr, Params...
    00A52EF9 00DE5A94   00DE5E9C 00DE5EBC 00DE5EDC 00DE5EFC 00DE5F1C 00DE5F3C 00DE5F5C 00DE5F7C 00DE5F9C 00DE5FBC


Modules:
00A50000 00202000 C:\sci\linux\prg.utils\api.exe
77C70000 0019A000 C:\Windows\SYSTEM32\ntdll.dll
75A80000 000E0000 C:\Windows\System32\KERNEL32.DLL
77780000 001FE000 C:\Windows\System32\KERNELBASE.dll
76660000 00079000 C:\Windows\System32\ADVAPI32.DLL
75460000 000BF000 C:\Windows\System32\msvcrt.dll
77980000 00076000 C:\Windows\System32\sechost.dll
77BA0000 000BB000 C:\Windows\System32\RPCRT4.dll
75440000 00020000 C:\Windows\System32\SspiCli.dll
75430000 0000A000 C:\Windows\System32\CRYPTBASE.dll
75DE0000 0005F000 C:\Windows\System32\bcryptPrimitives.dll
76620000 00021000 C:\Windows\System32\GDI32.dll
757C0000 00017000 C:\Windows\System32\win32u.dll
77A00000 0015A000 C:\Windows\System32\gdi32full.dll
76400000 0007C000 C:\Windows\System32\msvcp_win.dll
77460000 0011F000 C:\Windows\System32\ucrtbase.dll
775E0000 00197000 C:\Windows\System32\USER32.dll
76EC0000 000F7000 C:\Windows\System32\OLE32.dll
75800000 00275000 C:\Windows\System32\combase.dll
75BC0000 00092000 C:\Windows\System32\OLEAUT32.DLL
74F40000 00024000 C:\Windows\SYSTEM32\WINMM.DLL
74F10000 00023000 C:\Windows\SYSTEM32\WINMMBASE.dll
763C0000 0003B000 C:\Windows\System32\cfgmgr32.dll
6EB40000 00100000 C:\mingw\bin\libgcc_s_dw2-1.dll
74DF0000 0006B000 C:\Windows\SYSTEM32\WINSPOOL.DRV
6FE40000 001F7000 C:\mingw\bin\libstdc++-6.dll
756B0000 0000F000 C:\Windows\System32\kernel.appcore.dll
756C0000 00019000 C:\Windows\System32\bcrypt.dll
74D20000 000C6000 C:\Windows\SYSTEM32\PROPSYS.dll
752E0000 00032000 C:\Windows\SYSTEM32\IPHLPAPI.DLL
756E0000 00084000 C:\Windows\System32\shcore.dll
77B70000 00025000 C:\Windows\System32\IMM32.DLL

Called from MS_FOR(0)
Called from TESTE(12)
------------------------------------------------------------------------
Application Internal Error - C:\sci\linux\prg.utils\api.exe
Terminated at: 2020-06-02 18:24:11
Unrecoverable error 6005: Exception error:

    Exception Code:C0000005 ACCESS_VIOLATION
    Exception Address:77CAC5D7
    EAX:00000000  EBX:01607150  ECX:0165AFB8  EDX:00100000
    ESI:01606FB8  EDI:01600000  EBP:009FFBD4
    CS:EIP:0023:77CAC5D7  SS:ESP:002B:009FFA8C
    DS:002B  ES:002B  FS:0053  GS:002B
    Flags:00010246
    Exception Parameters: 00000000 0165AFBA
    CS:EIP: 32 41 02 A8 01 0F 84 00 02 00 00 8B 55 E4 0F B7
    SS:ESP: 185BF21D 01600000 00000190 009FFC70 005FEE1C 005E5FFC 00000011 01606F68 110000A2 FFFFFFEF D90001D8 00000009 016004C6 00000003 005FEC8C 00000006

    C stack:
    EIP:     EBP:       Frame: OldEBP, RetAddr, Params...
    77CAC5D7 009FFBD4   009FFC68 77CAB0CF 00000190 00000198 01600370 009FFC44 005E5E9C 01600000 005E0000 00000000
    77CAB0CF 009FFC68   009FFC88 77CAAE8E 00000190 77CAAE8E 00000000 00000000 00000190 005E5A94
    77CAAE8E 009FFC88   009FFCA8 754A7610 01600000 00000000 00000190 005E5E9C 00000064 00000000


Modules:
00A50000 00202000 C:\sci\linux\prg.utils\api.exe
77C70000 0019A000 C:\Windows\SYSTEM32\ntdll.dll
75A80000 000E0000 C:\Windows\System32\KERNEL32.DLL
77780000 001FE000 C:\Windows\System32\KERNELBASE.dll
76660000 00079000 C:\Windows\System32\ADVAPI32.DLL
75460000 000BF000 C:\Windows\System32\msvcrt.dll
77980000 00076000 C:\Windows\System32\sechost.dll
77BA0000 000BB000 C:\Windows\System32\RPCRT4.dll
75440000 00020000 C:\Windows\System32\SspiCli.dll
75430000 0000A000 C:\Windows\System32\CRYPTBASE.dll
75DE0000 0005F000 C:\Windows\System32\bcryptPrimitives.dll
76620000 00021000 C:\Windows\System32\GDI32.dll
757C0000 00017000 C:\Windows\System32\win32u.dll
77A00000 0015A000 C:\Windows\System32\gdi32full.dll
76400000 0007C000 C:\Windows\System32\msvcp_win.dll
77460000 0011F000 C:\Windows\System32\ucrtbase.dll
775E0000 00197000 C:\Windows\System32\USER32.dll
76EC0000 000F7000 C:\Windows\System32\OLE32.dll
75800000 00275000 C:\Windows\System32\combase.dll
75BC0000 00092000 C:\Windows\System32\OLEAUT32.DLL
74F40000 00024000 C:\Windows\SYSTEM32\WINMM.DLL
74DF0000 0006B000 C:\Windows\SYSTEM32\WINSPOOL.DRV
756B0000 0000F000 C:\Windows\System32\kernel.appcore.dll
756C0000 00019000 C:\Windows\System32\bcrypt.dll
6EB40000 00100000 C:\mingw\bin\libgcc_s_dw2-1.dll
74F10000 00023000 C:\Windows\SYSTEM32\WINMMBASE.dll
763C0000 0003B000 C:\Windows\System32\cfgmgr32.dll
6FE40000 001F7000 C:\mingw\bin\libstdc++-6.dll
752E0000 00032000 C:\Windows\SYSTEM32\IPHLPAPI.DLL
74D20000 000C6000 C:\Windows\SYSTEM32\PROPSYS.dll
756E0000 00084000 C:\Windows\System32\shcore.dll
77B70000 00025000 C:\Windows\System32\IMM32.DLL

Called from MS_FOR(0)
Called from TESTE(12)
------------------------------------------------------------------------
Application Internal Error - C:\sci\linux\prg.utils\api.exe
Terminated at: 2020-06-02 18:24:21
Unrecoverable error 6005: Exception error:

    Exception Code:C0000005 ACCESS_VIOLATION
    Exception Address:77CAFAB0
    EAX:01AED7BF  EBX:0000ED00  ECX:01A77000  EDX:01A76FB8
    ESI:01A70000  EDI:01A70000  EBP:0103F50C
    CS:EIP:0023:77CAFAB0  SS:ESP:002B:0103F4C8
    DS:002B  ES:002B  FS:0053  GS:002B
    Flags:00010202
    Exception Parameters: 00000000 01AED7BF
    CS:EIP: 80 38 03 0F 84 BA 01 00 00 83 64 24 20 00 66 8B
    SS:ESP: 01A70000 01A76FB8 01A77128 00000001 01223674 01A76FB8 77D0E26E 77C92D00 C0000018 01A70000 00000000 00076000 01A70000 00076000 01AED7BF 0103F664

    C stack:
    EIP:     EBP:       Frame: OldEBP, RetAddr, Params...
    77CAFAB0 0103F50C   0103F664 77CAC2BA 0000ED00 00000001 C43D5A6B 01A70000 00000190 0103F700 00BFAC14 00BF5FFC
    77CAC2BA 0103F664   0103F6F8 77CAB0CF 00000190 00000198 01A70370 0103F6D4 00BF5E9C 01A70000 00BF0000 00000000
    77CAB0CF 0103F6F8   0103F718 77CAAE8E 00000190 77CAAE8E 00000000 00000000 00000190 00BF5A94
    77CAAE8E 0103F718   0103F738 754A7610 01A70000 00000000 00000190 00BF5E9C 00000064 00000000


Modules:
006A0000 00202000 C:\sci\linux\prg.utils\api.exe
77C70000 0019A000 C:\Windows\SYSTEM32\ntdll.dll
75A80000 000E0000 C:\Windows\System32\KERNEL32.DLL
77780000 001FE000 C:\Windows\System32\KERNELBASE.dll
76660000 00079000 C:\Windows\System32\ADVAPI32.DLL
75460000 000BF000 C:\Windows\System32\msvcrt.dll
77980000 00076000 C:\Windows\System32\sechost.dll
77BA0000 000BB000 C:\Windows\System32\RPCRT4.dll
75440000 00020000 C:\Windows\System32\SspiCli.dll
75430000 0000A000 C:\Windows\System32\CRYPTBASE.dll
75DE0000 0005F000 C:\Windows\System32\bcryptPrimitives.dll
76620000 00021000 C:\Windows\System32\GDI32.dll
757C0000 00017000 C:\Windows\System32\win32u.dll
77A00000 0015A000 C:\Windows\System32\gdi32full.dll
76400000 0007C000 C:\Windows\System32\msvcp_win.dll
77460000 0011F000 C:\Windows\System32\ucrtbase.dll
775E0000 00197000 C:\Windows\System32\USER32.dll
76EC0000 000F7000 C:\Windows\System32\OLE32.dll
75800000 00275000 C:\Windows\System32\combase.dll
75BC0000 00092000 C:\Windows\System32\OLEAUT32.DLL
74F40000 00024000 C:\Windows\SYSTEM32\WINMM.DLL
74DF0000 0006B000 C:\Windows\SYSTEM32\WINSPOOL.DRV
756B0000 0000F000 C:\Windows\System32\kernel.appcore.dll
756C0000 00019000 C:\Windows\System32\bcrypt.dll
6EB40000 00100000 C:\mingw\bin\libgcc_s_dw2-1.dll
74F10000 00023000 C:\Windows\SYSTEM32\winmmbase.dll
763C0000 0003B000 C:\Windows\System32\cfgmgr32.dll
6FE40000 001F7000 C:\mingw\bin\libstdc++-6.dll
752E0000 00032000 C:\Windows\SYSTEM32\IPHLPAPI.DLL
74D20000 000C6000 C:\Windows\SYSTEM32\PROPSYS.dll
756E0000 00084000 C:\Windows\System32\shcore.dll
77B70000 00025000 C:\Windows\System32\IMM32.DLL

Called from MS_FOR(0)
Called from TESTE(12)
------------------------------------------------------------------------
Application Internal Error - C:\sci\linux\prg.utils\api.exe
Terminated at: 2020-06-02 18:24:49
Unrecoverable error 6005: Exception error:

    Exception Code:C0000005 ACCESS_VIOLATION
    Exception Address:006A2EF9
    EAX:00000000  EBX:00000064  ECX:7563F364  EDX:00000000
    ESI:00000000  EDI:00B45E9C  EBP:00B45A94
    CS:EIP:0023:006A2EF9  SS:ESP:002B:00FFF540
    DS:002B  ES:002B  FS:0053  GS:002B
    Flags:00010246
    Exception Parameters: 00000001 00000064
    CS:EIP: C6 04 1E 00 31 C0 90 83 C0 01 39 C3 73 F9 89 34
    SS:ESP: 00000190 0000001A 00FFF5CC 006CEE08 00B45EDC 00000000 0084411A 00000001 0084411B 00000002 0084411C 00000000 00FFF660 00B45DBC 00B45A78 00010001

    C stack:
    EIP:     EBP:       Frame: OldEBP, RetAddr, Params...
    006A2EF9 00B45A94   00B45E9C 00B45EBC 00B45EDC 00B45EFC 00B45F1C 00B45F3C 00B45F5C 00B45F7C 00B45F9C 00B45FBC


Modules:
006A0000 00202000 C:\sci\linux\prg.utils\api.exe
77C70000 0019A000 C:\Windows\SYSTEM32\ntdll.dll
75A80000 000E0000 C:\Windows\System32\KERNEL32.DLL
77780000 001FE000 C:\Windows\System32\KERNELBASE.dll
76660000 00079000 C:\Windows\System32\ADVAPI32.DLL
75460000 000BF000 C:\Windows\System32\msvcrt.dll
77980000 00076000 C:\Windows\System32\sechost.dll
77BA0000 000BB000 C:\Windows\System32\RPCRT4.dll
75440000 00020000 C:\Windows\System32\SspiCli.dll
75430000 0000A000 C:\Windows\System32\CRYPTBASE.dll
75DE0000 0005F000 C:\Windows\System32\bcryptPrimitives.dll
76620000 00021000 C:\Windows\System32\GDI32.dll
757C0000 00017000 C:\Windows\System32\win32u.dll
77A00000 0015A000 C:\Windows\System32\gdi32full.dll
76400000 0007C000 C:\Windows\System32\msvcp_win.dll
77460000 0011F000 C:\Windows\System32\ucrtbase.dll
775E0000 00197000 C:\Windows\System32\USER32.dll
76EC0000 000F7000 C:\Windows\System32\OLE32.dll
75800000 00275000 C:\Windows\System32\combase.dll
75BC0000 00092000 C:\Windows\System32\OLEAUT32.DLL
74F40000 00024000 C:\Windows\SYSTEM32\WINMM.DLL
74DF0000 0006B000 C:\Windows\SYSTEM32\WINSPOOL.DRV
756B0000 0000F000 C:\Windows\System32\kernel.appcore.dll
756C0000 00019000 C:\Windows\System32\bcrypt.dll
74F10000 00023000 C:\Windows\SYSTEM32\WINMMBASE.dll
763C0000 0003B000 C:\Windows\System32\cfgmgr32.dll
6EB40000 00100000 C:\mingw\bin\libgcc_s_dw2-1.dll
752E0000 00032000 C:\Windows\SYSTEM32\IPHLPAPI.DLL
74D20000 000C6000 C:\Windows\SYSTEM32\PROPSYS.dll
6FE40000 001F7000 C:\mingw\bin\libstdc++-6.dll
756E0000 00084000 C:\Windows\System32\shcore.dll
77B70000 00025000 C:\Windows\System32\IMM32.DLL

Called from MS_FOR(0)
Called from TESTE(12)
------------------------------------------------------------------------
Application Internal Error - C:\sci\linux\prg.utils\api.exe
Terminated at: 2020-06-02 18:25:19
Unrecoverable error 6005: Exception error:

    Exception Code:C0000005 ACCESS_VIOLATION
    Exception Address:006A4CF3
    EAX:00000000  EBX:00010001  ECX:36DF8001  EDX:00000013
    ESI:005EAC0C  EDI:00000000  EBP:00000013
    CS:EIP:0023:006A4CF3  SS:ESP:002B:00DFFB40
    DS:002B  ES:002B  FS:0053  GS:002B
    Flags:00010246
    Exception Parameters: 00000001 00000013
    CS:EIP: C6 02 00 85 ED 74 45 31 DB EB 10 66 90 80 7C 1E
    SS:ESP: 0000004C 00000020 00000064 005E5EDC 00000013 005EAC08 005EAC0C 006C6FE1 005EAC0C 008291B6 0000000E 00000000 00DFFC60 005E5DBC 00000014 00010001

    C stack:
    EIP:     EBP:       Frame: OldEBP, RetAddr, Params...

Modules:
006A0000 00202000 C:\sci\linux\prg.utils\api.exe
77C70000 0019A000 C:\Windows\SYSTEM32\ntdll.dll
75A80000 000E0000 C:\Windows\System32\KERNEL32.DLL
77780000 001FE000 C:\Windows\System32\KERNELBASE.dll
76660000 00079000 C:\Windows\System32\ADVAPI32.DLL
75460000 000BF000 C:\Windows\System32\msvcrt.dll
77980000 00076000 C:\Windows\System32\sechost.dll
77BA0000 000BB000 C:\Windows\System32\RPCRT4.dll
75440000 00020000 C:\Windows\System32\SspiCli.dll
75430000 0000A000 C:\Windows\System32\CRYPTBASE.dll
75DE0000 0005F000 C:\Windows\System32\bcryptPrimitives.dll
76620000 00021000 C:\Windows\System32\GDI32.dll
757C0000 00017000 C:\Windows\System32\win32u.dll
77A00000 0015A000 C:\Windows\System32\gdi32full.dll
76400000 0007C000 C:\Windows\System32\msvcp_win.dll
77460000 0011F000 C:\Windows\System32\ucrtbase.dll
775E0000 00197000 C:\Windows\System32\USER32.dll
76EC0000 000F7000 C:\Windows\System32\OLE32.dll
75800000 00275000 C:\Windows\System32\combase.dll
75BC0000 00092000 C:\Windows\System32\OLEAUT32.DLL
74F40000 00024000 C:\Windows\SYSTEM32\WINMM.DLL
74DF0000 0006B000 C:\Windows\SYSTEM32\WINSPOOL.DRV
756B0000 0000F000 C:\Windows\System32\kernel.appcore.dll
756C0000 00019000 C:\Windows\System32\bcrypt.dll
6EB40000 00100000 C:\mingw\bin\libgcc_s_dw2-1.dll
74F10000 00023000 C:\Windows\SYSTEM32\WINMMBASE.dll
6FE40000 001F7000 C:\mingw\bin\libstdc++-6.dll
763C0000 0003B000 C:\Windows\System32\cfgmgr32.dll
752E0000 00032000 C:\Windows\SYSTEM32\IPHLPAPI.DLL
74D20000 000C6000 C:\Windows\SYSTEM32\PROPSYS.dll
756E0000 00084000 C:\Windows\System32\shcore.dll
77B70000 00025000 C:\Windows\System32\IMM32.DLL

Called from CAPITALIZE(0)
Called from TESTE(13)
------------------------------------------------------------------------
Application Internal Error - C:\sci\linux\prg.utils\api.exe
Terminated at: 2020-06-02 18:25:26
Unrecoverable error 6005: Exception error:

    Exception Code:C0000005 ACCESS_VIOLATION
    Exception Address:77CAFAB0
    EAX:0156CF1F  EBX:0000EC00  ECX:014F7000  EDX:014F6F18
    ESI:014F0000  EDI:014F0000  EBP:00AAFACC
    CS:EIP:0023:77CAFAB0  SS:ESP:002B:00AAFA88
    DS:002B  ES:002B  FS:0053  GS:002B
    Flags:00010202
    Exception Parameters: 00000000 0156CF1F
    CS:EIP: 80 38 03 0F 84 BA 01 00 00 83 64 24 20 00 66 8B
    SS:ESP: 014F0000 014F6F18 014F7088 00000001 00AC349C 014F6F18 77D0E26E 77C92D00 C0000018 014F0000 00000000 00075000 014F0000 00075000 0156CF1F 00AAFC24

    C stack:
    EIP:     EBP:       Frame: OldEBP, RetAddr, Params...
    77CAFAB0 00AAFACC   00AAFC24 77CAC2BA 0000EC00 00000001 643552F1 014F0000 00000190 00AAFCC0 0068A70C 00685FFC
    77CAC2BA 00AAFC24   00AAFCB8 77CAB0CF 00000190 00000198 014F0370 00AAFC94 00685E9C 014F0000 00680000 00000000
    77CAB0CF 00AAFCB8   00AAFCD8 77CAAE8E 00000190 77CAAE8E 00000000 00000000 00000190 00685A94
    77CAAE8E 00AAFCD8   00AAFCF8 754A7610 014F0000 00000000 00000190 00685E9C 00000064 00000000


Modules:
006A0000 00202000 C:\sci\linux\prg.utils\api.exe
77C70000 0019A000 C:\Windows\SYSTEM32\ntdll.dll
75A80000 000E0000 C:\Windows\System32\KERNEL32.DLL
77780000 001FE000 C:\Windows\System32\KERNELBASE.dll
76660000 00079000 C:\Windows\System32\ADVAPI32.DLL
75460000 000BF000 C:\Windows\System32\msvcrt.dll
77980000 00076000 C:\Windows\System32\sechost.dll
77BA0000 000BB000 C:\Windows\System32\RPCRT4.dll
75440000 00020000 C:\Windows\System32\SspiCli.dll
75430000 0000A000 C:\Windows\System32\CRYPTBASE.dll
75DE0000 0005F000 C:\Windows\System32\bcryptPrimitives.dll
76620000 00021000 C:\Windows\System32\GDI32.dll
757C0000 00017000 C:\Windows\System32\win32u.dll
77A00000 0015A000 C:\Windows\System32\gdi32full.dll
76400000 0007C000 C:\Windows\System32\msvcp_win.dll
77460000 0011F000 C:\Windows\System32\ucrtbase.dll
775E0000 00197000 C:\Windows\System32\USER32.dll
76EC0000 000F7000 C:\Windows\System32\OLE32.dll
75800000 00275000 C:\Windows\System32\combase.dll
75BC0000 00092000 C:\Windows\System32\OLEAUT32.DLL
74DF0000 0006B000 C:\Windows\SYSTEM32\WINSPOOL.DRV
756B0000 0000F000 C:\Windows\System32\kernel.appcore.dll
74F40000 00024000 C:\Windows\SYSTEM32\WINMM.DLL
756C0000 00019000 C:\Windows\System32\bcrypt.dll
74D20000 000C6000 C:\Windows\SYSTEM32\PROPSYS.dll
6EB40000 00100000 C:\mingw\bin\libgcc_s_dw2-1.dll
756E0000 00084000 C:\Windows\System32\shcore.dll
6FE40000 001F7000 C:\mingw\bin\libstdc++-6.dll
752E0000 00032000 C:\Windows\SYSTEM32\IPHLPAPI.DLL
74F10000 00023000 C:\Windows\SYSTEM32\winmmbase.dll
763C0000 0003B000 C:\Windows\System32\cfgmgr32.dll
77B70000 00025000 C:\Windows\System32\IMM32.DLL

Called from MS_FOR(0)
Called from TESTE(12)
------------------------------------------------------------------------
Application Internal Error - C:\sci\linux\prg.utils\api.exe
Terminated at: 2020-06-02 18:25:35
Unrecoverable error 6005: Exception error:

    Exception Code:C0000005 ACCESS_VIOLATION
    Exception Address:77CAFAB0
    EAX:01ED371F  EBX:00003900  ECX:01EB7000  EDX:01EB6F18
    ESI:01EB0000  EDI:01EB0000  EBP:013FF66C
    CS:EIP:0023:77CAFAB0  SS:ESP:002B:013FF628
    DS:002B  ES:002B  FS:0053  GS:002B
    Flags:00010202
    Exception Parameters: 00000000 01ED371F
    CS:EIP: 80 38 03 0F 84 BA 01 00 00 83 64 24 20 00 66 8B
    SS:ESP: 01EB0000 01EB6F18 01EB7088 00000001 015D349C 01EB6F18 77D0E26E 77C92D00 C0000018 01EB0000 00000000 0001C000 01EB0000 0001C000 01ED371F 013FF7C4

    C stack:
    EIP:     EBP:       Frame: OldEBP, RetAddr, Params...
    77CAFAB0 013FF66C   013FF7C4 77CAC2BA 00003900 00000001 BDFE27A5 01EB0000 00000190 013FF860 00F8A70C 00F85FFC
    77CAC2BA 013FF7C4   013FF858 77CAB0CF 00000190 00000198 01EB0370 013FF834 00F85E9C 01EB0000 00F80000 00000000
    77CAB0CF 013FF858   013FF878 77CAAE8E 00000190 77CAAE8E 00000000 00000000 00000190 00F85A94
    77CAAE8E 013FF878   013FF898 754A7610 01EB0000 00000000 00000190 00F85E9C 00000064 00000000


Modules:
006A0000 00202000 C:\sci\linux\prg.utils\api.exe
77C70000 0019A000 C:\Windows\SYSTEM32\ntdll.dll
75A80000 000E0000 C:\Windows\System32\KERNEL32.DLL
77780000 001FE000 C:\Windows\System32\KERNELBASE.dll
76660000 00079000 C:\Windows\System32\ADVAPI32.DLL
75460000 000BF000 C:\Windows\System32\msvcrt.dll
77980000 00076000 C:\Windows\System32\sechost.dll
77BA0000 000BB000 C:\Windows\System32\RPCRT4.dll
75440000 00020000 C:\Windows\System32\SspiCli.dll
75430000 0000A000 C:\Windows\System32\CRYPTBASE.dll
75DE0000 0005F000 C:\Windows\System32\bcryptPrimitives.dll
76620000 00021000 C:\Windows\System32\GDI32.dll
757C0000 00017000 C:\Windows\System32\win32u.dll
77A00000 0015A000 C:\Windows\System32\gdi32full.dll
76400000 0007C000 C:\Windows\System32\msvcp_win.dll
77460000 0011F000 C:\Windows\System32\ucrtbase.dll
775E0000 00197000 C:\Windows\System32\USER32.dll
76EC0000 000F7000 C:\Windows\System32\OLE32.dll
75800000 00275000 C:\Windows\System32\combase.dll
75BC0000 00092000 C:\Windows\System32\OLEAUT32.DLL
74F40000 00024000 C:\Windows\SYSTEM32\WINMM.DLL
74DF0000 0006B000 C:\Windows\SYSTEM32\WINSPOOL.DRV
74F10000 00023000 C:\Windows\SYSTEM32\WINMMBASE.dll
756B0000 0000F000 C:\Windows\System32\kernel.appcore.dll
763C0000 0003B000 C:\Windows\System32\cfgmgr32.dll
6EB40000 00100000 C:\mingw\bin\libgcc_s_dw2-1.dll
756C0000 00019000 C:\Windows\System32\bcrypt.dll
6FE40000 001F7000 C:\mingw\bin\libstdc++-6.dll
752E0000 00032000 C:\Windows\SYSTEM32\IPHLPAPI.DLL
74D20000 000C6000 C:\Windows\SYSTEM32\PROPSYS.dll
756E0000 00084000 C:\Windows\System32\shcore.dll
77B70000 00025000 C:\Windows\System32\IMM32.DLL

Called from MS_FOR(0)
Called from TESTE(12)
------------------------------------------------------------------------
Application Internal Error - C:\sci\linux\prg.utils\api.exe
Terminated at: 2020-06-02 18:25:38
Unrecoverable error 6005: Exception error:

    Exception Code:C0000005 ACCESS_VIOLATION
    Exception Address:006A2EF9
    EAX:00000000  EBX:00000064  ECX:2243C3F7  EDX:00000000
    ESI:00000000  EDI:00FD5E9C  EBP:00FD5A94
    CS:EIP:0023:006A2EF9  SS:ESP:002B:013FFA10
    DS:002B  ES:002B  FS:0053  GS:002B
    Flags:00010246
    Exception Parameters: 00000001 00000064
    CS:EIP: C6 04 1E 00 31 C0 90 83 C0 01 39 C3 73 F9 89 34
    SS:ESP: 00000190 0000001A 013FFA9C 006CEE08 00FD5EDC 00000000 0084411A 00000001 0084411B 00000002 0084411C 00000000 013FFB30 00FD5DBC 00FD5A78 00010001

    C stack:
    EIP:     EBP:       Frame: OldEBP, RetAddr, Params...
    006A2EF9 00FD5A94   00FD5E9C 00FD5EBC 00FD5EDC 00FD5EFC 00FD5F1C 00FD5F3C 00FD5F5C 00FD5F7C 00FD5F9C 00FD5FBC


Modules:
006A0000 00202000 C:\sci\linux\prg.utils\api.exe
77C70000 0019A000 C:\Windows\SYSTEM32\ntdll.dll
75A80000 000E0000 C:\Windows\System32\KERNEL32.DLL
77780000 001FE000 C:\Windows\System32\KERNELBASE.dll
76660000 00079000 C:\Windows\System32\ADVAPI32.DLL
75460000 000BF000 C:\Windows\System32\msvcrt.dll
77980000 00076000 C:\Windows\System32\sechost.dll
77BA0000 000BB000 C:\Windows\System32\RPCRT4.dll
75440000 00020000 C:\Windows\System32\SspiCli.dll
75430000 0000A000 C:\Windows\System32\CRYPTBASE.dll
75DE0000 0005F000 C:\Windows\System32\bcryptPrimitives.dll
76620000 00021000 C:\Windows\System32\GDI32.dll
757C0000 00017000 C:\Windows\System32\win32u.dll
77A00000 0015A000 C:\Windows\System32\gdi32full.dll
76400000 0007C000 C:\Windows\System32\msvcp_win.dll
77460000 0011F000 C:\Windows\System32\ucrtbase.dll
775E0000 00197000 C:\Windows\System32\USER32.dll
76EC0000 000F7000 C:\Windows\System32\OLE32.dll
75800000 00275000 C:\Windows\System32\combase.dll
75BC0000 00092000 C:\Windows\System32\OLEAUT32.DLL
74F40000 00024000 C:\Windows\SYSTEM32\WINMM.DLL
74DF0000 0006B000 C:\Windows\SYSTEM32\WINSPOOL.DRV
756B0000 0000F000 C:\Windows\System32\kernel.appcore.dll
756C0000 00019000 C:\Windows\System32\bcrypt.dll
6EB40000 00100000 C:\mingw\bin\libgcc_s_dw2-1.dll
74F10000 00023000 C:\Windows\SYSTEM32\WINMMBASE.dll
763C0000 0003B000 C:\Windows\System32\cfgmgr32.dll
6FE40000 001F7000 C:\mingw\bin\libstdc++-6.dll
74D20000 000C6000 C:\Windows\SYSTEM32\PROPSYS.dll
752E0000 00032000 C:\Windows\SYSTEM32\IPHLPAPI.DLL
756E0000 00084000 C:\Windows\System32\shcore.dll
77B70000 00025000 C:\Windows\System32\IMM32.DLL

Called from MS_FOR(0)
Called from TESTE(12)
------------------------------------------------------------------------
Application Internal Error - C:\sci\linux\prg.utils\api.exe
Terminated at: 2020-06-02 18:26:10
Unrecoverable error 6005: Exception error:

    Exception Code:C0000005 ACCESS_VIOLATION
    Exception Address:77CAFAB0
    EAX:01D73F1F  EBX:0000FA00  ECX:01CF7000  EDX:01CF6F18
    ESI:01CF0000  EDI:01CF0000  EBP:013FFACC
    CS:EIP:0023:77CAFAB0  SS:ESP:002B:013FFA88
    DS:002B  ES:002B  FS:0053  GS:002B
    Flags:00010202
    Exception Parameters: 00000000 01D73F1F
    CS:EIP: 80 38 03 0F 84 BA 01 00 00 83 64 24 20 00 66 8B
    SS:ESP: 01CF0000 01CF6F18 01CF7088 00000001 014D349C 01CF6F18 77D0E26E 77C92D00 C0000018 01CF0000 00000000 0007C000 01CF0000 0007C000 01D73F1F 013FFC24

    C stack:
    EIP:     EBP:       Frame: OldEBP, RetAddr, Params...
    77CAFAB0 013FFACC   013FFC24 77CAC2BA 0000FA00 00000001 81CED454 01CF0000 00000190 013FFCC0 00FAA70C 00FA5FFC
    77CAC2BA 013FFC24   013FFCB8 77CAB0CF 00000190 00000198 01CF0370 013FFC94 00FA5E9C 01CF0000 00FA0000 00000000
    77CAB0CF 013FFCB8   013FFCD8 77CAAE8E 00000190 77CAAE8E 00000000 00000000 00000190 00FA5A94
    77CAAE8E 013FFCD8   013FFCF8 754A7610 01CF0000 00000000 00000190 00FA5E9C 00000064 00000000


Modules:
00510000 00202000 C:\sci\linux\prg.utils\api.exe
77C70000 0019A000 C:\Windows\SYSTEM32\ntdll.dll
75A80000 000E0000 C:\Windows\System32\KERNEL32.DLL
77780000 001FE000 C:\Windows\System32\KERNELBASE.dll
76660000 00079000 C:\Windows\System32\ADVAPI32.DLL
75460000 000BF000 C:\Windows\System32\msvcrt.dll
77980000 00076000 C:\Windows\System32\sechost.dll
77BA0000 000BB000 C:\Windows\System32\RPCRT4.dll
75440000 00020000 C:\Windows\System32\SspiCli.dll
75430000 0000A000 C:\Windows\System32\CRYPTBASE.dll
75DE0000 0005F000 C:\Windows\System32\bcryptPrimitives.dll
76620000 00021000 C:\Windows\System32\GDI32.dll
757C0000 00017000 C:\Windows\System32\win32u.dll
77A00000 0015A000 C:\Windows\System32\gdi32full.dll
76400000 0007C000 C:\Windows\System32\msvcp_win.dll
77460000 0011F000 C:\Windows\System32\ucrtbase.dll
775E0000 00197000 C:\Windows\System32\USER32.dll
76EC0000 000F7000 C:\Windows\System32\OLE32.dll
75800000 00275000 C:\Windows\System32\combase.dll
75BC0000 00092000 C:\Windows\System32\OLEAUT32.DLL
74F40000 00024000 C:\Windows\SYSTEM32\WINMM.DLL
74DF0000 0006B000 C:\Windows\SYSTEM32\WINSPOOL.DRV
756B0000 0000F000 C:\Windows\System32\kernel.appcore.dll
756C0000 00019000 C:\Windows\System32\bcrypt.dll
74F10000 00023000 C:\Windows\SYSTEM32\WINMMBASE.dll
763C0000 0003B000 C:\Windows\System32\cfgmgr32.dll
6EB40000 00100000 C:\mingw\bin\libgcc_s_dw2-1.dll
6FE40000 001F7000 C:\mingw\bin\libstdc++-6.dll
752E0000 00032000 C:\Windows\SYSTEM32\IPHLPAPI.DLL
74D20000 000C6000 C:\Windows\SYSTEM32\PROPSYS.dll
756E0000 00084000 C:\Windows\System32\shcore.dll
77B70000 00025000 C:\Windows\System32\IMM32.DLL

Called from MS_FOR(0)
Called from TESTE(12)
------------------------------------------------------------------------
Application Internal Error - C:\sci\linux\prg.utils\api.exe
Terminated at: 2020-06-02 18:26:47
Unrecoverable error 6005: Exception error:

    Exception Code:C0000005 ACCESS_VIOLATION
    Exception Address:00A84CF3
    EAX:00000000  EBX:00010001  ECX:5360A7D1  EDX:00000013
    ESI:0134AFEC  EDI:00000000  EBP:00000013
    CS:EIP:0023:00A84CF3  SS:ESP:002B:011FFB00
    DS:002B  ES:002B  FS:0053  GS:002B
    Flags:00010246
    Exception Parameters: 00000001 00000013
    CS:EIP: C6 02 00 85 ED 74 45 31 DB EB 10 66 90 80 7C 1E
    SS:ESP: 0000004C 00C240DB 011FFB8C 01345EA4 00000013 0134AFE8 0134AFEC 00AA6FE1 0134AFEC 00C091AA 0000000E 00000000 011FFC20 01345DA4 00000014 00010001

    C stack:
    EIP:     EBP:       Frame: OldEBP, RetAddr, Params...

Modules:
00A80000 00202000 C:\sci\linux\prg.utils\api.exe
77C70000 0019A000 C:\Windows\SYSTEM32\ntdll.dll
75A80000 000E0000 C:\Windows\System32\KERNEL32.DLL
77780000 001FE000 C:\Windows\System32\KERNELBASE.dll
76660000 00079000 C:\Windows\System32\ADVAPI32.DLL
75460000 000BF000 C:\Windows\System32\msvcrt.dll
77980000 00076000 C:\Windows\System32\sechost.dll
77BA0000 000BB000 C:\Windows\System32\RPCRT4.dll
75440000 00020000 C:\Windows\System32\SspiCli.dll
75430000 0000A000 C:\Windows\System32\CRYPTBASE.dll
75DE0000 0005F000 C:\Windows\System32\bcryptPrimitives.dll
76620000 00021000 C:\Windows\System32\GDI32.dll
757C0000 00017000 C:\Windows\System32\win32u.dll
77A00000 0015A000 C:\Windows\System32\gdi32full.dll
76400000 0007C000 C:\Windows\System32\msvcp_win.dll
77460000 0011F000 C:\Windows\System32\ucrtbase.dll
775E0000 00197000 C:\Windows\System32\USER32.dll
76EC0000 000F7000 C:\Windows\System32\OLE32.dll
75800000 00275000 C:\Windows\System32\combase.dll
75BC0000 00092000 C:\Windows\System32\OLEAUT32.DLL
74DF0000 0006B000 C:\Windows\SYSTEM32\WINSPOOL.DRV
756B0000 0000F000 C:\Windows\System32\kernel.appcore.dll
74F40000 00024000 C:\Windows\SYSTEM32\WINMM.DLL
756C0000 00019000 C:\Windows\System32\bcrypt.dll
6EB40000 00100000 C:\mingw\bin\libgcc_s_dw2-1.dll
74D20000 000C6000 C:\Windows\SYSTEM32\PROPSYS.dll
6FE40000 001F7000 C:\mingw\bin\libstdc++-6.dll
756E0000 00084000 C:\Windows\System32\shcore.dll
752E0000 00032000 C:\Windows\SYSTEM32\IPHLPAPI.DLL
74F10000 00023000 C:\Windows\SYSTEM32\winmmbase.dll
763C0000 0003B000 C:\Windows\System32\cfgmgr32.dll
77B70000 00025000 C:\Windows\System32\IMM32.DLL

Called from CAPITALIZE(0)
Called from TESTE(13)
------------------------------------------------------------------------
Application Internal Error - C:\sci\linux\prg.utils\api.exe
Terminated at: 2020-06-02 18:28:03
Unrecoverable error 6005: Exception error:

    Exception Code:C0000005 ACCESS_VIOLATION
    Exception Address:77CAFAB0
    EAX:0149A7DF  EBX:00008700  ECX:01458000  EDX:01456FD8
    ESI:01450000  EDI:01450000  EBP:00A3F59C
    CS:EIP:0023:77CAFAB0  SS:ESP:002B:00A3F558
    DS:002B  ES:002B  FS:0053  GS:002B
    Flags:00010202
    Exception Parameters: 00000000 0149A7DF
    CS:EIP: 80 38 03 0F 84 BA 01 00 00 83 64 24 20 00 66 8B
    SS:ESP: 01450000 01456FD8 014572E0 00000001 00BD371C 01456FD8 77D0E26E 77C92D00 C0000018 01450000 00000000 00042000 01450000 00042000 0149A7DF 00A3F6F4

    C stack:
    EIP:     EBP:       Frame: OldEBP, RetAddr, Params...
    77CAFAB0 00A3F59C   00A3F6F4 77CAC2BA 00008700 00000001 DBFABD80 01450000 0000004C 00A3F790 00BAA724 00BA5FFC
    77CAC2BA 00A3F6F4   00A3F788 77CAB0CF 0000004C 00000058 014502D0 00A3F764 00BA5E9C 01450000 00BA0000 00000000
    77CAB0CF 00A3F788   00A3F7A8 77CAAE8E 0000004C 77CAAE8E 00000000 00000000 0000004C 00BAA37C
    77CAAE8E 00A3F7A8   00A3F7C8 754A7610 01450000 00000000 0000004C 00BA5E9C 00010001 00BAA37C


Modules:
003E0000 00202000 C:\sci\linux\prg.utils\api.exe
77C70000 0019A000 C:\Windows\SYSTEM32\ntdll.dll
75A80000 000E0000 C:\Windows\System32\KERNEL32.DLL
77780000 001FE000 C:\Windows\System32\KERNELBASE.dll
76660000 00079000 C:\Windows\System32\ADVAPI32.DLL
75460000 000BF000 C:\Windows\System32\msvcrt.dll
77980000 00076000 C:\Windows\System32\sechost.dll
77BA0000 000BB000 C:\Windows\System32\RPCRT4.dll
75440000 00020000 C:\Windows\System32\SspiCli.dll
75430000 0000A000 C:\Windows\System32\CRYPTBASE.dll
75DE0000 0005F000 C:\Windows\System32\bcryptPrimitives.dll
76620000 00021000 C:\Windows\System32\GDI32.dll
757C0000 00017000 C:\Windows\System32\win32u.dll
77A00000 0015A000 C:\Windows\System32\gdi32full.dll
76400000 0007C000 C:\Windows\System32\msvcp_win.dll
77460000 0011F000 C:\Windows\System32\ucrtbase.dll
775E0000 00197000 C:\Windows\System32\USER32.dll
76EC0000 000F7000 C:\Windows\System32\OLE32.dll
75800000 00275000 C:\Windows\System32\combase.dll
75BC0000 00092000 C:\Windows\System32\OLEAUT32.DLL
74DF0000 0006B000 C:\Windows\SYSTEM32\WINSPOOL.DRV
756B0000 0000F000 C:\Windows\System32\kernel.appcore.dll
756C0000 00019000 C:\Windows\System32\bcrypt.dll
74F40000 00024000 C:\Windows\SYSTEM32\WINMM.DLL
6EB40000 00100000 C:\mingw\bin\libgcc_s_dw2-1.dll
752E0000 00032000 C:\Windows\SYSTEM32\IPHLPAPI.DLL
74D20000 000C6000 C:\Windows\SYSTEM32\PROPSYS.dll
6FE40000 001F7000 C:\mingw\bin\libstdc++-6.dll
756E0000 00084000 C:\Windows\System32\shcore.dll
74F10000 00023000 C:\Windows\SYSTEM32\WINMMBASE.dll
763C0000 0003B000 C:\Windows\System32\cfgmgr32.dll
77B70000 00025000 C:\Windows\System32\IMM32.DLL

Called from CAPITALIZE(0)
Called from TESTE(13)
------------------------------------------------------------------------
Application Internal Error - C:\sci\linux\prg.utils\api.exe
Terminated at: 2020-06-02 18:30:02
Unrecoverable error 6005: Exception error:

    Exception Code:C0000005 ACCESS_VIOLATION
    Exception Address:77CAFAB0
    EAX:014337DF  EBX:0000B900  ECX:013D8000  EDX:013D6FD8
    ESI:013D0000  EDI:013D0000  EBP:00A7FA3C
    CS:EIP:0023:77CAFAB0  SS:ESP:002B:00A7F9F8
    DS:002B  ES:002B  FS:0053  GS:002B
    Flags:00010202
    Exception Parameters: 00000000 014337DF
    CS:EIP: 80 38 03 0F 84 BA 01 00 00 83 64 24 20 00 66 8B
    SS:ESP: 013D0000 013D6FD8 013D7148 00000001 00B3371C 013D6FD8 77D0E26E 77C92D00 C0000018 013D0000 00000000 0005B000 013D0000 0005B000 014337DF 00A7FB94

    C stack:
    EIP:     EBP:       Frame: OldEBP, RetAddr, Params...
    77CAFAB0 00A7FA3C   00A7FB94 77CAC2BA 0000B900 00000001 62A39783 013D0000 00000190 00A7FC30 00AEAC14 00AE5FFC
    77CAC2BA 00A7FB94   00A7FC28 77CAB0CF 00000190 00000198 013D0370 00A7FC04 00AE5E9C 013D0000 00AE0000 00000000
    77CAB0CF 00A7FC28   00A7FC48 77CAAE8E 00000190 77CAAE8E 00000000 00000000 00000190 00AE5A94
    77CAAE8E 00A7FC48   00A7FC68 754A7610 013D0000 00000000 00000190 00AE5E9C 00000064 00000000
    754A7610 00A7FC68   00AE5A94 003E2EDF 00000190 0000001A 00A7FCFC 0040EE08 00AE5EDC 00000000 0058411A 00000001
    003E2EDF 00AE5A94   00AE5E9C 00AE5EBC 00AE5EDC 00AE5EFC 00AE5F1C 00AE5F3C 00AE5F5C 00AE5F7C 00AE5F9C 00AE5FBC


Modules:
003E0000 00202000 C:\sci\linux\prg.utils\api.exe
77C70000 0019A000 C:\Windows\SYSTEM32\ntdll.dll
75A80000 000E0000 C:\Windows\System32\KERNEL32.DLL
77780000 001FE000 C:\Windows\System32\KERNELBASE.dll
76660000 00079000 C:\Windows\System32\ADVAPI32.DLL
75460000 000BF000 C:\Windows\System32\msvcrt.dll
77980000 00076000 C:\Windows\System32\sechost.dll
77BA0000 000BB000 C:\Windows\System32\RPCRT4.dll
75440000 00020000 C:\Windows\System32\SspiCli.dll
75430000 0000A000 C:\Windows\System32\CRYPTBASE.dll
75DE0000 0005F000 C:\Windows\System32\bcryptPrimitives.dll
76620000 00021000 C:\Windows\System32\GDI32.dll
757C0000 00017000 C:\Windows\System32\win32u.dll
77A00000 0015A000 C:\Windows\System32\gdi32full.dll
76400000 0007C000 C:\Windows\System32\msvcp_win.dll
77460000 0011F000 C:\Windows\System32\ucrtbase.dll
775E0000 00197000 C:\Windows\System32\USER32.dll
76EC0000 000F7000 C:\Windows\System32\OLE32.dll
75800000 00275000 C:\Windows\System32\combase.dll
75BC0000 00092000 C:\Windows\System32\OLEAUT32.DLL
74F40000 00024000 C:\Windows\SYSTEM32\WINMM.DLL
74F10000 00023000 C:\Windows\SYSTEM32\WINMMBASE.dll
763C0000 0003B000 C:\Windows\System32\cfgmgr32.dll
6EB40000 00100000 C:\mingw\bin\libgcc_s_dw2-1.dll
6FE40000 001F7000 C:\mingw\bin\libstdc++-6.dll
74DF0000 0006B000 C:\Windows\SYSTEM32\WINSPOOL.DRV
756B0000 0000F000 C:\Windows\System32\kernel.appcore.dll
74D20000 000C6000 C:\Windows\SYSTEM32\PROPSYS.dll
752E0000 00032000 C:\Windows\SYSTEM32\IPHLPAPI.DLL
756E0000 00084000 C:\Windows\System32\shcore.dll
756C0000 00019000 C:\Windows\System32\bcrypt.dll
77B70000 00025000 C:\Windows\System32\IMM32.DLL

Called from MS_FOR(0)
Called from TESTE(12)
------------------------------------------------------------------------
Application Internal Error - C:\sci\linux\prg.utils\api.exe
Terminated at: 2020-06-02 18:30:17
Unrecoverable error 6005: Exception error:

    Exception Code:C0000005 ACCESS_VIOLATION
    Exception Address:77CAFAB0
    EAX:004147DF  EBX:0000DB00  ECX:003A8000  EDX:003A6FD8
    ESI:003A0000  EDI:003A0000  EBP:0083F88C
    CS:EIP:0023:77CAFAB0  SS:ESP:002B:0083F848
    DS:002B  ES:002B  FS:0053  GS:002B
    Flags:00010202
    Exception Parameters: 00000000 004147DF
    CS:EIP: 80 38 03 0F 84 BA 01 00 00 83 64 24 20 00 66 8B
    SS:ESP: 003A0000 003A6FD8 003A7148 00000001 009C371C 003A6FD8 77D0E26E 77C92D00 C0000018 003A0000 00000000 0006C000 003A0000 0006C000 004147DF 0083F9E4

    C stack:
    EIP:     EBP:       Frame: OldEBP, RetAddr, Params...
    77CAFAB0 0083F88C   0083F9E4 77CAC2BA 0000DB00 00000001 6E0025B8 003A0000 00000190 0083FA80 0095BCFC 00955FFC
    77CAC2BA 0083F9E4   0083FA78 77CAB0CF 00000190 00000198 003A0370 0083FA54 00955E9C 003A0000 00950000 00000000
    77CAB0CF 0083FA78   0083FA98 77CAAE8E 00000190 77CAAE8E 00000000 00000000 00000190 00955A94
    77CAAE8E 0083FA98   0083FAB8 754A7610 003A0000 00000000 00000190 00955E9C 00000064 00000000
    754A7610 0083FAB8   00955A94 00DB2EDF 00000190 0000001A 0083FB4C 00DDEE08 00955EDC 00000000 00F5411A 00000001
    00DB2EDF 00955A94   00955E9C 00955EBC 00955EDC 00955EFC 00955F1C 00955F3C 00955F5C 00955F7C 00955F9C 00955FBC


Modules:
00DB0000 00202000 C:\sci\linux\prg.utils\api.exe
77C70000 0019A000 C:\Windows\SYSTEM32\ntdll.dll
75A80000 000E0000 C:\Windows\System32\KERNEL32.DLL
77780000 001FE000 C:\Windows\System32\KERNELBASE.dll
76660000 00079000 C:\Windows\System32\ADVAPI32.DLL
75460000 000BF000 C:\Windows\System32\msvcrt.dll
77980000 00076000 C:\Windows\System32\sechost.dll
77BA0000 000BB000 C:\Windows\System32\RPCRT4.dll
75440000 00020000 C:\Windows\System32\SspiCli.dll
75430000 0000A000 C:\Windows\System32\CRYPTBASE.dll
75DE0000 0005F000 C:\Windows\System32\bcryptPrimitives.dll
76620000 00021000 C:\Windows\System32\GDI32.dll
757C0000 00017000 C:\Windows\System32\win32u.dll
77A00000 0015A000 C:\Windows\System32\gdi32full.dll
76400000 0007C000 C:\Windows\System32\msvcp_win.dll
77460000 0011F000 C:\Windows\System32\ucrtbase.dll
775E0000 00197000 C:\Windows\System32\USER32.dll
76EC0000 000F7000 C:\Windows\System32\OLE32.dll
75800000 00275000 C:\Windows\System32\combase.dll
75BC0000 00092000 C:\Windows\System32\OLEAUT32.DLL
74F40000 00024000 C:\Windows\SYSTEM32\WINMM.DLL
74DF0000 0006B000 C:\Windows\SYSTEM32\WINSPOOL.DRV
756B0000 0000F000 C:\Windows\System32\kernel.appcore.dll
756C0000 00019000 C:\Windows\System32\bcrypt.dll
74F10000 00023000 C:\Windows\SYSTEM32\WINMMBASE.dll
763C0000 0003B000 C:\Windows\System32\cfgmgr32.dll
6EB40000 00100000 C:\mingw\bin\libgcc_s_dw2-1.dll
74D20000 000C6000 C:\Windows\SYSTEM32\PROPSYS.dll
752E0000 00032000 C:\Windows\SYSTEM32\IPHLPAPI.DLL
6FE40000 001F7000 C:\mingw\bin\libstdc++-6.dll
756E0000 00084000 C:\Windows\System32\shcore.dll
77B70000 00025000 C:\Windows\System32\IMM32.DLL

Called from MS_FOR(0)
Called from TESTE(12)
------------------------------------------------------------------------
Application Internal Error - C:\sci\linux\prg.utils\api.exe
Terminated at: 2020-06-02 18:32:18
Unrecoverable error 6005: Exception error:

    Exception Code:C0000005 ACCESS_VIOLATION
    Exception Address:77CAFAB0
    EAX:021CEFDF  EBX:0000B000  ECX:02178000  EDX:02176FD8
    ESI:02170000  EDI:02170000  EBP:015FF86C
    CS:EIP:0023:77CAFAB0  SS:ESP:002B:015FF828
    DS:002B  ES:002B  FS:0053  GS:002B
    Flags:00010202
    Exception Parameters: 00000000 021CEFDF
    CS:EIP: 80 38 03 0F 84 BA 01 00 00 83 64 24 20 00 66 8B
    SS:ESP: 02170000 02176FD8 02177148 00000001 018E371C 02176FD8 77D0E26E 77C92D00 C0000018 02170000 00000000 00056000 02170000 00056000 021CEFDF 015FF9C4

    C stack:
    EIP:     EBP:       Frame: OldEBP, RetAddr, Params...
    77CAFAB0 015FF86C   015FF9C4 77CAC2BA 0000B000 00000001 90F62AE4 02170000 00000190 015FFA60 017BA724 017B5FFC
    77CAC2BA 015FF9C4   015FFA58 77CAB0CF 00000190 00000198 02170370 015FFA34 017B5E9C 02170000 017B0000 00000000
    77CAB0CF 015FFA58   015FFA78 77CAAE8E 00000190 77CAAE8E 00000000 00000000 00000190 017B5A94
    77CAAE8E 015FFA78   015FFA98 754A7610 02170000 00000000 00000190 017B5E9C 00000064 00000000
    754A7610 015FFA98   017B5A94 00F62EDF 00000190 0000001A 015FFB2C 00F8EE08 017B5EDC 00000000 0110411A 00000001
    00F62EDF 017B5A94   017B5E9C 017B5EBC 017B5EDC 017B5EFC 017B5F1C 017B5F3C 017B5F5C 017B5F7C 017B5F9C 017B5FBC


Modules:
00F60000 00202000 C:\sci\linux\prg.utils\api.exe
77C70000 0019A000 C:\Windows\SYSTEM32\ntdll.dll
75A80000 000E0000 C:\Windows\System32\KERNEL32.DLL
77780000 001FE000 C:\Windows\System32\KERNELBASE.dll
76660000 00079000 C:\Windows\System32\ADVAPI32.DLL
75460000 000BF000 C:\Windows\System32\msvcrt.dll
77980000 00076000 C:\Windows\System32\sechost.dll
77BA0000 000BB000 C:\Windows\System32\RPCRT4.dll
75440000 00020000 C:\Windows\System32\SspiCli.dll
75430000 0000A000 C:\Windows\System32\CRYPTBASE.dll
75DE0000 0005F000 C:\Windows\System32\bcryptPrimitives.dll
76620000 00021000 C:\Windows\System32\GDI32.dll
757C0000 00017000 C:\Windows\System32\win32u.dll
77A00000 0015A000 C:\Windows\System32\gdi32full.dll
76400000 0007C000 C:\Windows\System32\msvcp_win.dll
77460000 0011F000 C:\Windows\System32\ucrtbase.dll
775E0000 00197000 C:\Windows\System32\USER32.dll
76EC0000 000F7000 C:\Windows\System32\OLE32.dll
75800000 00275000 C:\Windows\System32\combase.dll
75BC0000 00092000 C:\Windows\System32\OLEAUT32.DLL
74F40000 00024000 C:\Windows\SYSTEM32\WINMM.DLL
74DF0000 0006B000 C:\Windows\SYSTEM32\WINSPOOL.DRV
756B0000 0000F000 C:\Windows\System32\kernel.appcore.dll
74F10000 00023000 C:\Windows\SYSTEM32\WINMMBASE.dll
756C0000 00019000 C:\Windows\System32\bcrypt.dll
763C0000 0003B000 C:\Windows\System32\cfgmgr32.dll
6EB40000 00100000 C:\mingw\bin\libgcc_s_dw2-1.dll
6FE40000 001F7000 C:\mingw\bin\libstdc++-6.dll
752E0000 00032000 C:\Windows\SYSTEM32\IPHLPAPI.DLL
74D20000 000C6000 C:\Windows\SYSTEM32\PROPSYS.dll
756E0000 00084000 C:\Windows\System32\shcore.dll
77B70000 00025000 C:\Windows\System32\IMM32.DLL

Called from MS_FOR(0)
Called from TESTE(12)
------------------------------------------------------------------------
Application Internal Error - C:\sci\linux\prg.utils\api.exe
Terminated at: 2020-06-02 18:40:56
Unrecoverable error 6005: Exception error:

    Exception Code:C0000005 ACCESS_VIOLATION
    Exception Address:77CAC5D7
    EAX:00000000  EBX:016A7170  ECX:01706FD8  EDX:00100000
    ESI:016A6FD8  EDI:016A0000  EBP:00DFFB34
    CS:EIP:0023:77CAC5D7  SS:ESP:002B:00DFF9EC
    DS:002B  ES:002B  FS:0053  GS:002B
    Flags:00010246
    Exception Parameters: 00000000 01706FDA
    CS:EIP: 32 41 02 A8 01 0F 84 00 02 00 00 8B 55 E4 0F B7
    SS:ESP: 496F230F 016A0000 00000190 00DFFBD0 0060F72C 005F5FFC 00000011 016A6F88 1100004E FFFFFFEF D50001D4 00000009 016A04C6 00000003 0060F59C 00000006

    C stack:
    EIP:     EBP:       Frame: OldEBP, RetAddr, Params...
    77CAC5D7 00DFFB34   00DFFBC8 77CAB0CF 00000190 00000198 016A0370 00DFFBA4 005F5E9C 016A0000 005F0000 00000000
    77CAB0CF 00DFFBC8   00DFFBE8 77CAAE8E 00000190 77CAAE8E 00000000 00000000 00000190 005F5A94
    77CAAE8E 00DFFBE8   00DFFC08 754A7610 016A0000 00000000 00000190 005F5E9C 00000064 00000000


Modules:
00700000 00202000 C:\sci\linux\prg.utils\api.exe
77C70000 0019A000 C:\Windows\SYSTEM32\ntdll.dll
75A80000 000E0000 C:\Windows\System32\KERNEL32.DLL
77780000 001FE000 C:\Windows\System32\KERNELBASE.dll
76660000 00079000 C:\Windows\System32\ADVAPI32.DLL
75460000 000BF000 C:\Windows\System32\msvcrt.dll
77980000 00076000 C:\Windows\System32\sechost.dll
77BA0000 000BB000 C:\Windows\System32\RPCRT4.dll
75440000 00020000 C:\Windows\System32\SspiCli.dll
75430000 0000A000 C:\Windows\System32\CRYPTBASE.dll
75DE0000 0005F000 C:\Windows\System32\bcryptPrimitives.dll
76620000 00021000 C:\Windows\System32\GDI32.dll
757C0000 00017000 C:\Windows\System32\win32u.dll
77A00000 0015A000 C:\Windows\System32\gdi32full.dll
76400000 0007C000 C:\Windows\System32\msvcp_win.dll
77460000 0011F000 C:\Windows\System32\ucrtbase.dll
775E0000 00197000 C:\Windows\System32\USER32.dll
76EC0000 000F7000 C:\Windows\System32\OLE32.dll
75800000 00275000 C:\Windows\System32\combase.dll
75BC0000 00092000 C:\Windows\System32\OLEAUT32.DLL
74DF0000 0006B000 C:\Windows\SYSTEM32\WINSPOOL.DRV
756B0000 0000F000 C:\Windows\System32\kernel.appcore.dll
74F40000 00024000 C:\Windows\SYSTEM32\WINMM.DLL
756C0000 00019000 C:\Windows\System32\bcrypt.dll
6EB40000 00100000 C:\mingw\bin\libgcc_s_dw2-1.dll
74D20000 000C6000 C:\Windows\SYSTEM32\PROPSYS.dll
6FE40000 001F7000 C:\mingw\bin\libstdc++-6.dll
752E0000 00032000 C:\Windows\SYSTEM32\IPHLPAPI.DLL
756E0000 00084000 C:\Windows\System32\shcore.dll
74F10000 00023000 C:\Windows\SYSTEM32\WINMMBASE.dll
763C0000 0003B000 C:\Windows\System32\cfgmgr32.dll
77B70000 00025000 C:\Windows\System32\IMM32.DLL

Called from MS_FOR(0)
Called from TESTE(12)
------------------------------------------------------------------------
Application Internal Error - C:\sci\linux\prg.utils\api.exe
Terminated at: 2020-06-02 18:42:48
Unrecoverable error 6005: Exception error:

    Exception Code:C0000005 ACCESS_VIOLATION
    Exception Address:77CAFAB0
    EAX:0171A7DF  EBX:0000E700  ECX:016A8000  EDX:016A6FD8
    ESI:016A0000  EDI:016A0000  EBP:00C7F7BC
    CS:EIP:0023:77CAFAB0  SS:ESP:002B:00C7F778
    DS:002B  ES:002B  FS:0053  GS:002B
    Flags:00010202
    Exception Parameters: 00000000 0171A7DF
    CS:EIP: 80 38 03 0F 84 BA 01 00 00 83 64 24 20 00 66 8B
    SS:ESP: 016A0000 016A6FD8 016A7148 00000001 00D5371C 016A6FD8 77D0E26E 77C92D00 C0000018 016A0000 00000000 00072000 016A0000 00072000 0171A7DF 00C7F914

    C stack:
    EIP:     EBP:       Frame: OldEBP, RetAddr, Params...
    77CAFAB0 00C7F7BC   00C7F914 77CAC2BA 0000E700 00000001 CA932AA1 016A0000 00000190 00C7F9B0 00D2A724 00D25FFC
    77CAC2BA 00C7F914   00C7F9A8 77CAB0CF 00000190 00000198 016A0370 00C7F984 00D25E9C 016A0000 00D20000 00000000
    77CAB0CF 00C7F9A8   00C7F9C8 77CAAE8E 00000190 77CAAE8E 00000000 00000000 00000190 00D25A94
    77CAAE8E 00C7F9C8   00C7F9E8 754A7610 016A0000 00000000 00000190 00D25E9C 00000064 00000000
    754A7610 00C7F9E8   00D25A94 005E2EDF 00000190 0000001A 00C7FA7C 0060EE08 00D25EDC 00000000 0078411A 00000001
    005E2EDF 00D25A94   00D25E9C 00D25EBC 00D25EDC 00D25EFC 00D25F1C 00D25F3C 00D25F5C 00D25F7C 00D25F9C 00D25FBC


Modules:
005E0000 00202000 C:\sci\linux\prg.utils\api.exe
77C70000 0019A000 C:\Windows\SYSTEM32\ntdll.dll
75A80000 000E0000 C:\Windows\System32\KERNEL32.DLL
77780000 001FE000 C:\Windows\System32\KERNELBASE.dll
76660000 00079000 C:\Windows\System32\ADVAPI32.DLL
75460000 000BF000 C:\Windows\System32\msvcrt.dll
77980000 00076000 C:\Windows\System32\sechost.dll
77BA0000 000BB000 C:\Windows\System32\RPCRT4.dll
75440000 00020000 C:\Windows\System32\SspiCli.dll
75430000 0000A000 C:\Windows\System32\CRYPTBASE.dll
75DE0000 0005F000 C:\Windows\System32\bcryptPrimitives.dll
76620000 00021000 C:\Windows\System32\GDI32.dll
757C0000 00017000 C:\Windows\System32\win32u.dll
77A00000 0015A000 C:\Windows\System32\gdi32full.dll
76400000 0007C000 C:\Windows\System32\msvcp_win.dll
77460000 0011F000 C:\Windows\System32\ucrtbase.dll
775E0000 00197000 C:\Windows\System32\USER32.dll
76EC0000 000F7000 C:\Windows\System32\OLE32.dll
75800000 00275000 C:\Windows\System32\combase.dll
75BC0000 00092000 C:\Windows\System32\OLEAUT32.DLL
74F40000 00024000 C:\Windows\SYSTEM32\WINMM.DLL
74DF0000 0006B000 C:\Windows\SYSTEM32\WINSPOOL.DRV
756B0000 0000F000 C:\Windows\System32\kernel.appcore.dll
756C0000 00019000 C:\Windows\System32\bcrypt.dll
74F10000 00023000 C:\Windows\SYSTEM32\WINMMBASE.dll
763C0000 0003B000 C:\Windows\System32\cfgmgr32.dll
6EB40000 00100000 C:\mingw\bin\libgcc_s_dw2-1.dll
752E0000 00032000 C:\Windows\SYSTEM32\IPHLPAPI.DLL
74D20000 000C6000 C:\Windows\SYSTEM32\PROPSYS.dll
756E0000 00084000 C:\Windows\System32\shcore.dll
6FE40000 001F7000 C:\mingw\bin\libstdc++-6.dll
77B70000 00025000 C:\Windows\System32\IMM32.DLL

Called from MS_FOR(0)
Called from MAIN(12)
------------------------------------------------------------------------
