================================================================================
Usuario   : ADMIN
Data      : 12/03/18
Horas     : 08:43:23
SubSystem : BASE
SubCode   : 1132
Variavel  : acesso   matriz
Arquivo   : 
Area      : RECEBIDO
Indice    : Codi + DateToStr( Vcto )
Descricao : Erro de limite
Explanacao: ERRO NAO DOCUMENTADO.
Acao      : IMPRIMA ESTA TELA. E ENTRE EM CONTATO COM O
Acao      : SUPORTE TECNICO ATRAVES DO TEL (69)3451.3085 ou SUPORTE@MACROSOFT.COM.BR
--------------------------------------------------------------------------------
PILHA DE CARGA
                Linha : 010078    Proc : __FUNCAO
                Linha : 000000    Proc : DO
                Linha : 001283    Proc : TRECEPOSI:ACHOICE
                Linha : 000337    Proc : TRECEPOSI:ACHOICE_
                Linha : 009994    Proc : POSIRECEBER
                Linha : 009127    Proc : NEWPOSIRECEBER
                Linha : 000119    Proc : RECELAN
                Linha : 000206    Proc : MAIN
================================================================================
================================================================================
Usuario   : ADMIN
Data      : 12/03/18
Horas     : 11:38:45
SubSystem : BASE
SubCode   : 1132
Variavel  : acesso   matriz
Arquivo   : 
Area      : RECEBIDO
Indice    : Codi + DateToStr( Vcto )
Descricao : Erro de limite
Explanacao: ERRO NAO DOCUMENTADO.
Acao      : IMPRIMA ESTA TELA. E ENTRE EM CONTATO COM O
Acao      : SUPORTE TECNICO ATRAVES DO TEL (69)3451.3085 ou SUPORTE@MACROSOFT.COM.BR
--------------------------------------------------------------------------------
PILHA DE CARGA
                Linha : 001237    Proc : TRECEPOSI:ACHOICE
                Linha : 000337    Proc : TRECEPOSI:ACHOICE_
                Linha : 009994    Proc : POSIRECEBER
                Linha : 009127    Proc : NEWPOSIRECEBER
                Linha : 000119    Proc : RECELAN
                Linha : 000206    Proc : MAIN
================================================================================
================================================================================
Usuario   : ADMIN
Data      : 12/03/18
Horas     : 11:46:34
SubSystem : BASE
SubCode   : 1132
Variavel  : acesso   matriz
Arquivo   : 
Area      : RECEBIDO
Indice    : Codi + DateToStr( Vcto )
Descricao : Erro de limite
Explanacao: ERRO NAO DOCUMENTADO.
Acao      : IMPRIMA ESTA TELA. E ENTRE EM CONTATO COM O
Acao      : SUPORTE TECNICO ATRAVES DO TEL (69)3451.3085 ou SUPORTE@MACROSOFT.COM.BR
--------------------------------------------------------------------------------
PILHA DE CARGA
                Linha : 001237    Proc : TRECEPOSI:ACHOICE
                Linha : 000337    Proc : TRECEPOSI:ACHOICE_
                Linha : 009994    Proc : POSIRECEBER
                Linha : 009127    Proc : NEWPOSIRECEBER
                Linha : 000119    Proc : RECELAN
                Linha : 000206    Proc : MAIN
================================================================================
================================================================================
Usuario   : ADMIN
Data      : 12/03/18
Horas     : 12:01:25
SubSystem : BASE
SubCode   : 1132
Variavel  : acesso   matriz
Arquivo   : 
Area      : RECEBIDO
Indice    : Codi + DateToStr( Vcto )
Descricao : Erro de limite
Explanacao: ERRO NAO DOCUMENTADO.
Acao      : IMPRIMA ESTA TELA. E ENTRE EM CONTATO COM O
Acao      : SUPORTE TECNICO ATRAVES DO TEL (69)3451.3085 ou SUPORTE@MACROSOFT.COM.BR
--------------------------------------------------------------------------------
PILHA DE CARGA
                Linha : 001237    Proc : TRECEPOSI:ACHOICE
                Linha : 000337    Proc : TRECEPOSI:ACHOICE_
                Linha : 009994    Proc : POSIRECEBER
                Linha : 009127    Proc : NEWPOSIRECEBER
                Linha : 000119    Proc : RECELAN
                Linha : 000206    Proc : MAIN
================================================================================
================================================================================
Usuario   : ADMIN
Data      : 12/03/18
Horas     : 12:19:58
SubSystem : BASE
SubCode   : 1132
Variavel  : acesso   matriz
Arquivo   : 
Area      : RECEBIDO
Indice    : Codi + DateToStr( Vcto )
Descricao : Erro de limite
Explanacao: ERRO NAO DOCUMENTADO.
Acao      : IMPRIMA ESTA TELA. E ENTRE EM CONTATO COM O
Acao      : SUPORTE TECNICO ATRAVES DO TEL (69)3451.3085 ou SUPORTE@MACROSOFT.COM.BR
--------------------------------------------------------------------------------
PILHA DE CARGA
                Linha : 001237    Proc : TRECEPOSI:ACHOICE
                Linha : 000337    Proc : TRECEPOSI:ACHOICE_
                Linha : 009994    Proc : POSIRECEBER
                Linha : 009127    Proc : NEWPOSIRECEBER
                Linha : 000119    Proc : RECELAN
                Linha : 000206    Proc : MAIN
================================================================================
================================================================================
Usuario   : ADMIN
Data      : 12/03/18
Horas     : 12:38:14
SubSystem : BASE
SubCode   : 1132
Variavel  : acesso   matriz
Arquivo   : 
Area      : RECEBIDO
Indice    : Codi + DateToStr( Vcto )
Descricao : Erro de limite
Explanacao: ERRO NAO DOCUMENTADO.
Acao      : IMPRIMA ESTA TELA. E ENTRE EM CONTATO COM O
Acao      : SUPORTE TECNICO ATRAVES DO TEL (69)3451.3085 ou SUPORTE@MACROSOFT.COM.BR
--------------------------------------------------------------------------------
PILHA DE CARGA
                Linha : 001237    Proc : TRECEPOSI:ACHOICE
                Linha : 000337    Proc : TRECEPOSI:ACHOICE_
                Linha : 009994    Proc : POSIRECEBER
                Linha : 009127    Proc : NEWPOSIRECEBER
                Linha : 000119    Proc : RECELAN
                Linha : 000206    Proc : MAIN
================================================================================
================================================================================
Usuario   : ADMIN
Data      : 12/03/18
Horas     : 12:54:05
SubSystem : BASE
SubCode   : 1132
Variavel  : acesso   matriz
Arquivo   : 
Area      : RECEBIDO
Indice    : Codi + DateToStr( Vcto )
Descricao : Erro de limite
Explanacao: ERRO NAO DOCUMENTADO.
Acao      : IMPRIMA ESTA TELA. E ENTRE EM CONTATO COM O
Acao      : SUPORTE TECNICO ATRAVES DO TEL (69)3451.3085 ou SUPORTE@MACROSOFT.COM.BR
--------------------------------------------------------------------------------
PILHA DE CARGA
                Linha : 001237    Proc : TRECEPOSI:ACHOICE
                Linha : 000337    Proc : TRECEPOSI:ACHOICE_
                Linha : 009994    Proc : POSIRECEBER
                Linha : 009127    Proc : NEWPOSIRECEBER
                Linha : 000119    Proc : RECELAN
                Linha : 000206    Proc : MAIN
================================================================================
================================================================================
Usuario   : ADMIN
Data      : 12/03/18
Horas     : 13:12:19
SubSystem : BASE
SubCode   : 1132
Variavel  : acesso   matriz
Arquivo   : 
Area      : RECEBIDO
Indice    : Codi + DateToStr( Vcto )
Descricao : Erro de limite
Explanacao: ERRO NAO DOCUMENTADO.
Acao      : IMPRIMA ESTA TELA. E ENTRE EM CONTATO COM O
Acao      : SUPORTE TECNICO ATRAVES DO TEL (69)3451.3085 ou SUPORTE@MACROSOFT.COM.BR
--------------------------------------------------------------------------------
PILHA DE CARGA
                Linha : 001237    Proc : TRECEPOSI:ACHOICE
                Linha : 000337    Proc : TRECEPOSI:ACHOICE_
                Linha : 009994    Proc : POSIRECEBER
                Linha : 009127    Proc : NEWPOSIRECEBER
                Linha : 000119    Proc : RECELAN
                Linha : 000206    Proc : MAIN
================================================================================
================================================================================
Usuario   : ADMIN
Data      : 13/03/18
Horas     : 10:28:03
SubSystem : BASE
SubCode   : 1132
Variavel  : acesso   matriz
Arquivo   : 
Area      : RECEBIDO
Indice    : Codi + DateToStr( Vcto )
Descricao : Erro de limite
Explanacao: ERRO NAO DOCUMENTADO.
Acao      : IMPRIMA ESTA TELA. E ENTRE EM CONTATO COM O
Acao      : SUPORTE TECNICO ATRAVES DO TEL (69)3451.3085 ou SUPORTE@MACROSOFT.COM.BR
--------------------------------------------------------------------------------
PILHA DE CARGA
                Linha : 000974    Proc : TRECEPOSI:ACHOICE
                Linha : 000337    Proc : TRECEPOSI:ACHOICE_
                Linha : 009994    Proc : POSIRECEBER
                Linha : 009127    Proc : NEWPOSIRECEBER
                Linha : 000119    Proc : RECELAN
                Linha : 000206    Proc : MAIN
================================================================================
================================================================================
Usuario   : ADMIN
Data      : 13/03/18
Horas     : 10:42:02
SubSystem : BASE
SubCode   : 1132
Variavel  : acesso   matriz
Arquivo   : 
Area      : RECEBIDO
Indice    : Codi + DateToStr( Vcto )
Descricao : Erro de limite
Explanacao: ERRO NAO DOCUMENTADO.
Acao      : IMPRIMA ESTA TELA. E ENTRE EM CONTATO COM O
Acao      : SUPORTE TECNICO ATRAVES DO TEL (69)3451.3085 ou SUPORTE@MACROSOFT.COM.BR
--------------------------------------------------------------------------------
PILHA DE CARGA
                Linha : 001237    Proc : TRECEPOSI:ACHOICE
                Linha : 000337    Proc : TRECEPOSI:ACHOICE_
                Linha : 009994    Proc : POSIRECEBER
                Linha : 009127    Proc : NEWPOSIRECEBER
                Linha : 000119    Proc : RECELAN
                Linha : 000206    Proc : MAIN
================================================================================
================================================================================
Usuario   : ADMIN
Data      : 13/03/18
Horas     : 13:45:02
SubSystem : BASE
SubCode   : 1132
Variavel  : acesso   matriz
Arquivo   : 
Area      : RECEBIDO
Indice    : Codi + DateToStr( Vcto )
Descricao : Erro de limite
Explanacao: ERRO NAO DOCUMENTADO.
Acao      : IMPRIMA ESTA TELA. E ENTRE EM CONTATO COM O
Acao      : SUPORTE TECNICO ATRAVES DO TEL (69)3451.3085 ou SUPORTE@MACROSOFT.COM.BR
--------------------------------------------------------------------------------
PILHA DE CARGA
                Linha : 010078    Proc : __FUNCAO
                Linha : 000000    Proc : DO
                Linha : 001283    Proc : TRECEPOSI:ACHOICE
                Linha : 000337    Proc : TRECEPOSI:ACHOICE_
                Linha : 009994    Proc : POSIRECEBER
                Linha : 009127    Proc : NEWPOSIRECEBER
                Linha : 000119    Proc : RECELAN
                Linha : 000206    Proc : MAIN
================================================================================
================================================================================
Usuario   : ADMIN
Data      : 14/03/18
Horas     : 22:36:27
SubSystem : BASE
SubCode   : 1081
Variavel  : +
Arquivo   : 
Area      : RECEBIDO
Indice    : Codi + DateToStr( Vcto )
Descricao : Erro nos parƒmetros
Explanacao: ERRO NAO DOCUMENTADO.
Acao      : IMPRIMA ESTA TELA. E ENTRE EM CONTATO COM O
Acao      : SUPORTE TECNICO ATRAVES DO TEL (69)3451.3085 ou SUPORTE@MACROSOFT.COM.BR
--------------------------------------------------------------------------------
PILHA DE CARGA
                Linha : 006922    Proc : PRINT
                Linha : 000353    Proc : TRECEPOSI:PRINTPOSI
                Linha : 000358    Proc : TRECEPOSI:REDRAW_
                Linha : 009990    Proc : POSIRECEBER
                Linha : 009127    Proc : NEWPOSIRECEBER
                Linha : 000119    Proc : RECELAN
                Linha : 000206    Proc : MAIN
================================================================================
================================================================================
Usuario   : ADMIN
Data      : 14/03/18
Horas     : 22:36:47
SubSystem : BASE
SubCode   : 1081
Variavel  : +
Arquivo   : 
Area      : RECEBIDO
Indice    : Codi + DateToStr( Vcto )
Descricao : Erro nos parƒmetros
Explanacao: ERRO NAO DOCUMENTADO.
Acao      : IMPRIMA ESTA TELA. E ENTRE EM CONTATO COM O
Acao      : SUPORTE TECNICO ATRAVES DO TEL (69)3451.3085 ou SUPORTE@MACROSOFT.COM.BR
--------------------------------------------------------------------------------
PILHA DE CARGA
                Linha : 006922    Proc : PRINT
                Linha : 000353    Proc : TRECEPOSI:PRINTPOSI
                Linha : 000358    Proc : TRECEPOSI:REDRAW_
                Linha : 009990    Proc : POSIRECEBER
                Linha : 009127    Proc : NEWPOSIRECEBER
                Linha : 000119    Proc : RECELAN
                Linha : 000206    Proc : MAIN
================================================================================
================================================================================
Usuario   : ADMIN
Data      : 14/03/18
Horas     : 22:57:47
SubSystem : BASE
SubCode   : 1004
Variavel  : TRECEPOSI:AJUSTAGERAL
Arquivo   : 
Area      : RECEBIDO
Indice    : Codi + DateToStr( Vcto )
Descricao : VARIAVEL NAO EXISTE.
Explanacao: A VARIAVEL ESPECIFICADA NAO EXISTE OU NAO E VISIVEL.
Acao      : ENTRE EM CONTATO COM O SUPORTE TECNICO.
Acao      : 
--------------------------------------------------------------------------------
PILHA DE CARGA
                Linha : 000000    Proc : __ERRRT_SBASE
                Linha : 000000    Proc : TRECEPOSI:ERROR
                Linha : 000000    Proc : (b)HBOBJECT
                Linha : 000000    Proc : TRECEPOSI:MSGNOTFOUND
                Linha : 000000    Proc : TRECEPOSI:AJUSTAGERAL
                Linha : 000684    Proc : TRECEPOSI:BARRASOMA
                Linha : 009988    Proc : POSIRECEBER
                Linha : 009127    Proc : NEWPOSIRECEBER
                Linha : 000119    Proc : RECELAN
                Linha : 000206    Proc : MAIN
================================================================================
================================================================================
Usuario   : ADMIN
Data      : 14/03/18
Horas     : 23:05:29
SubSystem : BASE
SubCode   : 1005
Variavel  : TRECEPOSI:_NPRINCIPAL_GEAL
Arquivo   : 
Area      : RECEBIDO
Indice    : Codi + DateToStr( Vcto )
Descricao : Message not found
Explanacao: ERRO NAO DOCUMENTADO.
Acao      : IMPRIMA ESTA TELA. E ENTRE EM CONTATO COM O
Acao      : SUPORTE TECNICO ATRAVES DO TEL (69)3451.3085 ou SUPORTE@MACROSOFT.COM.BR
--------------------------------------------------------------------------------
PILHA DE CARGA
                Linha : 000000    Proc : __ERRRT_SBASE
                Linha : 000000    Proc : TRECEPOSI:ERROR
                Linha : 000000    Proc : (b)HBOBJECT
                Linha : 000000    Proc : TRECEPOSI:MSGNOTFOUND
                Linha : 000000    Proc : TRECEPOSI:_NPRINCIPAL_GEAL
                Linha : 000437    Proc : TRECEPOSI:ZERARGERAL
                Linha : 000546    Proc : TRECEPOSI:BARRASOMA
                Linha : 009988    Proc : POSIRECEBER
                Linha : 009127    Proc : NEWPOSIRECEBER
                Linha : 000119    Proc : RECELAN
                Linha : 000206    Proc : MAIN
================================================================================
