================================================================================
Usuario  1: ADMIN
Data      : 17/08/20
Horas     : 16:11:52
SubSystem : BASE
SubCode   : 1111
Variavel  : LEN
Arquivo   : 
Area      : 
Indice    : 
Descricao : Erro nos parƒmetros
Explanacao: ERRO NAO DOCUMENTADO.
Acao      : IMPRIMA ESTA TELA. E ENTRE EM CONTATO COM O
Acao++    : SUPORTE TECNICO ATRAVES DO TEL (69)3451.3085 ou SUPORTE@MACROSOFT.COM.BR
--------------------------------------------------------------------------------
PILHA DE CARGA
                Linha : 000000    Proc : LEN
                Linha : 005704    Proc : CLS
                Linha : 000726    Proc : TAMBIENTE:LIMPA
                Linha : 001018    Proc : TAMBIENTE:SHOW
                Linha : 000959    Proc : TAMBIENTE:SETAPANO
                Linha : 000483    Proc : MAIN$
================================================================================
